<<<<<<< HEAD
ARM GAS  /tmp/cc0Dz2Xa.s 			page 1
=======
ARM GAS  /tmp/ccNw2iLD.s 			page 1
>>>>>>> 679f4fcaa8fcfa8858edaa85dc6fc99552e35e43


   1              		.syntax unified
   2              		.cpu cortex-m4
   3              		.fpu softvfp
   4              		.eabi_attribute 20, 1
   5              		.eabi_attribute 21, 1
   6              		.eabi_attribute 23, 3
   7              		.eabi_attribute 24, 1
   8              		.eabi_attribute 25, 1
   9              		.eabi_attribute 26, 1
  10              		.eabi_attribute 30, 2
  11              		.eabi_attribute 34, 1
  12              		.eabi_attribute 18, 4
  13              		.thumb
  14              		.file	"chvt.c"
  15              		.text
  16              	.Ltext0:
  17              		.cfi_sections	.debug_frame
  18              		.section	.text._vt_init,"ax",%progbits
  19              		.align	2
  20              		.p2align 4,,15
  21              		.global	_vt_init
  22              		.thumb
  23              		.thumb_func
  24              		.type	_vt_init, %function
  25              	_vt_init:
  26              	.LFB7:
  27              		.file 1 "../../os/kernel/src/chvt.c"
  28              		.loc 1 50 0
  29              		.cfi_startproc
  30              		@ args = 0, pretend = 0, frame = 0
  31              		@ frame_needed = 0, uses_anonymous_args = 0
  32              		@ link register save eliminated.
  33              		.loc 1 52 0
  34 0000 044B     		ldr	r3, .L2
  35              		.loc 1 53 0
  36 0002 4FF0FF31 		mov	r1, #-1
  37              		.loc 1 54 0
  38 0006 0022     		movs	r2, #0
  39              		.loc 1 52 0
  40 0008 5B60     		str	r3, [r3, #4]
  41 000a 1B60     		str	r3, [r3]
  42              		.loc 1 53 0
  43 000c 9960     		str	r1, [r3, #8]
  44              		.loc 1 54 0
  45 000e DA60     		str	r2, [r3, #12]
  46 0010 7047     		bx	lr
  47              	.L3:
  48 0012 00BF     		.align	2
  49              	.L2:
  50 0014 00000000 		.word	.LANCHOR0
  51              		.cfi_endproc
  52              	.LFE7:
  53              		.size	_vt_init, .-_vt_init
  54 0018 AFF30080 		.section	.text.chVTSetI,"ax",%progbits
  54      AFF30080 
  55              		.align	2
  56              		.p2align 4,,15
<<<<<<< HEAD
ARM GAS  /tmp/cc0Dz2Xa.s 			page 2
=======
ARM GAS  /tmp/ccNw2iLD.s 			page 2
>>>>>>> 679f4fcaa8fcfa8858edaa85dc6fc99552e35e43


  57              		.global	chVTSetI
  58              		.thumb
  59              		.thumb_func
  60              		.type	chVTSetI, %function
  61              	chVTSetI:
  62              	.LFB8:
  63              		.loc 1 76 0
  64              		.cfi_startproc
  65              		@ args = 0, pretend = 0, frame = 0
  66              		@ frame_needed = 0, uses_anonymous_args = 0
  67              		@ link register save eliminated.
  68              	.LVL0:
  69 0000 70B4     		push	{r4, r5, r6}
  70              		.cfi_def_cfa_offset 12
  71              		.cfi_offset 4, -12
  72              		.cfi_offset 5, -8
  73              		.cfi_offset 6, -4
  74              		.loc 1 85 0
  75 0002 0C4E     		ldr	r6, .L9
  76 0004 3468     		ldr	r4, [r6]
  77              	.LVL1:
  78              		.loc 1 86 0
  79 0006 A568     		ldr	r5, [r4, #8]
  80              		.loc 1 83 0
  81 0008 0361     		str	r3, [r0, #16]
  82              		.loc 1 86 0
  83 000a A942     		cmp	r1, r5
  84              		.loc 1 84 0
  85 000c C260     		str	r2, [r0, #12]
  86              		.loc 1 86 0
  87 000e 04D9     		bls	.L5
  88              	.L6:
  89              		.loc 1 88 0
  90 0010 2468     		ldr	r4, [r4]
  91              	.LVL2:
  92              		.loc 1 87 0
  93 0012 491B     		subs	r1, r1, r5
  94              	.LVL3:
  95              		.loc 1 86 0
  96 0014 A568     		ldr	r5, [r4, #8]
  97 0016 8D42     		cmp	r5, r1
  98 0018 FAD3     		bcc	.L6
  99              	.L5:
 100              		.loc 1 91 0
 101 001a 6368     		ldr	r3, [r4, #4]
 102              	.LVL4:
 103 001c 4360     		str	r3, [r0, #4]
 104              		.loc 1 94 0
 105 001e B442     		cmp	r4, r6
 106              		.loc 1 91 0
 107 0020 0460     		str	r4, [r0]
 108              		.loc 1 92 0
 109 0022 6060     		str	r0, [r4, #4]
 110 0024 1860     		str	r0, [r3]
 111              		.loc 1 93 0
 112 0026 8160     		str	r1, [r0, #8]
 113              		.loc 1 94 0
<<<<<<< HEAD
ARM GAS  /tmp/cc0Dz2Xa.s 			page 3
=======
ARM GAS  /tmp/ccNw2iLD.s 			page 3
>>>>>>> 679f4fcaa8fcfa8858edaa85dc6fc99552e35e43


 114 0028 02D0     		beq	.L4
 115              		.loc 1 95 0
 116 002a A368     		ldr	r3, [r4, #8]
 117 002c 591A     		subs	r1, r3, r1
 118              	.LVL5:
 119 002e A160     		str	r1, [r4, #8]
 120              	.LVL6:
 121              	.L4:
 122              		.loc 1 96 0
 123 0030 70BC     		pop	{r4, r5, r6}
 124              	.LVL7:
 125 0032 7047     		bx	lr
 126              	.L10:
 127              		.align	2
 128              	.L9:
 129 0034 00000000 		.word	.LANCHOR0
 130              		.cfi_endproc
 131              	.LFE8:
 132              		.size	chVTSetI, .-chVTSetI
 133 0038 AFF30080 		.section	.text.chVTResetI,"ax",%progbits
 133      AFF30080 
 134              		.align	2
 135              		.p2align 4,,15
 136              		.global	chVTResetI
 137              		.thumb
 138              		.thumb_func
 139              		.type	chVTResetI, %function
 140              	chVTResetI:
 141              	.LFB9:
 142              		.loc 1 106 0
 143              		.cfi_startproc
 144              		@ args = 0, pretend = 0, frame = 0
 145              		@ frame_needed = 0, uses_anonymous_args = 0
 146              		@ link register save eliminated.
 147              	.LVL8:
 148              		.loc 1 114 0
 149 0000 074A     		ldr	r2, .L13
 150 0002 0368     		ldr	r3, [r0]
 151 0004 9342     		cmp	r3, r2
 152 0006 03D0     		beq	.L12
 153              		.loc 1 115 0
 154 0008 9968     		ldr	r1, [r3, #8]
 155 000a 8268     		ldr	r2, [r0, #8]
 156 000c 0A44     		add	r2, r2, r1
 157 000e 9A60     		str	r2, [r3, #8]
 158              	.L12:
 159              		.loc 1 116 0
 160 0010 4268     		ldr	r2, [r0, #4]
 161 0012 1360     		str	r3, [r2]
 162              		.loc 1 117 0
 163 0014 0368     		ldr	r3, [r0]
 164              		.loc 1 118 0
 165 0016 0021     		movs	r1, #0
 166              		.loc 1 117 0
 167 0018 5A60     		str	r2, [r3, #4]
 168              		.loc 1 118 0
 169 001a C160     		str	r1, [r0, #12]
<<<<<<< HEAD
ARM GAS  /tmp/cc0Dz2Xa.s 			page 4
=======
ARM GAS  /tmp/ccNw2iLD.s 			page 4
>>>>>>> 679f4fcaa8fcfa8858edaa85dc6fc99552e35e43


 170 001c 7047     		bx	lr
 171              	.L14:
 172 001e 00BF     		.align	2
 173              	.L13:
 174 0020 00000000 		.word	.LANCHOR0
 175              		.cfi_endproc
 176              	.LFE9:
 177              		.size	chVTResetI, .-chVTResetI
 178              		.global	vtlist
 179 0024 AFF30080 		.section	.bss.vtlist,"aw",%nobits
 179      AFF30080 
 179      AFF30080 
 180              		.align	2
 181              		.set	.LANCHOR0,. + 0
 182              		.type	vtlist, %object
 183              		.size	vtlist, 16
 184              	vtlist:
 185 0000 00000000 		.space	16
 185      00000000 
 185      00000000 
 185      00000000 
 186              		.text
 187              	.Letext0:
 188              		.file 2 "/opt/ARM/arm-none-eabi/include/machine/_default_types.h"
 189              		.file 3 "/opt/ARM/arm-none-eabi/include/stdint.h"
 190              		.file 4 "../../os/ports/GCC/ARMCMx/chtypes.h"
 191              		.file 5 "../../os/kernel/include/chvt.h"
 192              		.section	.debug_info,"",%progbits
 193              	.Ldebug_info0:
 194 0000 FF010000 		.4byte	0x1ff
 195 0004 0400     		.2byte	0x4
 196 0006 00000000 		.4byte	.Ldebug_abbrev0
 197 000a 04       		.byte	0x4
 198 000b 01       		.uleb128 0x1
<<<<<<< HEAD
 199 000c 51000000 		.4byte	.LASF28
 200 0010 01       		.byte	0x1
 201 0011 D4010000 		.4byte	.LASF29
=======
 199 000c 56000000 		.4byte	.LASF28
 200 0010 01       		.byte	0x1
 201 0011 D9010000 		.4byte	.LASF29
>>>>>>> 679f4fcaa8fcfa8858edaa85dc6fc99552e35e43
 202 0015 13000000 		.4byte	.LASF30
 203 0019 00000000 		.4byte	.Ldebug_ranges0+0
 204 001d 00000000 		.4byte	0
 205 0021 00000000 		.4byte	.Ldebug_line0
 206 0025 02       		.uleb128 0x2
 207 0026 04       		.byte	0x4
 208 0027 05       		.byte	0x5
 209 0028 696E7400 		.ascii	"int\000"
 210 002c 03       		.uleb128 0x3
 211 002d 04       		.byte	0x4
 212 002e 07       		.byte	0x7
<<<<<<< HEAD
 213 002f 88010000 		.4byte	.LASF0
 214 0033 03       		.uleb128 0x3
 215 0034 01       		.byte	0x1
 216 0035 06       		.byte	0x6
 217 0036 3C020000 		.4byte	.LASF1
 218 003a 03       		.uleb128 0x3
 219 003b 01       		.byte	0x1
 220 003c 08       		.byte	0x8
 221 003d 66010000 		.4byte	.LASF2
ARM GAS  /tmp/cc0Dz2Xa.s 			page 5
=======
 213 002f 8D010000 		.4byte	.LASF0
 214 0033 03       		.uleb128 0x3
 215 0034 01       		.byte	0x1
 216 0035 06       		.byte	0x6
 217 0036 41020000 		.4byte	.LASF1
 218 003a 03       		.uleb128 0x3
 219 003b 01       		.byte	0x1
 220 003c 08       		.byte	0x8
 221 003d 6B010000 		.4byte	.LASF2
ARM GAS  /tmp/ccNw2iLD.s 			page 5
>>>>>>> 679f4fcaa8fcfa8858edaa85dc6fc99552e35e43


 222 0041 03       		.uleb128 0x3
 223 0042 02       		.byte	0x2
 224 0043 05       		.byte	0x5
<<<<<<< HEAD
 225 0044 18020000 		.4byte	.LASF3
 226 0048 03       		.uleb128 0x3
 227 0049 02       		.byte	0x2
 228 004a 07       		.byte	0x7
 229 004b 46010000 		.4byte	.LASF4
 230 004f 03       		.uleb128 0x3
 231 0050 04       		.byte	0x4
 232 0051 05       		.byte	0x5
 233 0052 33020000 		.4byte	.LASF5
 234 0056 04       		.uleb128 0x4
 235 0057 7D010000 		.4byte	.LASF9
=======
 225 0044 1D020000 		.4byte	.LASF3
 226 0048 03       		.uleb128 0x3
 227 0049 02       		.byte	0x2
 228 004a 07       		.byte	0x7
 229 004b 4B010000 		.4byte	.LASF4
 230 004f 03       		.uleb128 0x3
 231 0050 04       		.byte	0x4
 232 0051 05       		.byte	0x5
 233 0052 38020000 		.4byte	.LASF5
 234 0056 04       		.uleb128 0x4
 235 0057 82010000 		.4byte	.LASF9
>>>>>>> 679f4fcaa8fcfa8858edaa85dc6fc99552e35e43
 236 005b 02       		.byte	0x2
 237 005c 38       		.byte	0x38
 238 005d 61000000 		.4byte	0x61
 239 0061 03       		.uleb128 0x3
 240 0062 04       		.byte	0x4
 241 0063 07       		.byte	0x7
<<<<<<< HEAD
 242 0064 34010000 		.4byte	.LASF6
 243 0068 03       		.uleb128 0x3
 244 0069 08       		.byte	0x8
 245 006a 05       		.byte	0x5
 246 006b EF010000 		.4byte	.LASF7
 247 006f 03       		.uleb128 0x3
 248 0070 08       		.byte	0x8
 249 0071 07       		.byte	0x7
 250 0072 95010000 		.4byte	.LASF8
 251 0076 04       		.uleb128 0x4
 252 0077 2A020000 		.4byte	.LASF10
=======
 242 0064 39010000 		.4byte	.LASF6
 243 0068 03       		.uleb128 0x3
 244 0069 08       		.byte	0x8
 245 006a 05       		.byte	0x5
 246 006b F4010000 		.4byte	.LASF7
 247 006f 03       		.uleb128 0x3
 248 0070 08       		.byte	0x8
 249 0071 07       		.byte	0x7
 250 0072 9A010000 		.4byte	.LASF8
 251 0076 04       		.uleb128 0x4
 252 0077 2F020000 		.4byte	.LASF10
>>>>>>> 679f4fcaa8fcfa8858edaa85dc6fc99552e35e43
 253 007b 03       		.byte	0x3
 254 007c 42       		.byte	0x42
 255 007d 56000000 		.4byte	0x56
 256 0081 03       		.uleb128 0x3
 257 0082 01       		.byte	0x1
 258 0083 02       		.byte	0x2
<<<<<<< HEAD
 259 0084 62020000 		.4byte	.LASF11
=======
 259 0084 67020000 		.4byte	.LASF11
>>>>>>> 679f4fcaa8fcfa8858edaa85dc6fc99552e35e43
 260 0088 04       		.uleb128 0x4
 261 0089 09000000 		.4byte	.LASF12
 262 008d 04       		.byte	0x4
 263 008e 35       		.byte	0x35
 264 008f 76000000 		.4byte	0x76
 265 0093 05       		.uleb128 0x5
 266 0094 04       		.byte	0x4
 267 0095 03       		.uleb128 0x3
 268 0096 04       		.byte	0x4
 269 0097 07       		.byte	0x7
<<<<<<< HEAD
 270 0098 C0010000 		.4byte	.LASF13
 271 009c 04       		.uleb128 0x4
 272 009d 2B010000 		.4byte	.LASF14
=======
 270 0098 C5010000 		.4byte	.LASF13
 271 009c 04       		.uleb128 0x4
 272 009d 30010000 		.4byte	.LASF14
>>>>>>> 679f4fcaa8fcfa8858edaa85dc6fc99552e35e43
 273 00a1 05       		.byte	0x5
 274 00a2 58       		.byte	0x58
 275 00a3 A7000000 		.4byte	0xa7
 276 00a7 06       		.uleb128 0x6
 277 00a8 04       		.byte	0x4
 278 00a9 AD000000 		.4byte	0xad
<<<<<<< HEAD
ARM GAS  /tmp/cc0Dz2Xa.s 			page 6
=======
ARM GAS  /tmp/ccNw2iLD.s 			page 6
>>>>>>> 679f4fcaa8fcfa8858edaa85dc6fc99552e35e43


 279 00ad 07       		.uleb128 0x7
 280 00ae B8000000 		.4byte	0xb8
 281 00b2 08       		.uleb128 0x8
 282 00b3 93000000 		.4byte	0x93
 283 00b7 00       		.byte	0
 284 00b8 04       		.uleb128 0x4
<<<<<<< HEAD
 285 00b9 59010000 		.4byte	.LASF15
=======
 285 00b9 5E010000 		.4byte	.LASF15
>>>>>>> 679f4fcaa8fcfa8858edaa85dc6fc99552e35e43
 286 00bd 05       		.byte	0x5
 287 00be 5D       		.byte	0x5d
 288 00bf C3000000 		.4byte	0xc3
 289 00c3 09       		.uleb128 0x9
<<<<<<< HEAD
 290 00c4 59010000 		.4byte	.LASF15
=======
 290 00c4 5E010000 		.4byte	.LASF15
>>>>>>> 679f4fcaa8fcfa8858edaa85dc6fc99552e35e43
 291 00c8 14       		.byte	0x14
 292 00c9 05       		.byte	0x5
 293 00ca 64       		.byte	0x64
 294 00cb 0C010000 		.4byte	0x10c
 295 00cf 0A       		.uleb128 0xa
<<<<<<< HEAD
 296 00d0 4F020000 		.4byte	.LASF16
=======
 296 00d0 54020000 		.4byte	.LASF16
>>>>>>> 679f4fcaa8fcfa8858edaa85dc6fc99552e35e43
 297 00d4 05       		.byte	0x5
 298 00d5 65       		.byte	0x65
 299 00d6 0C010000 		.4byte	0x10c
 300 00da 00       		.byte	0
 301 00db 0A       		.uleb128 0xa
<<<<<<< HEAD
 302 00dc 22020000 		.4byte	.LASF17
=======
 302 00dc 27020000 		.4byte	.LASF17
>>>>>>> 679f4fcaa8fcfa8858edaa85dc6fc99552e35e43
 303 00e0 05       		.byte	0x5
 304 00e1 67       		.byte	0x67
 305 00e2 0C010000 		.4byte	0x10c
 306 00e6 04       		.byte	0x4
 307 00e7 0A       		.uleb128 0xa
<<<<<<< HEAD
 308 00e8 B8010000 		.4byte	.LASF18
=======
 308 00e8 BD010000 		.4byte	.LASF18
>>>>>>> 679f4fcaa8fcfa8858edaa85dc6fc99552e35e43
 309 00ec 05       		.byte	0x5
 310 00ed 69       		.byte	0x69
 311 00ee 88000000 		.4byte	0x88
 312 00f2 08       		.byte	0x8
 313 00f3 0A       		.uleb128 0xa
<<<<<<< HEAD
 314 00f4 FD010000 		.4byte	.LASF19
=======
 314 00f4 02020000 		.4byte	.LASF19
>>>>>>> 679f4fcaa8fcfa8858edaa85dc6fc99552e35e43
 315 00f8 05       		.byte	0x5
 316 00f9 6A       		.byte	0x6a
 317 00fa 9C000000 		.4byte	0x9c
 318 00fe 0C       		.byte	0xc
 319 00ff 0A       		.uleb128 0xa
<<<<<<< HEAD
 320 0100 11020000 		.4byte	.LASF20
=======
 320 0100 16020000 		.4byte	.LASF20
>>>>>>> 679f4fcaa8fcfa8858edaa85dc6fc99552e35e43
 321 0104 05       		.byte	0x5
 322 0105 6C       		.byte	0x6c
 323 0106 93000000 		.4byte	0x93
 324 010a 10       		.byte	0x10
 325 010b 00       		.byte	0
 326 010c 06       		.uleb128 0x6
 327 010d 04       		.byte	0x4
 328 010e B8000000 		.4byte	0xb8
 329 0112 0B       		.uleb128 0xb
 330 0113 10       		.byte	0x10
 331 0114 05       		.byte	0x5
 332 0115 76       		.byte	0x76
 333 0116 4B010000 		.4byte	0x14b
 334 011a 0A       		.uleb128 0xa
<<<<<<< HEAD
 335 011b 4F020000 		.4byte	.LASF16
ARM GAS  /tmp/cc0Dz2Xa.s 			page 7
=======
 335 011b 54020000 		.4byte	.LASF16
ARM GAS  /tmp/ccNw2iLD.s 			page 7
>>>>>>> 679f4fcaa8fcfa8858edaa85dc6fc99552e35e43


 336 011f 05       		.byte	0x5
 337 0120 77       		.byte	0x77
 338 0121 0C010000 		.4byte	0x10c
 339 0125 00       		.byte	0
 340 0126 0A       		.uleb128 0xa
<<<<<<< HEAD
 341 0127 22020000 		.4byte	.LASF17
=======
 341 0127 27020000 		.4byte	.LASF17
>>>>>>> 679f4fcaa8fcfa8858edaa85dc6fc99552e35e43
 342 012b 05       		.byte	0x5
 343 012c 79       		.byte	0x79
 344 012d 0C010000 		.4byte	0x10c
 345 0131 04       		.byte	0x4
 346 0132 0A       		.uleb128 0xa
<<<<<<< HEAD
 347 0133 B8010000 		.4byte	.LASF18
=======
 347 0133 BD010000 		.4byte	.LASF18
>>>>>>> 679f4fcaa8fcfa8858edaa85dc6fc99552e35e43
 348 0137 05       		.byte	0x5
 349 0138 7B       		.byte	0x7b
 350 0139 88000000 		.4byte	0x88
 351 013d 08       		.byte	0x8
 352 013e 0A       		.uleb128 0xa
<<<<<<< HEAD
 353 013f C9010000 		.4byte	.LASF21
=======
 353 013f CE010000 		.4byte	.LASF21
>>>>>>> 679f4fcaa8fcfa8858edaa85dc6fc99552e35e43
 354 0143 05       		.byte	0x5
 355 0144 7C       		.byte	0x7c
 356 0145 4B010000 		.4byte	0x14b
 357 0149 0C       		.byte	0xc
 358 014a 00       		.byte	0
 359 014b 0C       		.uleb128 0xc
 360 014c 88000000 		.4byte	0x88
 361 0150 04       		.uleb128 0x4
<<<<<<< HEAD
 362 0151 48020000 		.4byte	.LASF22
=======
 362 0151 4D020000 		.4byte	.LASF22
>>>>>>> 679f4fcaa8fcfa8858edaa85dc6fc99552e35e43
 363 0155 05       		.byte	0x5
 364 0156 7D       		.byte	0x7d
 365 0157 12010000 		.4byte	0x112
 366 015b 03       		.uleb128 0x3
 367 015c 01       		.byte	0x1
 368 015d 08       		.byte	0x8
<<<<<<< HEAD
 369 015e 0C020000 		.4byte	.LASF23
 370 0162 0D       		.uleb128 0xd
 371 0163 74010000 		.4byte	.LASF31
=======
 369 015e 11020000 		.4byte	.LASF23
 370 0162 0D       		.uleb128 0xd
 371 0163 79010000 		.4byte	.LASF31
>>>>>>> 679f4fcaa8fcfa8858edaa85dc6fc99552e35e43
 372 0167 01       		.byte	0x1
 373 0168 32       		.byte	0x32
 374 0169 00000000 		.4byte	.LFB7
 375 016d 18000000 		.4byte	.LFE7-.LFB7
 376 0171 01       		.uleb128 0x1
 377 0172 9C       		.byte	0x9c
 378 0173 0E       		.uleb128 0xe
 379 0174 00000000 		.4byte	.LASF26
 380 0178 01       		.byte	0x1
 381 0179 4C       		.byte	0x4c
 382 017a 00000000 		.4byte	.LFB8
 383 017e 38000000 		.4byte	.LFE8-.LFB8
 384 0182 01       		.uleb128 0x1
 385 0183 9C       		.byte	0x9c
 386 0184 CE010000 		.4byte	0x1ce
 387 0188 0F       		.uleb128 0xf
 388 0189 76747000 		.ascii	"vtp\000"
 389 018d 01       		.byte	0x1
 390 018e 4C       		.byte	0x4c
 391 018f 0C010000 		.4byte	0x10c
 392 0193 01       		.uleb128 0x1
<<<<<<< HEAD
ARM GAS  /tmp/cc0Dz2Xa.s 			page 8
=======
ARM GAS  /tmp/ccNw2iLD.s 			page 8
>>>>>>> 679f4fcaa8fcfa8858edaa85dc6fc99552e35e43


 393 0194 50       		.byte	0x50
 394 0195 10       		.uleb128 0x10
<<<<<<< HEAD
 395 0196 B3010000 		.4byte	.LASF24
=======
 395 0196 B8010000 		.4byte	.LASF24
>>>>>>> 679f4fcaa8fcfa8858edaa85dc6fc99552e35e43
 396 019a 01       		.byte	0x1
 397 019b 4C       		.byte	0x4c
 398 019c 88000000 		.4byte	0x88
 399 01a0 00000000 		.4byte	.LLST0
 400 01a4 11       		.uleb128 0x11
<<<<<<< HEAD
 401 01a5 05020000 		.4byte	.LASF25
=======
 401 01a5 0A020000 		.4byte	.LASF25
>>>>>>> 679f4fcaa8fcfa8858edaa85dc6fc99552e35e43
 402 01a9 01       		.byte	0x1
 403 01aa 4C       		.byte	0x4c
 404 01ab 9C000000 		.4byte	0x9c
 405 01af 01       		.uleb128 0x1
 406 01b0 52       		.byte	0x52
 407 01b1 12       		.uleb128 0x12
 408 01b2 70617200 		.ascii	"par\000"
 409 01b6 01       		.byte	0x1
 410 01b7 4C       		.byte	0x4c
 411 01b8 93000000 		.4byte	0x93
 412 01bc 2A000000 		.4byte	.LLST1
 413 01c0 13       		.uleb128 0x13
 414 01c1 7000     		.ascii	"p\000"
 415 01c3 01       		.byte	0x1
 416 01c4 4D       		.byte	0x4d
 417 01c5 0C010000 		.4byte	0x10c
 418 01c9 49000000 		.4byte	.LLST2
 419 01cd 00       		.byte	0
 420 01ce 0E       		.uleb128 0xe
<<<<<<< HEAD
 421 01cf 57020000 		.4byte	.LASF27
=======
 421 01cf 5C020000 		.4byte	.LASF27
>>>>>>> 679f4fcaa8fcfa8858edaa85dc6fc99552e35e43
 422 01d3 01       		.byte	0x1
 423 01d4 6A       		.byte	0x6a
 424 01d5 00000000 		.4byte	.LFB9
 425 01d9 24000000 		.4byte	.LFE9-.LFB9
 426 01dd 01       		.uleb128 0x1
 427 01de 9C       		.byte	0x9c
 428 01df F1010000 		.4byte	0x1f1
 429 01e3 0F       		.uleb128 0xf
 430 01e4 76747000 		.ascii	"vtp\000"
 431 01e8 01       		.byte	0x1
 432 01e9 6A       		.byte	0x6a
 433 01ea 0C010000 		.4byte	0x10c
 434 01ee 01       		.uleb128 0x1
 435 01ef 50       		.byte	0x50
 436 01f0 00       		.byte	0
 437 01f1 14       		.uleb128 0x14
<<<<<<< HEAD
 438 01f2 AC010000 		.4byte	.LASF32
=======
 438 01f2 B1010000 		.4byte	.LASF32
>>>>>>> 679f4fcaa8fcfa8858edaa85dc6fc99552e35e43
 439 01f6 01       		.byte	0x1
 440 01f7 2A       		.byte	0x2a
 441 01f8 50010000 		.4byte	0x150
 442 01fc 05       		.uleb128 0x5
 443 01fd 03       		.byte	0x3
 444 01fe 00000000 		.4byte	vtlist
 445 0202 00       		.byte	0
 446              		.section	.debug_abbrev,"",%progbits
 447              	.Ldebug_abbrev0:
 448 0000 01       		.uleb128 0x1
 449 0001 11       		.uleb128 0x11
<<<<<<< HEAD
ARM GAS  /tmp/cc0Dz2Xa.s 			page 9
=======
ARM GAS  /tmp/ccNw2iLD.s 			page 9
>>>>>>> 679f4fcaa8fcfa8858edaa85dc6fc99552e35e43


 450 0002 01       		.byte	0x1
 451 0003 25       		.uleb128 0x25
 452 0004 0E       		.uleb128 0xe
 453 0005 13       		.uleb128 0x13
 454 0006 0B       		.uleb128 0xb
 455 0007 03       		.uleb128 0x3
 456 0008 0E       		.uleb128 0xe
 457 0009 1B       		.uleb128 0x1b
 458 000a 0E       		.uleb128 0xe
 459 000b 55       		.uleb128 0x55
 460 000c 17       		.uleb128 0x17
 461 000d 11       		.uleb128 0x11
 462 000e 01       		.uleb128 0x1
 463 000f 10       		.uleb128 0x10
 464 0010 17       		.uleb128 0x17
 465 0011 00       		.byte	0
 466 0012 00       		.byte	0
 467 0013 02       		.uleb128 0x2
 468 0014 24       		.uleb128 0x24
 469 0015 00       		.byte	0
 470 0016 0B       		.uleb128 0xb
 471 0017 0B       		.uleb128 0xb
 472 0018 3E       		.uleb128 0x3e
 473 0019 0B       		.uleb128 0xb
 474 001a 03       		.uleb128 0x3
 475 001b 08       		.uleb128 0x8
 476 001c 00       		.byte	0
 477 001d 00       		.byte	0
 478 001e 03       		.uleb128 0x3
 479 001f 24       		.uleb128 0x24
 480 0020 00       		.byte	0
 481 0021 0B       		.uleb128 0xb
 482 0022 0B       		.uleb128 0xb
 483 0023 3E       		.uleb128 0x3e
 484 0024 0B       		.uleb128 0xb
 485 0025 03       		.uleb128 0x3
 486 0026 0E       		.uleb128 0xe
 487 0027 00       		.byte	0
 488 0028 00       		.byte	0
 489 0029 04       		.uleb128 0x4
 490 002a 16       		.uleb128 0x16
 491 002b 00       		.byte	0
 492 002c 03       		.uleb128 0x3
 493 002d 0E       		.uleb128 0xe
 494 002e 3A       		.uleb128 0x3a
 495 002f 0B       		.uleb128 0xb
 496 0030 3B       		.uleb128 0x3b
 497 0031 0B       		.uleb128 0xb
 498 0032 49       		.uleb128 0x49
 499 0033 13       		.uleb128 0x13
 500 0034 00       		.byte	0
 501 0035 00       		.byte	0
 502 0036 05       		.uleb128 0x5
 503 0037 0F       		.uleb128 0xf
 504 0038 00       		.byte	0
 505 0039 0B       		.uleb128 0xb
 506 003a 0B       		.uleb128 0xb
<<<<<<< HEAD
ARM GAS  /tmp/cc0Dz2Xa.s 			page 10
=======
ARM GAS  /tmp/ccNw2iLD.s 			page 10
>>>>>>> 679f4fcaa8fcfa8858edaa85dc6fc99552e35e43


 507 003b 00       		.byte	0
 508 003c 00       		.byte	0
 509 003d 06       		.uleb128 0x6
 510 003e 0F       		.uleb128 0xf
 511 003f 00       		.byte	0
 512 0040 0B       		.uleb128 0xb
 513 0041 0B       		.uleb128 0xb
 514 0042 49       		.uleb128 0x49
 515 0043 13       		.uleb128 0x13
 516 0044 00       		.byte	0
 517 0045 00       		.byte	0
 518 0046 07       		.uleb128 0x7
 519 0047 15       		.uleb128 0x15
 520 0048 01       		.byte	0x1
 521 0049 27       		.uleb128 0x27
 522 004a 19       		.uleb128 0x19
 523 004b 01       		.uleb128 0x1
 524 004c 13       		.uleb128 0x13
 525 004d 00       		.byte	0
 526 004e 00       		.byte	0
 527 004f 08       		.uleb128 0x8
 528 0050 05       		.uleb128 0x5
 529 0051 00       		.byte	0
 530 0052 49       		.uleb128 0x49
 531 0053 13       		.uleb128 0x13
 532 0054 00       		.byte	0
 533 0055 00       		.byte	0
 534 0056 09       		.uleb128 0x9
 535 0057 13       		.uleb128 0x13
 536 0058 01       		.byte	0x1
 537 0059 03       		.uleb128 0x3
 538 005a 0E       		.uleb128 0xe
 539 005b 0B       		.uleb128 0xb
 540 005c 0B       		.uleb128 0xb
 541 005d 3A       		.uleb128 0x3a
 542 005e 0B       		.uleb128 0xb
 543 005f 3B       		.uleb128 0x3b
 544 0060 0B       		.uleb128 0xb
 545 0061 01       		.uleb128 0x1
 546 0062 13       		.uleb128 0x13
 547 0063 00       		.byte	0
 548 0064 00       		.byte	0
 549 0065 0A       		.uleb128 0xa
 550 0066 0D       		.uleb128 0xd
 551 0067 00       		.byte	0
 552 0068 03       		.uleb128 0x3
 553 0069 0E       		.uleb128 0xe
 554 006a 3A       		.uleb128 0x3a
 555 006b 0B       		.uleb128 0xb
 556 006c 3B       		.uleb128 0x3b
 557 006d 0B       		.uleb128 0xb
 558 006e 49       		.uleb128 0x49
 559 006f 13       		.uleb128 0x13
 560 0070 38       		.uleb128 0x38
 561 0071 0B       		.uleb128 0xb
 562 0072 00       		.byte	0
 563 0073 00       		.byte	0
<<<<<<< HEAD
ARM GAS  /tmp/cc0Dz2Xa.s 			page 11
=======
ARM GAS  /tmp/ccNw2iLD.s 			page 11
>>>>>>> 679f4fcaa8fcfa8858edaa85dc6fc99552e35e43


 564 0074 0B       		.uleb128 0xb
 565 0075 13       		.uleb128 0x13
 566 0076 01       		.byte	0x1
 567 0077 0B       		.uleb128 0xb
 568 0078 0B       		.uleb128 0xb
 569 0079 3A       		.uleb128 0x3a
 570 007a 0B       		.uleb128 0xb
 571 007b 3B       		.uleb128 0x3b
 572 007c 0B       		.uleb128 0xb
 573 007d 01       		.uleb128 0x1
 574 007e 13       		.uleb128 0x13
 575 007f 00       		.byte	0
 576 0080 00       		.byte	0
 577 0081 0C       		.uleb128 0xc
 578 0082 35       		.uleb128 0x35
 579 0083 00       		.byte	0
 580 0084 49       		.uleb128 0x49
 581 0085 13       		.uleb128 0x13
 582 0086 00       		.byte	0
 583 0087 00       		.byte	0
 584 0088 0D       		.uleb128 0xd
 585 0089 2E       		.uleb128 0x2e
 586 008a 00       		.byte	0
 587 008b 3F       		.uleb128 0x3f
 588 008c 19       		.uleb128 0x19
 589 008d 03       		.uleb128 0x3
 590 008e 0E       		.uleb128 0xe
 591 008f 3A       		.uleb128 0x3a
 592 0090 0B       		.uleb128 0xb
 593 0091 3B       		.uleb128 0x3b
 594 0092 0B       		.uleb128 0xb
 595 0093 27       		.uleb128 0x27
 596 0094 19       		.uleb128 0x19
 597 0095 11       		.uleb128 0x11
 598 0096 01       		.uleb128 0x1
 599 0097 12       		.uleb128 0x12
 600 0098 06       		.uleb128 0x6
 601 0099 40       		.uleb128 0x40
 602 009a 18       		.uleb128 0x18
 603 009b 9742     		.uleb128 0x2117
 604 009d 19       		.uleb128 0x19
 605 009e 00       		.byte	0
 606 009f 00       		.byte	0
 607 00a0 0E       		.uleb128 0xe
 608 00a1 2E       		.uleb128 0x2e
 609 00a2 01       		.byte	0x1
 610 00a3 3F       		.uleb128 0x3f
 611 00a4 19       		.uleb128 0x19
 612 00a5 03       		.uleb128 0x3
 613 00a6 0E       		.uleb128 0xe
 614 00a7 3A       		.uleb128 0x3a
 615 00a8 0B       		.uleb128 0xb
 616 00a9 3B       		.uleb128 0x3b
 617 00aa 0B       		.uleb128 0xb
 618 00ab 27       		.uleb128 0x27
 619 00ac 19       		.uleb128 0x19
 620 00ad 11       		.uleb128 0x11
<<<<<<< HEAD
ARM GAS  /tmp/cc0Dz2Xa.s 			page 12
=======
ARM GAS  /tmp/ccNw2iLD.s 			page 12
>>>>>>> 679f4fcaa8fcfa8858edaa85dc6fc99552e35e43


 621 00ae 01       		.uleb128 0x1
 622 00af 12       		.uleb128 0x12
 623 00b0 06       		.uleb128 0x6
 624 00b1 40       		.uleb128 0x40
 625 00b2 18       		.uleb128 0x18
 626 00b3 9742     		.uleb128 0x2117
 627 00b5 19       		.uleb128 0x19
 628 00b6 01       		.uleb128 0x1
 629 00b7 13       		.uleb128 0x13
 630 00b8 00       		.byte	0
 631 00b9 00       		.byte	0
 632 00ba 0F       		.uleb128 0xf
 633 00bb 05       		.uleb128 0x5
 634 00bc 00       		.byte	0
 635 00bd 03       		.uleb128 0x3
 636 00be 08       		.uleb128 0x8
 637 00bf 3A       		.uleb128 0x3a
 638 00c0 0B       		.uleb128 0xb
 639 00c1 3B       		.uleb128 0x3b
 640 00c2 0B       		.uleb128 0xb
 641 00c3 49       		.uleb128 0x49
 642 00c4 13       		.uleb128 0x13
 643 00c5 02       		.uleb128 0x2
 644 00c6 18       		.uleb128 0x18
 645 00c7 00       		.byte	0
 646 00c8 00       		.byte	0
 647 00c9 10       		.uleb128 0x10
 648 00ca 05       		.uleb128 0x5
 649 00cb 00       		.byte	0
 650 00cc 03       		.uleb128 0x3
 651 00cd 0E       		.uleb128 0xe
 652 00ce 3A       		.uleb128 0x3a
 653 00cf 0B       		.uleb128 0xb
 654 00d0 3B       		.uleb128 0x3b
 655 00d1 0B       		.uleb128 0xb
 656 00d2 49       		.uleb128 0x49
 657 00d3 13       		.uleb128 0x13
 658 00d4 02       		.uleb128 0x2
 659 00d5 17       		.uleb128 0x17
 660 00d6 00       		.byte	0
 661 00d7 00       		.byte	0
 662 00d8 11       		.uleb128 0x11
 663 00d9 05       		.uleb128 0x5
 664 00da 00       		.byte	0
 665 00db 03       		.uleb128 0x3
 666 00dc 0E       		.uleb128 0xe
 667 00dd 3A       		.uleb128 0x3a
 668 00de 0B       		.uleb128 0xb
 669 00df 3B       		.uleb128 0x3b
 670 00e0 0B       		.uleb128 0xb
 671 00e1 49       		.uleb128 0x49
 672 00e2 13       		.uleb128 0x13
 673 00e3 02       		.uleb128 0x2
 674 00e4 18       		.uleb128 0x18
 675 00e5 00       		.byte	0
 676 00e6 00       		.byte	0
 677 00e7 12       		.uleb128 0x12
<<<<<<< HEAD
ARM GAS  /tmp/cc0Dz2Xa.s 			page 13
=======
ARM GAS  /tmp/ccNw2iLD.s 			page 13
>>>>>>> 679f4fcaa8fcfa8858edaa85dc6fc99552e35e43


 678 00e8 05       		.uleb128 0x5
 679 00e9 00       		.byte	0
 680 00ea 03       		.uleb128 0x3
 681 00eb 08       		.uleb128 0x8
 682 00ec 3A       		.uleb128 0x3a
 683 00ed 0B       		.uleb128 0xb
 684 00ee 3B       		.uleb128 0x3b
 685 00ef 0B       		.uleb128 0xb
 686 00f0 49       		.uleb128 0x49
 687 00f1 13       		.uleb128 0x13
 688 00f2 02       		.uleb128 0x2
 689 00f3 17       		.uleb128 0x17
 690 00f4 00       		.byte	0
 691 00f5 00       		.byte	0
 692 00f6 13       		.uleb128 0x13
 693 00f7 34       		.uleb128 0x34
 694 00f8 00       		.byte	0
 695 00f9 03       		.uleb128 0x3
 696 00fa 08       		.uleb128 0x8
 697 00fb 3A       		.uleb128 0x3a
 698 00fc 0B       		.uleb128 0xb
 699 00fd 3B       		.uleb128 0x3b
 700 00fe 0B       		.uleb128 0xb
 701 00ff 49       		.uleb128 0x49
 702 0100 13       		.uleb128 0x13
 703 0101 02       		.uleb128 0x2
 704 0102 17       		.uleb128 0x17
 705 0103 00       		.byte	0
 706 0104 00       		.byte	0
 707 0105 14       		.uleb128 0x14
 708 0106 34       		.uleb128 0x34
 709 0107 00       		.byte	0
 710 0108 03       		.uleb128 0x3
 711 0109 0E       		.uleb128 0xe
 712 010a 3A       		.uleb128 0x3a
 713 010b 0B       		.uleb128 0xb
 714 010c 3B       		.uleb128 0x3b
 715 010d 0B       		.uleb128 0xb
 716 010e 49       		.uleb128 0x49
 717 010f 13       		.uleb128 0x13
 718 0110 3F       		.uleb128 0x3f
 719 0111 19       		.uleb128 0x19
 720 0112 02       		.uleb128 0x2
 721 0113 18       		.uleb128 0x18
 722 0114 00       		.byte	0
 723 0115 00       		.byte	0
 724 0116 00       		.byte	0
 725              		.section	.debug_loc,"",%progbits
 726              	.Ldebug_loc0:
 727              	.LLST0:
 728 0000 00000000 		.4byte	.LVL0
 729 0004 14000000 		.4byte	.LVL3
 730 0008 0100     		.2byte	0x1
 731 000a 51       		.byte	0x51
 732 000b 14000000 		.4byte	.LVL3
 733 000f 2E000000 		.4byte	.LVL5
 734 0013 0100     		.2byte	0x1
<<<<<<< HEAD
ARM GAS  /tmp/cc0Dz2Xa.s 			page 14
=======
ARM GAS  /tmp/ccNw2iLD.s 			page 14
>>>>>>> 679f4fcaa8fcfa8858edaa85dc6fc99552e35e43


 735 0015 51       		.byte	0x51
 736 0016 2E000000 		.4byte	.LVL5
 737 001a 30000000 		.4byte	.LVL6
 738 001e 0200     		.2byte	0x2
 739 0020 70       		.byte	0x70
 740 0021 08       		.sleb128 8
 741 0022 00000000 		.4byte	0
 742 0026 00000000 		.4byte	0
 743              	.LLST1:
 744 002a 00000000 		.4byte	.LVL0
 745 002e 1C000000 		.4byte	.LVL4
 746 0032 0100     		.2byte	0x1
 747 0034 53       		.byte	0x53
 748 0035 1C000000 		.4byte	.LVL4
 749 0039 38000000 		.4byte	.LFE8
 750 003d 0200     		.2byte	0x2
 751 003f 70       		.byte	0x70
 752 0040 10       		.sleb128 16
 753 0041 00000000 		.4byte	0
 754 0045 00000000 		.4byte	0
 755              	.LLST2:
 756 0049 06000000 		.4byte	.LVL1
 757 004d 12000000 		.4byte	.LVL2
 758 0051 0100     		.2byte	0x1
 759 0053 54       		.byte	0x54
 760 0054 14000000 		.4byte	.LVL3
 761 0058 32000000 		.4byte	.LVL7
 762 005c 0100     		.2byte	0x1
 763 005e 54       		.byte	0x54
 764 005f 00000000 		.4byte	0
 765 0063 00000000 		.4byte	0
 766              		.section	.debug_aranges,"",%progbits
 767 0000 2C000000 		.4byte	0x2c
 768 0004 0200     		.2byte	0x2
 769 0006 00000000 		.4byte	.Ldebug_info0
 770 000a 04       		.byte	0x4
 771 000b 00       		.byte	0
 772 000c 0000     		.2byte	0
 773 000e 0000     		.2byte	0
 774 0010 00000000 		.4byte	.LFB7
 775 0014 18000000 		.4byte	.LFE7-.LFB7
 776 0018 00000000 		.4byte	.LFB8
 777 001c 38000000 		.4byte	.LFE8-.LFB8
 778 0020 00000000 		.4byte	.LFB9
 779 0024 24000000 		.4byte	.LFE9-.LFB9
 780 0028 00000000 		.4byte	0
 781 002c 00000000 		.4byte	0
 782              		.section	.debug_ranges,"",%progbits
 783              	.Ldebug_ranges0:
 784 0000 00000000 		.4byte	.LFB7
 785 0004 18000000 		.4byte	.LFE7
 786 0008 00000000 		.4byte	.LFB8
 787 000c 38000000 		.4byte	.LFE8
 788 0010 00000000 		.4byte	.LFB9
 789 0014 24000000 		.4byte	.LFE9
 790 0018 00000000 		.4byte	0
 791 001c 00000000 		.4byte	0
<<<<<<< HEAD
ARM GAS  /tmp/cc0Dz2Xa.s 			page 15
=======
ARM GAS  /tmp/ccNw2iLD.s 			page 15
>>>>>>> 679f4fcaa8fcfa8858edaa85dc6fc99552e35e43


 792              		.section	.debug_line,"",%progbits
 793              	.Ldebug_line0:
 794 0000 35010000 		.section	.debug_str,"MS",%progbits,1
 794      0200E000 
 794      00000201 
 794      FB0E0D00 
 794      01010101 
 795              	.LASF26:
 796 0000 63685654 		.ascii	"chVTSetI\000"
 796      53657449 
 796      00
 797              	.LASF12:
 798 0009 73797374 		.ascii	"systime_t\000"
 798      696D655F 
 798      7400
 799              	.LASF30:
 800 0013 2F686F6D 		.ascii	"/home/makkmarci/devel/ChibiOS_2.6.5/projects/STM32F"
 800      652F6D61 
 800      6B6B6D61 
 800      7263692F 
 800      64657665 
<<<<<<< HEAD
 801 0046 345F4368 		.ascii	"4_ChibiOS/\000"
 801      6962694F 
 801      532F00
 802              	.LASF28:
 803 0051 474E5520 		.ascii	"GNU C 4.8.4 20140526 (release) [ARM/embedded-4_8-br"
=======
 801 0046 345F4368 		.ascii	"4_ChibiOS_uGFX/\000"
 801      6962694F 
 801      535F7547 
 801      46582F00 
 802              	.LASF28:
 803 0056 474E5520 		.ascii	"GNU C 4.8.4 20140526 (release) [ARM/embedded-4_8-br"
>>>>>>> 679f4fcaa8fcfa8858edaa85dc6fc99552e35e43
 803      4320342E 
 803      382E3420 
 803      32303134 
 803      30353236 
<<<<<<< HEAD
 804 0084 616E6368 		.ascii	"anch revision 211358] -mcpu=cortex-m4 -mno-thumb-in"
=======
 804 0089 616E6368 		.ascii	"anch revision 211358] -mcpu=cortex-m4 -mno-thumb-in"
>>>>>>> 679f4fcaa8fcfa8858edaa85dc6fc99552e35e43
 804      20726576 
 804      6973696F 
 804      6E203231 
 804      31333538 
<<<<<<< HEAD
 805 00b7 74657277 		.ascii	"terwork -mthumb -ggdb -O2 -fomit-frame-pointer -fal"
=======
 805 00bc 74657277 		.ascii	"terwork -mthumb -ggdb -O2 -fomit-frame-pointer -fal"
>>>>>>> 679f4fcaa8fcfa8858edaa85dc6fc99552e35e43
 805      6F726B20 
 805      2D6D7468 
 805      756D6220 
 805      2D676764 
<<<<<<< HEAD
 806 00ea 69676E2D 		.ascii	"ign-functions=16 -ffunction-sections -fdata-section"
=======
 806 00ef 69676E2D 		.ascii	"ign-functions=16 -ffunction-sections -fdata-section"
>>>>>>> 679f4fcaa8fcfa8858edaa85dc6fc99552e35e43
 806      66756E63 
 806      74696F6E 
 806      733D3136 
 806      202D6666 
<<<<<<< HEAD
 807 011d 73202D66 		.ascii	"s -fno-common\000"
=======
 807 0122 73202D66 		.ascii	"s -fno-common\000"
>>>>>>> 679f4fcaa8fcfa8858edaa85dc6fc99552e35e43
 807      6E6F2D63 
 807      6F6D6D6F 
 807      6E00
 808              	.LASF14:
<<<<<<< HEAD
 809 012b 76746675 		.ascii	"vtfunc_t\000"
 809      6E635F74 
 809      00
 810              	.LASF6:
 811 0134 6C6F6E67 		.ascii	"long unsigned int\000"
 811      20756E73 
 811      69676E65 
ARM GAS  /tmp/cc0Dz2Xa.s 			page 16


 811      6420696E 
 811      7400
 812              	.LASF4:
 813 0146 73686F72 		.ascii	"short unsigned int\000"
=======
 809 0130 76746675 		.ascii	"vtfunc_t\000"
 809      6E635F74 
 809      00
 810              	.LASF6:
 811 0139 6C6F6E67 		.ascii	"long unsigned int\000"
 811      20756E73 
ARM GAS  /tmp/ccNw2iLD.s 			page 16


 811      69676E65 
 811      6420696E 
 811      7400
 812              	.LASF4:
 813 014b 73686F72 		.ascii	"short unsigned int\000"
>>>>>>> 679f4fcaa8fcfa8858edaa85dc6fc99552e35e43
 813      7420756E 
 813      7369676E 
 813      65642069 
 813      6E7400
 814              	.LASF15:
<<<<<<< HEAD
 815 0159 56697274 		.ascii	"VirtualTimer\000"
=======
 815 015e 56697274 		.ascii	"VirtualTimer\000"
>>>>>>> 679f4fcaa8fcfa8858edaa85dc6fc99552e35e43
 815      75616C54 
 815      696D6572 
 815      00
 816              	.LASF2:
<<<<<<< HEAD
 817 0166 756E7369 		.ascii	"unsigned char\000"
=======
 817 016b 756E7369 		.ascii	"unsigned char\000"
>>>>>>> 679f4fcaa8fcfa8858edaa85dc6fc99552e35e43
 817      676E6564 
 817      20636861 
 817      7200
 818              	.LASF31:
<<<<<<< HEAD
 819 0174 5F76745F 		.ascii	"_vt_init\000"
 819      696E6974 
 819      00
 820              	.LASF9:
 821 017d 5F5F7569 		.ascii	"__uint32_t\000"
 821      6E743332 
 821      5F7400
 822              	.LASF0:
 823 0188 756E7369 		.ascii	"unsigned int\000"
=======
 819 0179 5F76745F 		.ascii	"_vt_init\000"
 819      696E6974 
 819      00
 820              	.LASF9:
 821 0182 5F5F7569 		.ascii	"__uint32_t\000"
 821      6E743332 
 821      5F7400
 822              	.LASF0:
 823 018d 756E7369 		.ascii	"unsigned int\000"
>>>>>>> 679f4fcaa8fcfa8858edaa85dc6fc99552e35e43
 823      676E6564 
 823      20696E74 
 823      00
 824              	.LASF8:
<<<<<<< HEAD
 825 0195 6C6F6E67 		.ascii	"long long unsigned int\000"
=======
 825 019a 6C6F6E67 		.ascii	"long long unsigned int\000"
>>>>>>> 679f4fcaa8fcfa8858edaa85dc6fc99552e35e43
 825      206C6F6E 
 825      6720756E 
 825      7369676E 
 825      65642069 
 826              	.LASF32:
<<<<<<< HEAD
 827 01ac 76746C69 		.ascii	"vtlist\000"
 827      737400
 828              	.LASF24:
 829 01b3 74696D65 		.ascii	"time\000"
 829      00
 830              	.LASF18:
 831 01b8 76745F74 		.ascii	"vt_time\000"
 831      696D6500 
 832              	.LASF13:
 833 01c0 73697A65 		.ascii	"sizetype\000"
 833      74797065 
 833      00
 834              	.LASF21:
 835 01c9 76745F73 		.ascii	"vt_systime\000"
 835      79737469 
 835      6D6500
 836              	.LASF29:
 837 01d4 2E2E2F2E 		.ascii	"../../os/kernel/src/chvt.c\000"
 837      2E2F6F73 
ARM GAS  /tmp/cc0Dz2Xa.s 			page 17


=======
 827 01b1 76746C69 		.ascii	"vtlist\000"
 827      737400
 828              	.LASF24:
 829 01b8 74696D65 		.ascii	"time\000"
 829      00
 830              	.LASF18:
 831 01bd 76745F74 		.ascii	"vt_time\000"
 831      696D6500 
 832              	.LASF13:
 833 01c5 73697A65 		.ascii	"sizetype\000"
 833      74797065 
 833      00
 834              	.LASF21:
 835 01ce 76745F73 		.ascii	"vt_systime\000"
 835      79737469 
 835      6D6500
 836              	.LASF29:
 837 01d9 2E2E2F2E 		.ascii	"../../os/kernel/src/chvt.c\000"
ARM GAS  /tmp/ccNw2iLD.s 			page 17


 837      2E2F6F73 
>>>>>>> 679f4fcaa8fcfa8858edaa85dc6fc99552e35e43
 837      2F6B6572 
 837      6E656C2F 
 837      7372632F 
 838              	.LASF7:
<<<<<<< HEAD
 839 01ef 6C6F6E67 		.ascii	"long long int\000"
=======
 839 01f4 6C6F6E67 		.ascii	"long long int\000"
>>>>>>> 679f4fcaa8fcfa8858edaa85dc6fc99552e35e43
 839      206C6F6E 
 839      6720696E 
 839      7400
 840              	.LASF19:
<<<<<<< HEAD
 841 01fd 76745F66 		.ascii	"vt_func\000"
 841      756E6300 
 842              	.LASF25:
 843 0205 76746675 		.ascii	"vtfunc\000"
 843      6E6300
 844              	.LASF23:
 845 020c 63686172 		.ascii	"char\000"
 845      00
 846              	.LASF20:
 847 0211 76745F70 		.ascii	"vt_par\000"
 847      617200
 848              	.LASF3:
 849 0218 73686F72 		.ascii	"short int\000"
 849      7420696E 
 849      7400
 850              	.LASF17:
 851 0222 76745F70 		.ascii	"vt_prev\000"
 851      72657600 
 852              	.LASF10:
 853 022a 75696E74 		.ascii	"uint32_t\000"
 853      33325F74 
 853      00
 854              	.LASF5:
 855 0233 6C6F6E67 		.ascii	"long int\000"
 855      20696E74 
 855      00
 856              	.LASF1:
 857 023c 7369676E 		.ascii	"signed char\000"
 857      65642063 
 857      68617200 
 858              	.LASF22:
 859 0248 56544C69 		.ascii	"VTList\000"
 859      737400
 860              	.LASF16:
 861 024f 76745F6E 		.ascii	"vt_next\000"
 861      65787400 
 862              	.LASF27:
 863 0257 63685654 		.ascii	"chVTResetI\000"
 863      52657365 
 863      744900
 864              	.LASF11:
 865 0262 5F426F6F 		.ascii	"_Bool\000"
 865      6C00
 866              		.ident	"GCC: (GNU Tools for ARM Embedded Processors) 4.8.4 20140526 (release) [ARM/embedded-4_8-br
ARM GAS  /tmp/cc0Dz2Xa.s 			page 18
=======
 841 0202 76745F66 		.ascii	"vt_func\000"
 841      756E6300 
 842              	.LASF25:
 843 020a 76746675 		.ascii	"vtfunc\000"
 843      6E6300
 844              	.LASF23:
 845 0211 63686172 		.ascii	"char\000"
 845      00
 846              	.LASF20:
 847 0216 76745F70 		.ascii	"vt_par\000"
 847      617200
 848              	.LASF3:
 849 021d 73686F72 		.ascii	"short int\000"
 849      7420696E 
 849      7400
 850              	.LASF17:
 851 0227 76745F70 		.ascii	"vt_prev\000"
 851      72657600 
 852              	.LASF10:
 853 022f 75696E74 		.ascii	"uint32_t\000"
 853      33325F74 
 853      00
 854              	.LASF5:
 855 0238 6C6F6E67 		.ascii	"long int\000"
 855      20696E74 
 855      00
 856              	.LASF1:
 857 0241 7369676E 		.ascii	"signed char\000"
 857      65642063 
 857      68617200 
 858              	.LASF22:
 859 024d 56544C69 		.ascii	"VTList\000"
 859      737400
 860              	.LASF16:
 861 0254 76745F6E 		.ascii	"vt_next\000"
 861      65787400 
 862              	.LASF27:
 863 025c 63685654 		.ascii	"chVTResetI\000"
 863      52657365 
 863      744900
 864              	.LASF11:
 865 0267 5F426F6F 		.ascii	"_Bool\000"
 865      6C00
 866              		.ident	"GCC: (GNU Tools for ARM Embedded Processors) 4.8.4 20140526 (release) [ARM/embedded-4_8-br
ARM GAS  /tmp/ccNw2iLD.s 			page 18
>>>>>>> 679f4fcaa8fcfa8858edaa85dc6fc99552e35e43


DEFINED SYMBOLS
                            *ABS*:00000000 chvt.c
<<<<<<< HEAD
     /tmp/cc0Dz2Xa.s:19     .text._vt_init:00000000 $t
     /tmp/cc0Dz2Xa.s:25     .text._vt_init:00000000 _vt_init
     /tmp/cc0Dz2Xa.s:50     .text._vt_init:00000014 $d
     /tmp/cc0Dz2Xa.s:55     .text.chVTSetI:00000000 $t
     /tmp/cc0Dz2Xa.s:61     .text.chVTSetI:00000000 chVTSetI
     /tmp/cc0Dz2Xa.s:129    .text.chVTSetI:00000034 $d
     /tmp/cc0Dz2Xa.s:134    .text.chVTResetI:00000000 $t
     /tmp/cc0Dz2Xa.s:140    .text.chVTResetI:00000000 chVTResetI
     /tmp/cc0Dz2Xa.s:174    .text.chVTResetI:00000020 $d
     /tmp/cc0Dz2Xa.s:184    .bss.vtlist:00000000 vtlist
     /tmp/cc0Dz2Xa.s:180    .bss.vtlist:00000000 $d
                     .debug_frame:00000010 $d
     /tmp/cc0Dz2Xa.s:54     .text._vt_init:00000018 $t
     /tmp/cc0Dz2Xa.s:133    .text.chVTSetI:00000038 $t
     /tmp/cc0Dz2Xa.s:179    .text.chVTResetI:00000024 $t
=======
     /tmp/ccNw2iLD.s:19     .text._vt_init:00000000 $t
     /tmp/ccNw2iLD.s:25     .text._vt_init:00000000 _vt_init
     /tmp/ccNw2iLD.s:50     .text._vt_init:00000014 $d
     /tmp/ccNw2iLD.s:55     .text.chVTSetI:00000000 $t
     /tmp/ccNw2iLD.s:61     .text.chVTSetI:00000000 chVTSetI
     /tmp/ccNw2iLD.s:129    .text.chVTSetI:00000034 $d
     /tmp/ccNw2iLD.s:134    .text.chVTResetI:00000000 $t
     /tmp/ccNw2iLD.s:140    .text.chVTResetI:00000000 chVTResetI
     /tmp/ccNw2iLD.s:174    .text.chVTResetI:00000020 $d
     /tmp/ccNw2iLD.s:184    .bss.vtlist:00000000 vtlist
     /tmp/ccNw2iLD.s:180    .bss.vtlist:00000000 $d
                     .debug_frame:00000010 $d
     /tmp/ccNw2iLD.s:54     .text._vt_init:00000018 $t
     /tmp/ccNw2iLD.s:133    .text.chVTSetI:00000038 $t
     /tmp/ccNw2iLD.s:179    .text.chVTResetI:00000024 $t
>>>>>>> 679f4fcaa8fcfa8858edaa85dc6fc99552e35e43

NO UNDEFINED SYMBOLS
