ARM GAS  /tmp/cc8NVqzP.s 			page 1


   1              		.syntax unified
   2              		.cpu cortex-m4
   3              		.fpu softvfp
   4              		.eabi_attribute 20, 1
   5              		.eabi_attribute 21, 1
   6              		.eabi_attribute 23, 3
   7              		.eabi_attribute 24, 1
   8              		.eabi_attribute 25, 1
   9              		.eabi_attribute 26, 1
  10              		.eabi_attribute 30, 2
  11              		.eabi_attribute 34, 1
  12              		.eabi_attribute 18, 4
  13              		.thumb
  14              		.file	"hal.c"
  15              		.text
  16              	.Ltext0:
  17              		.cfi_sections	.debug_frame
  18              		.section	.text.halInit,"ax",%progbits
  19              		.align	2
  20              		.p2align 4,,15
  21              		.global	halInit
  22              		.thumb
  23              		.thumb_func
  24              		.type	halInit, %function
  25              	halInit:
  26              	.LFB118:
  27              		.file 1 "../../os/hal/src/hal.c"
  28              		.loc 1 68 0
  29              		.cfi_startproc
  30              		@ args = 0, pretend = 0, frame = 0
  31              		@ frame_needed = 0, uses_anonymous_args = 0
  32 0000 08B5     		push	{r3, lr}
  33              		.cfi_def_cfa_offset 8
  34              		.cfi_offset 3, -8
  35              		.cfi_offset 14, -4
  36              		.loc 1 70 0
  37 0002 FFF7FEFF 		bl	hal_lld_init
  38              	.LVL0:
  39              		.loc 1 76 0
  40 0006 0748     		ldr	r0, .L2
  41 0008 FFF7FEFF 		bl	_pal_lld_init
  42              	.LVL1:
  43              		.loc 1 79 0
  44 000c FFF7FEFF 		bl	adcInit
  45              	.LVL2:
  46              		.loc 1 100 0
  47 0010 FFF7FEFF 		bl	pwmInit
  48              	.LVL3:
  49              		.loc 1 103 0
  50 0014 FFF7FEFF 		bl	sdInit
  51              	.LVL4:
  52              		.loc 1 109 0
  53 0018 FFF7FEFF 		bl	spiInit
  54              	.LVL5:
  55              		.loc 1 128 0
  56 001c BDE80840 		pop	{r3, lr}
  57              		.loc 1 127 0
ARM GAS  /tmp/cc8NVqzP.s 			page 2


  58 0020 FFF7FEBF 		b	boardInit
  59              	.LVL6:
  60              	.L3:
  61              		.align	2
  62              	.L2:
  63 0024 00000000 		.word	pal_default_config
  64              		.cfi_endproc
  65              	.LFE118:
  66              		.size	halInit, .-halInit
  67 0028 AFF30080 		.section	.text.halIsCounterWithin,"ax",%progbits
  67      AFF30080 
  68              		.align	2
  69              		.p2align 4,,15
  70              		.global	halIsCounterWithin
  71              		.thumb
  72              		.thumb_func
  73              		.type	halIsCounterWithin, %function
  74              	halIsCounterWithin:
  75              	.LFB119:
  76              		.loc 1 174 0
  77              		.cfi_startproc
  78              		@ args = 0, pretend = 0, frame = 0
  79              		@ frame_needed = 0, uses_anonymous_args = 0
  80              		@ link register save eliminated.
  81              	.LVL7:
  82              		.loc 1 175 0
  83 0000 084B     		ldr	r3, .L13
  84              		.loc 1 177 0
  85 0002 8142     		cmp	r1, r0
  86              		.loc 1 175 0
  87 0004 5B68     		ldr	r3, [r3, #4]
  88              	.LVL8:
  89              		.loc 1 177 0
  90 0006 06D9     		bls	.L5
  91              		.loc 1 177 0 is_stmt 0 discriminator 1
  92 0008 8342     		cmp	r3, r0
  93 000a 08D3     		bcc	.L9
  94              	.L11:
  95 000c 8B42     		cmp	r3, r1
  96 000e 2CBF     		ite	cs
  97 0010 0020     		movcs	r0, #0
  98              	.LVL9:
  99 0012 0120     		movcc	r0, #1
 100 0014 7047     		bx	lr
 101              	.LVL10:
 102              	.L5:
 103              		.loc 1 178 0 is_stmt 1
 104 0016 8342     		cmp	r3, r0
 105 0018 F8D3     		bcc	.L11
 106 001a 0120     		movs	r0, #1
 107              	.LVL11:
 108              		.loc 1 179 0
 109 001c 7047     		bx	lr
 110              	.LVL12:
 111              	.L9:
 112 001e 0020     		movs	r0, #0
 113              	.LVL13:
ARM GAS  /tmp/cc8NVqzP.s 			page 3


 114 0020 7047     		bx	lr
 115              	.L14:
 116 0022 00BF     		.align	2
 117              	.L13:
 118 0024 001000E0 		.word	-536866816
 119              		.cfi_endproc
 120              	.LFE119:
 121              		.size	halIsCounterWithin, .-halIsCounterWithin
 122 0028 AFF30080 		.section	.text.halPolledDelay,"ax",%progbits
 122      AFF30080 
 123              		.align	2
 124              		.p2align 4,,15
 125              		.global	halPolledDelay
 126              		.thumb
 127              		.thumb_func
 128              		.type	halPolledDelay, %function
 129              	halPolledDelay:
 130              	.LFB120:
 131              		.loc 1 193 0
 132              		.cfi_startproc
 133              		@ args = 0, pretend = 0, frame = 0
 134              		@ frame_needed = 0, uses_anonymous_args = 0
 135              		@ link register save eliminated.
 136              	.LVL14:
 137              		.loc 1 194 0
 138 0000 0C49     		ldr	r1, .L26
 139 0002 4A68     		ldr	r2, [r1, #4]
 140              	.LVL15:
 141              		.loc 1 195 0
 142 0004 1044     		add	r0, r0, r2
 143              	.LVL16:
 144              	.L21:
 145              	.LBB4:
 146              	.LBB5:
 147              		.loc 1 177 0 discriminator 1
 148 0006 8242     		cmp	r2, r0
 149              		.loc 1 175 0 discriminator 1
 150 0008 4B68     		ldr	r3, [r1, #4]
 151              	.LVL17:
 152              		.loc 1 177 0 discriminator 1
 153 000a 0CD2     		bcs	.L16
 154              		.loc 1 177 0 is_stmt 0
 155 000c 9A42     		cmp	r2, r3
 156 000e 03D9     		bls	.L24
 157 0010 0023     		movs	r3, #0
 158              	.LVL18:
 159              	.LBE5:
 160              	.LBE4:
 161              		.loc 1 196 0 is_stmt 1
 162 0012 002B     		cmp	r3, #0
 163 0014 F7D1     		bne	.L21
 164              	.L25:
 165              		.loc 1 198 0
 166 0016 7047     		bx	lr
 167              	.LVL19:
 168              	.L24:
 169 0018 9842     		cmp	r0, r3
ARM GAS  /tmp/cc8NVqzP.s 			page 4


 170 001a 94BF     		ite	ls
 171 001c 0023     		movls	r3, #0
 172              	.LVL20:
 173 001e 0123     		movhi	r3, #1
 174              		.loc 1 196 0
 175 0020 002B     		cmp	r3, #0
 176 0022 F0D1     		bne	.L21
 177 0024 F7E7     		b	.L25
 178              	.LVL21:
 179              	.L16:
 180              	.LBB7:
 181              	.LBB6:
 182              		.loc 1 178 0
 183 0026 9A42     		cmp	r2, r3
 184 0028 F6D8     		bhi	.L24
 185 002a 0123     		movs	r3, #1
 186              	.LVL22:
 187              	.LBE6:
 188              	.LBE7:
 189              		.loc 1 196 0
 190 002c 002B     		cmp	r3, #0
 191 002e EAD1     		bne	.L21
 192 0030 F1E7     		b	.L25
 193              	.L27:
 194 0032 00BF     		.align	2
 195              	.L26:
 196 0034 001000E0 		.word	-536866816
 197              		.cfi_endproc
 198              	.LFE120:
 199              		.size	halPolledDelay, .-halPolledDelay
 200 0038 AFF30080 		.text
 200      AFF30080 
 201              	.Letext0:
 202              		.file 2 "/opt/ARM/arm-none-eabi/include/machine/_default_types.h"
 203              		.file 3 "/opt/ARM/arm-none-eabi/include/stdint.h"
 204              		.file 4 "../../os/ports/GCC/ARMCMx/chtypes.h"
 205              		.file 5 "../../os/ports/common/ARMCMx/nvic.h"
 206              		.file 6 "../../os/hal/platforms/STM32F4xx/hal_lld.h"
 207              		.file 7 "../../os/hal/platforms/STM32/GPIOv2/pal_lld.h"
 208              		.file 8 "../../os/ports/common/ARMCMx/CMSIS/include/core_cm4.h"
 209              		.file 9 "../../os/hal/include/adc.h"
 210              		.file 10 "../../os/hal/include/pwm.h"
 211              		.file 11 "../../os/hal/include/serial.h"
 212              		.file 12 "../../os/hal/include/spi.h"
 213              		.file 13 "../../boards/ST_STM32F4_DISCOVERY/board.h"
 214              		.section	.debug_info,"",%progbits
 215              	.Ldebug_info0:
 216 0000 BD030000 		.4byte	0x3bd
 217 0004 0400     		.2byte	0x4
 218 0006 00000000 		.4byte	.Ldebug_abbrev0
 219 000a 04       		.byte	0x4
 220 000b 01       		.uleb128 0x1
 221 000c 31000000 		.4byte	.LASF57
 222 0010 01       		.byte	0x1
 223 0011 AE010000 		.4byte	.LASF58
 224 0015 96020000 		.4byte	.LASF59
 225 0019 18000000 		.4byte	.Ldebug_ranges0+0x18
ARM GAS  /tmp/cc8NVqzP.s 			page 5


 226 001d 00000000 		.4byte	0
 227 0021 00000000 		.4byte	.Ldebug_line0
 228 0025 02       		.uleb128 0x2
 229 0026 04       		.byte	0x4
 230 0027 05       		.byte	0x5
 231 0028 696E7400 		.ascii	"int\000"
 232 002c 03       		.uleb128 0x3
 233 002d 04       		.byte	0x4
 234 002e 07       		.byte	0x7
 235 002f 3F030000 		.4byte	.LASF0
 236 0033 03       		.uleb128 0x3
 237 0034 01       		.byte	0x1
 238 0035 06       		.byte	0x6
 239 0036 F0010000 		.4byte	.LASF1
 240 003a 03       		.uleb128 0x3
 241 003b 01       		.byte	0x1
 242 003c 08       		.byte	0x8
 243 003d DD010000 		.4byte	.LASF2
 244 0041 03       		.uleb128 0x3
 245 0042 02       		.byte	0x2
 246 0043 05       		.byte	0x5
 247 0044 27000000 		.4byte	.LASF3
 248 0048 03       		.uleb128 0x3
 249 0049 02       		.byte	0x2
 250 004a 07       		.byte	0x7
 251 004b 49020000 		.4byte	.LASF4
 252 004f 04       		.uleb128 0x4
 253 0050 75010000 		.4byte	.LASF6
 254 0054 02       		.byte	0x2
 255 0055 37       		.byte	0x37
 256 0056 5A000000 		.4byte	0x5a
 257 005a 03       		.uleb128 0x3
 258 005b 04       		.byte	0x4
 259 005c 05       		.byte	0x5
 260 005d 87010000 		.4byte	.LASF5
 261 0061 04       		.uleb128 0x4
 262 0062 37010000 		.4byte	.LASF7
 263 0066 02       		.byte	0x2
 264 0067 38       		.byte	0x38
 265 0068 6C000000 		.4byte	0x6c
 266 006c 03       		.uleb128 0x3
 267 006d 04       		.byte	0x4
 268 006e 07       		.byte	0x7
 269 006f E0020000 		.4byte	.LASF8
 270 0073 03       		.uleb128 0x3
 271 0074 08       		.byte	0x8
 272 0075 05       		.byte	0x5
 273 0076 58010000 		.4byte	.LASF9
 274 007a 03       		.uleb128 0x3
 275 007b 08       		.byte	0x8
 276 007c 07       		.byte	0x7
 277 007d FC010000 		.4byte	.LASF10
 278 0081 04       		.uleb128 0x4
 279 0082 61020000 		.4byte	.LASF11
 280 0086 03       		.byte	0x3
 281 0087 41       		.byte	0x41
 282 0088 4F000000 		.4byte	0x4f
ARM GAS  /tmp/cc8NVqzP.s 			page 6


 283 008c 04       		.uleb128 0x4
 284 008d 13020000 		.4byte	.LASF12
 285 0091 03       		.byte	0x3
 286 0092 42       		.byte	0x42
 287 0093 61000000 		.4byte	0x61
 288 0097 04       		.uleb128 0x4
 289 0098 69020000 		.4byte	.LASF13
 290 009c 04       		.byte	0x4
 291 009d 2B       		.byte	0x2b
 292 009e A2000000 		.4byte	0xa2
 293 00a2 03       		.uleb128 0x3
 294 00a3 01       		.byte	0x1
 295 00a4 02       		.byte	0x2
 296 00a5 81020000 		.4byte	.LASF14
 297 00a9 04       		.uleb128 0x4
 298 00aa 49010000 		.4byte	.LASF15
 299 00ae 05       		.byte	0x5
 300 00af 3A       		.byte	0x3a
 301 00b0 B4000000 		.4byte	0xb4
 302 00b4 05       		.uleb128 0x5
 303 00b5 8C000000 		.4byte	0x8c
 304 00b9 03       		.uleb128 0x3
 305 00ba 04       		.byte	0x4
 306 00bb 07       		.byte	0x7
 307 00bc 0B010000 		.4byte	.LASF16
 308 00c0 06       		.uleb128 0x6
 309 00c1 20       		.byte	0x20
 310 00c2 05       		.byte	0x5
 311 00c3 0601     		.2byte	0x106
 312 00c5 32010000 		.4byte	0x132
 313 00c9 07       		.uleb128 0x7
 314 00ca EB010000 		.4byte	.LASF17
 315 00ce 05       		.byte	0x5
 316 00cf 0701     		.2byte	0x107
 317 00d1 A9000000 		.4byte	0xa9
 318 00d5 00       		.byte	0
 319 00d6 07       		.uleb128 0x7
 320 00d7 6E010000 		.4byte	.LASF18
 321 00db 05       		.byte	0x5
 322 00dc 0801     		.2byte	0x108
 323 00de A9000000 		.4byte	0xa9
 324 00e2 04       		.byte	0x4
 325 00e3 07       		.uleb128 0x7
 326 00e4 D9020000 		.4byte	.LASF19
 327 00e8 05       		.byte	0x5
 328 00e9 0901     		.2byte	0x109
 329 00eb A9000000 		.4byte	0xa9
 330 00ef 08       		.byte	0x8
 331 00f0 07       		.uleb128 0x7
 332 00f1 5F030000 		.4byte	.LASF20
 333 00f5 05       		.byte	0x5
 334 00f6 0A01     		.2byte	0x10a
 335 00f8 A9000000 		.4byte	0xa9
 336 00fc 0C       		.byte	0xc
 337 00fd 07       		.uleb128 0x7
 338 00fe 04030000 		.4byte	.LASF21
 339 0102 05       		.byte	0x5
ARM GAS  /tmp/cc8NVqzP.s 			page 7


 340 0103 0B01     		.2byte	0x10b
 341 0105 A9000000 		.4byte	0xa9
 342 0109 10       		.byte	0x10
 343 010a 07       		.uleb128 0x7
 344 010b 13030000 		.4byte	.LASF22
 345 010f 05       		.byte	0x5
 346 0110 0C01     		.2byte	0x10c
 347 0112 A9000000 		.4byte	0xa9
 348 0116 14       		.byte	0x14
 349 0117 07       		.uleb128 0x7
 350 0118 27010000 		.4byte	.LASF23
 351 011c 05       		.byte	0x5
 352 011d 0D01     		.2byte	0x10d
 353 011f A9000000 		.4byte	0xa9
 354 0123 18       		.byte	0x18
 355 0124 07       		.uleb128 0x7
 356 0125 14010000 		.4byte	.LASF24
 357 0129 05       		.byte	0x5
 358 012a 0E01     		.2byte	0x10e
 359 012c A9000000 		.4byte	0xa9
 360 0130 1C       		.byte	0x1c
 361 0131 00       		.byte	0
 362 0132 08       		.uleb128 0x8
 363 0133 87020000 		.4byte	.LASF25
 364 0137 05       		.byte	0x5
 365 0138 0F01     		.2byte	0x10f
 366 013a C0000000 		.4byte	0xc0
 367 013e 03       		.uleb128 0x3
 368 013f 01       		.byte	0x1
 369 0140 08       		.byte	0x8
 370 0141 5C020000 		.4byte	.LASF26
 371 0145 05       		.uleb128 0x5
 372 0146 81000000 		.4byte	0x81
 373 014a 08       		.uleb128 0x8
 374 014b F9020000 		.4byte	.LASF27
 375 014f 06       		.byte	0x6
 376 0150 C006     		.2byte	0x6c0
 377 0152 8C000000 		.4byte	0x8c
 378 0156 09       		.uleb128 0x9
 379 0157 1C       		.byte	0x1c
 380 0158 07       		.byte	0x7
 381 0159 A3       		.byte	0xa3
 382 015a B3010000 		.4byte	0x1b3
 383 015e 0A       		.uleb128 0xa
 384 015f 2C030000 		.4byte	.LASF28
 385 0163 07       		.byte	0x7
 386 0164 A5       		.byte	0xa5
 387 0165 8C000000 		.4byte	0x8c
 388 0169 00       		.byte	0
 389 016a 0A       		.uleb128 0xa
 390 016b 1C020000 		.4byte	.LASF29
 391 016f 07       		.byte	0x7
 392 0170 A7       		.byte	0xa7
 393 0171 8C000000 		.4byte	0x8c
 394 0175 04       		.byte	0x4
 395 0176 0A       		.uleb128 0xa
 396 0177 7F010000 		.4byte	.LASF30
ARM GAS  /tmp/cc8NVqzP.s 			page 8


 397 017b 07       		.byte	0x7
 398 017c A9       		.byte	0xa9
 399 017d 8C000000 		.4byte	0x8c
 400 0181 08       		.byte	0x8
 401 0182 0A       		.uleb128 0xa
 402 0183 0D030000 		.4byte	.LASF31
 403 0187 07       		.byte	0x7
 404 0188 AB       		.byte	0xab
 405 0189 8C000000 		.4byte	0x8c
 406 018d 0C       		.byte	0xc
 407 018e 0B       		.uleb128 0xb
 408 018f 6F647200 		.ascii	"odr\000"
 409 0193 07       		.byte	0x7
 410 0194 AD       		.byte	0xad
 411 0195 8C000000 		.4byte	0x8c
 412 0199 10       		.byte	0x10
 413 019a 0A       		.uleb128 0xa
 414 019b 27030000 		.4byte	.LASF32
 415 019f 07       		.byte	0x7
 416 01a0 AF       		.byte	0xaf
 417 01a1 8C000000 		.4byte	0x8c
 418 01a5 14       		.byte	0x14
 419 01a6 0A       		.uleb128 0xa
 420 01a7 1A030000 		.4byte	.LASF33
 421 01ab 07       		.byte	0x7
 422 01ac B1       		.byte	0xb1
 423 01ad 8C000000 		.4byte	0x8c
 424 01b1 18       		.byte	0x18
 425 01b2 00       		.byte	0
 426 01b3 04       		.uleb128 0x4
 427 01b4 23020000 		.4byte	.LASF34
 428 01b8 07       		.byte	0x7
 429 01b9 B2       		.byte	0xb2
 430 01ba 56010000 		.4byte	0x156
 431 01be 09       		.uleb128 0x9
 432 01bf FC       		.byte	0xfc
 433 01c0 07       		.byte	0x7
 434 01c1 BB       		.byte	0xbb
 435 01c2 33020000 		.4byte	0x233
 436 01c6 0A       		.uleb128 0xa
 437 01c7 51010000 		.4byte	.LASF35
 438 01cb 07       		.byte	0x7
 439 01cc BE       		.byte	0xbe
 440 01cd B3010000 		.4byte	0x1b3
 441 01d1 00       		.byte	0
 442 01d2 0A       		.uleb128 0xa
 443 01d3 7A020000 		.4byte	.LASF36
 444 01d7 07       		.byte	0x7
 445 01d8 C2       		.byte	0xc2
 446 01d9 B3010000 		.4byte	0x1b3
 447 01dd 1C       		.byte	0x1c
 448 01de 0A       		.uleb128 0xa
 449 01df D6010000 		.4byte	.LASF37
 450 01e3 07       		.byte	0x7
 451 01e4 C6       		.byte	0xc6
 452 01e5 B3010000 		.4byte	0x1b3
 453 01e9 38       		.byte	0x38
ARM GAS  /tmp/cc8NVqzP.s 			page 9


 454 01ea 0A       		.uleb128 0xa
 455 01eb 98010000 		.4byte	.LASF38
 456 01ef 07       		.byte	0x7
 457 01f0 CA       		.byte	0xca
 458 01f1 B3010000 		.4byte	0x1b3
 459 01f5 54       		.byte	0x54
 460 01f6 0A       		.uleb128 0xa
 461 01f7 8F020000 		.4byte	.LASF39
 462 01fb 07       		.byte	0x7
 463 01fc CE       		.byte	0xce
 464 01fd B3010000 		.4byte	0x1b3
 465 0201 70       		.byte	0x70
 466 0202 0A       		.uleb128 0xa
 467 0203 19010000 		.4byte	.LASF40
 468 0207 07       		.byte	0x7
 469 0208 D2       		.byte	0xd2
 470 0209 B3010000 		.4byte	0x1b3
 471 020d 8C       		.byte	0x8c
 472 020e 0A       		.uleb128 0xa
 473 020f CF010000 		.4byte	.LASF41
 474 0213 07       		.byte	0x7
 475 0214 D6       		.byte	0xd6
 476 0215 B3010000 		.4byte	0x1b3
 477 0219 A8       		.byte	0xa8
 478 021a 0A       		.uleb128 0xa
 479 021b F2020000 		.4byte	.LASF42
 480 021f 07       		.byte	0x7
 481 0220 DA       		.byte	0xda
 482 0221 B3010000 		.4byte	0x1b3
 483 0225 C4       		.byte	0xc4
 484 0226 0A       		.uleb128 0xa
 485 0227 20010000 		.4byte	.LASF43
 486 022b 07       		.byte	0x7
 487 022c DE       		.byte	0xde
 488 022d B3010000 		.4byte	0x1b3
 489 0231 E0       		.byte	0xe0
 490 0232 00       		.byte	0
 491 0233 04       		.uleb128 0x4
 492 0234 70020000 		.4byte	.LASF44
 493 0238 07       		.byte	0x7
 494 0239 E0       		.byte	0xe0
 495 023a BE010000 		.4byte	0x1be
 496 023e 0C       		.uleb128 0xc
 497 023f 4C030000 		.4byte	.LASF60
 498 0243 01       		.byte	0x1
 499 0244 AE       		.byte	0xae
 500 0245 97000000 		.4byte	0x97
 501 0249 01       		.byte	0x1
 502 024a 70020000 		.4byte	0x270
 503 024e 0D       		.uleb128 0xd
 504 024f 43020000 		.4byte	.LASF45
 505 0253 01       		.byte	0x1
 506 0254 AE       		.byte	0xae
 507 0255 4A010000 		.4byte	0x14a
 508 0259 0E       		.uleb128 0xe
 509 025a 656E6400 		.ascii	"end\000"
 510 025e 01       		.byte	0x1
ARM GAS  /tmp/cc8NVqzP.s 			page 10


 511 025f AE       		.byte	0xae
 512 0260 4A010000 		.4byte	0x14a
 513 0264 0F       		.uleb128 0xf
 514 0265 6E6F7700 		.ascii	"now\000"
 515 0269 01       		.byte	0x1
 516 026a AF       		.byte	0xaf
 517 026b 4A010000 		.4byte	0x14a
 518 026f 00       		.byte	0
 519 0270 10       		.uleb128 0x10
 520 0271 66010000 		.4byte	.LASF46
 521 0275 01       		.byte	0x1
 522 0276 44       		.byte	0x44
 523 0277 00000000 		.4byte	.LFB118
 524 027b 28000000 		.4byte	.LFE118-.LFB118
 525 027f 01       		.uleb128 0x1
 526 0280 9C       		.byte	0x9c
 527 0281 C5020000 		.4byte	0x2c5
 528 0285 11       		.uleb128 0x11
 529 0286 06000000 		.4byte	.LVL0
 530 028a 79030000 		.4byte	0x379
 531 028e 11       		.uleb128 0x11
 532 028f 0C000000 		.4byte	.LVL1
 533 0293 81030000 		.4byte	0x381
 534 0297 11       		.uleb128 0x11
 535 0298 10000000 		.4byte	.LVL2
 536 029c 99030000 		.4byte	0x399
 537 02a0 11       		.uleb128 0x11
 538 02a1 14000000 		.4byte	.LVL3
 539 02a5 A1030000 		.4byte	0x3a1
 540 02a9 11       		.uleb128 0x11
 541 02aa 18000000 		.4byte	.LVL4
 542 02ae A8030000 		.4byte	0x3a8
 543 02b2 11       		.uleb128 0x11
 544 02b3 1C000000 		.4byte	.LVL5
 545 02b7 B0030000 		.4byte	0x3b0
 546 02bb 12       		.uleb128 0x12
 547 02bc 24000000 		.4byte	.LVL6
 548 02c0 B8030000 		.4byte	0x3b8
 549 02c4 00       		.byte	0
 550 02c5 13       		.uleb128 0x13
 551 02c6 3E020000 		.4byte	0x23e
 552 02ca 00000000 		.4byte	.LFB119
 553 02ce 28000000 		.4byte	.LFE119-.LFB119
 554 02d2 01       		.uleb128 0x1
 555 02d3 9C       		.byte	0x9c
 556 02d4 F0020000 		.4byte	0x2f0
 557 02d8 14       		.uleb128 0x14
 558 02d9 4E020000 		.4byte	0x24e
 559 02dd 00000000 		.4byte	.LLST0
 560 02e1 15       		.uleb128 0x15
 561 02e2 59020000 		.4byte	0x259
 562 02e6 01       		.uleb128 0x1
 563 02e7 51       		.byte	0x51
 564 02e8 16       		.uleb128 0x16
 565 02e9 64020000 		.4byte	0x264
 566 02ed 01       		.uleb128 0x1
 567 02ee 53       		.byte	0x53
ARM GAS  /tmp/cc8NVqzP.s 			page 11


 568 02ef 00       		.byte	0
 569 02f0 10       		.uleb128 0x10
 570 02f1 9F010000 		.4byte	.LASF47
 571 02f5 01       		.byte	0x1
 572 02f6 C1       		.byte	0xc1
 573 02f7 00000000 		.4byte	.LFB120
 574 02fb 38000000 		.4byte	.LFE120-.LFB120
 575 02ff 01       		.uleb128 0x1
 576 0300 9C       		.byte	0x9c
 577 0301 5C030000 		.4byte	0x35c
 578 0305 17       		.uleb128 0x17
 579 0306 00000000 		.4byte	.LASF61
 580 030a 01       		.byte	0x1
 581 030b C1       		.byte	0xc1
 582 030c 4A010000 		.4byte	0x14a
 583 0310 53000000 		.4byte	.LLST1
 584 0314 18       		.uleb128 0x18
 585 0315 43020000 		.4byte	.LASF45
 586 0319 01       		.byte	0x1
 587 031a C2       		.byte	0xc2
 588 031b 4A010000 		.4byte	0x14a
 589 031f 01       		.uleb128 0x1
 590 0320 52       		.byte	0x52
 591 0321 18       		.uleb128 0x18
 592 0322 66030000 		.4byte	.LASF48
 593 0326 01       		.byte	0x1
 594 0327 C3       		.byte	0xc3
 595 0328 4A010000 		.4byte	0x14a
 596 032c 01       		.uleb128 0x1
 597 032d 50       		.byte	0x50
 598 032e 19       		.uleb128 0x19
 599 032f 3E020000 		.4byte	0x23e
 600 0333 06000000 		.4byte	.LBB4
 601 0337 00000000 		.4byte	.Ldebug_ranges0+0
 602 033b 01       		.byte	0x1
 603 033c C4       		.byte	0xc4
 604 033d 15       		.uleb128 0x15
 605 033e 59020000 		.4byte	0x259
 606 0342 01       		.uleb128 0x1
 607 0343 50       		.byte	0x50
 608 0344 15       		.uleb128 0x15
 609 0345 4E020000 		.4byte	0x24e
 610 0349 01       		.uleb128 0x1
 611 034a 52       		.byte	0x52
 612 034b 1A       		.uleb128 0x1a
 613 034c 00000000 		.4byte	.Ldebug_ranges0+0
 614 0350 1B       		.uleb128 0x1b
 615 0351 64020000 		.4byte	0x264
 616 0355 74000000 		.4byte	.LLST2
 617 0359 00       		.byte	0
 618 035a 00       		.byte	0
 619 035b 00       		.byte	0
 620 035c 1C       		.uleb128 0x1c
 621 035d 32030000 		.4byte	.LASF49
 622 0361 08       		.byte	0x8
 623 0362 9806     		.2byte	0x698
 624 0364 45010000 		.4byte	0x145
ARM GAS  /tmp/cc8NVqzP.s 			page 12


 625 0368 1C       		.uleb128 0x1c
 626 0369 14000000 		.4byte	.LASF50
 627 036d 07       		.byte	0x7
 628 036e BC01     		.2byte	0x1bc
 629 0370 74030000 		.4byte	0x374
 630 0374 1D       		.uleb128 0x1d
 631 0375 33020000 		.4byte	0x233
 632 0379 1E       		.uleb128 0x1e
 633 037a 36020000 		.4byte	.LASF51
 634 037e 06       		.byte	0x6
 635 037f E906     		.2byte	0x6e9
 636 0381 1F       		.uleb128 0x1f
 637 0382 06000000 		.4byte	.LASF62
 638 0386 07       		.byte	0x7
 639 0387 C101     		.2byte	0x1c1
 640 0389 93030000 		.4byte	0x393
 641 038d 20       		.uleb128 0x20
 642 038e 93030000 		.4byte	0x393
 643 0392 00       		.byte	0
 644 0393 21       		.uleb128 0x21
 645 0394 04       		.byte	0x4
 646 0395 74030000 		.4byte	0x374
 647 0399 1E       		.uleb128 0x1e
 648 039a 1F030000 		.4byte	.LASF52
 649 039e 09       		.byte	0x9
 650 039f 1C01     		.2byte	0x11c
 651 03a1 22       		.uleb128 0x22
 652 03a2 90010000 		.4byte	.LASF53
 653 03a6 0A       		.byte	0xa
 654 03a7 F2       		.byte	0xf2
 655 03a8 1E       		.uleb128 0x1e
 656 03a9 42010000 		.4byte	.LASF54
 657 03ad 0B       		.byte	0xb
 658 03ae 3501     		.2byte	0x135
 659 03b0 1E       		.uleb128 0x1e
 660 03b1 2F010000 		.4byte	.LASF55
 661 03b5 0C       		.byte	0xc
 662 03b6 2E01     		.2byte	0x12e
 663 03b8 1E       		.uleb128 0x1e
 664 03b9 C5010000 		.4byte	.LASF56
 665 03bd 0D       		.byte	0xd
 666 03be 0A05     		.2byte	0x50a
 667 03c0 00       		.byte	0
 668              		.section	.debug_abbrev,"",%progbits
 669              	.Ldebug_abbrev0:
 670 0000 01       		.uleb128 0x1
 671 0001 11       		.uleb128 0x11
 672 0002 01       		.byte	0x1
 673 0003 25       		.uleb128 0x25
 674 0004 0E       		.uleb128 0xe
 675 0005 13       		.uleb128 0x13
 676 0006 0B       		.uleb128 0xb
 677 0007 03       		.uleb128 0x3
 678 0008 0E       		.uleb128 0xe
 679 0009 1B       		.uleb128 0x1b
 680 000a 0E       		.uleb128 0xe
 681 000b 55       		.uleb128 0x55
ARM GAS  /tmp/cc8NVqzP.s 			page 13


 682 000c 17       		.uleb128 0x17
 683 000d 11       		.uleb128 0x11
 684 000e 01       		.uleb128 0x1
 685 000f 10       		.uleb128 0x10
 686 0010 17       		.uleb128 0x17
 687 0011 00       		.byte	0
 688 0012 00       		.byte	0
 689 0013 02       		.uleb128 0x2
 690 0014 24       		.uleb128 0x24
 691 0015 00       		.byte	0
 692 0016 0B       		.uleb128 0xb
 693 0017 0B       		.uleb128 0xb
 694 0018 3E       		.uleb128 0x3e
 695 0019 0B       		.uleb128 0xb
 696 001a 03       		.uleb128 0x3
 697 001b 08       		.uleb128 0x8
 698 001c 00       		.byte	0
 699 001d 00       		.byte	0
 700 001e 03       		.uleb128 0x3
 701 001f 24       		.uleb128 0x24
 702 0020 00       		.byte	0
 703 0021 0B       		.uleb128 0xb
 704 0022 0B       		.uleb128 0xb
 705 0023 3E       		.uleb128 0x3e
 706 0024 0B       		.uleb128 0xb
 707 0025 03       		.uleb128 0x3
 708 0026 0E       		.uleb128 0xe
 709 0027 00       		.byte	0
 710 0028 00       		.byte	0
 711 0029 04       		.uleb128 0x4
 712 002a 16       		.uleb128 0x16
 713 002b 00       		.byte	0
 714 002c 03       		.uleb128 0x3
 715 002d 0E       		.uleb128 0xe
 716 002e 3A       		.uleb128 0x3a
 717 002f 0B       		.uleb128 0xb
 718 0030 3B       		.uleb128 0x3b
 719 0031 0B       		.uleb128 0xb
 720 0032 49       		.uleb128 0x49
 721 0033 13       		.uleb128 0x13
 722 0034 00       		.byte	0
 723 0035 00       		.byte	0
 724 0036 05       		.uleb128 0x5
 725 0037 35       		.uleb128 0x35
 726 0038 00       		.byte	0
 727 0039 49       		.uleb128 0x49
 728 003a 13       		.uleb128 0x13
 729 003b 00       		.byte	0
 730 003c 00       		.byte	0
 731 003d 06       		.uleb128 0x6
 732 003e 13       		.uleb128 0x13
 733 003f 01       		.byte	0x1
 734 0040 0B       		.uleb128 0xb
 735 0041 0B       		.uleb128 0xb
 736 0042 3A       		.uleb128 0x3a
 737 0043 0B       		.uleb128 0xb
 738 0044 3B       		.uleb128 0x3b
ARM GAS  /tmp/cc8NVqzP.s 			page 14


 739 0045 05       		.uleb128 0x5
 740 0046 01       		.uleb128 0x1
 741 0047 13       		.uleb128 0x13
 742 0048 00       		.byte	0
 743 0049 00       		.byte	0
 744 004a 07       		.uleb128 0x7
 745 004b 0D       		.uleb128 0xd
 746 004c 00       		.byte	0
 747 004d 03       		.uleb128 0x3
 748 004e 0E       		.uleb128 0xe
 749 004f 3A       		.uleb128 0x3a
 750 0050 0B       		.uleb128 0xb
 751 0051 3B       		.uleb128 0x3b
 752 0052 05       		.uleb128 0x5
 753 0053 49       		.uleb128 0x49
 754 0054 13       		.uleb128 0x13
 755 0055 38       		.uleb128 0x38
 756 0056 0B       		.uleb128 0xb
 757 0057 00       		.byte	0
 758 0058 00       		.byte	0
 759 0059 08       		.uleb128 0x8
 760 005a 16       		.uleb128 0x16
 761 005b 00       		.byte	0
 762 005c 03       		.uleb128 0x3
 763 005d 0E       		.uleb128 0xe
 764 005e 3A       		.uleb128 0x3a
 765 005f 0B       		.uleb128 0xb
 766 0060 3B       		.uleb128 0x3b
 767 0061 05       		.uleb128 0x5
 768 0062 49       		.uleb128 0x49
 769 0063 13       		.uleb128 0x13
 770 0064 00       		.byte	0
 771 0065 00       		.byte	0
 772 0066 09       		.uleb128 0x9
 773 0067 13       		.uleb128 0x13
 774 0068 01       		.byte	0x1
 775 0069 0B       		.uleb128 0xb
 776 006a 0B       		.uleb128 0xb
 777 006b 3A       		.uleb128 0x3a
 778 006c 0B       		.uleb128 0xb
 779 006d 3B       		.uleb128 0x3b
 780 006e 0B       		.uleb128 0xb
 781 006f 01       		.uleb128 0x1
 782 0070 13       		.uleb128 0x13
 783 0071 00       		.byte	0
 784 0072 00       		.byte	0
 785 0073 0A       		.uleb128 0xa
 786 0074 0D       		.uleb128 0xd
 787 0075 00       		.byte	0
 788 0076 03       		.uleb128 0x3
 789 0077 0E       		.uleb128 0xe
 790 0078 3A       		.uleb128 0x3a
 791 0079 0B       		.uleb128 0xb
 792 007a 3B       		.uleb128 0x3b
 793 007b 0B       		.uleb128 0xb
 794 007c 49       		.uleb128 0x49
 795 007d 13       		.uleb128 0x13
ARM GAS  /tmp/cc8NVqzP.s 			page 15


 796 007e 38       		.uleb128 0x38
 797 007f 0B       		.uleb128 0xb
 798 0080 00       		.byte	0
 799 0081 00       		.byte	0
 800 0082 0B       		.uleb128 0xb
 801 0083 0D       		.uleb128 0xd
 802 0084 00       		.byte	0
 803 0085 03       		.uleb128 0x3
 804 0086 08       		.uleb128 0x8
 805 0087 3A       		.uleb128 0x3a
 806 0088 0B       		.uleb128 0xb
 807 0089 3B       		.uleb128 0x3b
 808 008a 0B       		.uleb128 0xb
 809 008b 49       		.uleb128 0x49
 810 008c 13       		.uleb128 0x13
 811 008d 38       		.uleb128 0x38
 812 008e 0B       		.uleb128 0xb
 813 008f 00       		.byte	0
 814 0090 00       		.byte	0
 815 0091 0C       		.uleb128 0xc
 816 0092 2E       		.uleb128 0x2e
 817 0093 01       		.byte	0x1
 818 0094 3F       		.uleb128 0x3f
 819 0095 19       		.uleb128 0x19
 820 0096 03       		.uleb128 0x3
 821 0097 0E       		.uleb128 0xe
 822 0098 3A       		.uleb128 0x3a
 823 0099 0B       		.uleb128 0xb
 824 009a 3B       		.uleb128 0x3b
 825 009b 0B       		.uleb128 0xb
 826 009c 27       		.uleb128 0x27
 827 009d 19       		.uleb128 0x19
 828 009e 49       		.uleb128 0x49
 829 009f 13       		.uleb128 0x13
 830 00a0 20       		.uleb128 0x20
 831 00a1 0B       		.uleb128 0xb
 832 00a2 01       		.uleb128 0x1
 833 00a3 13       		.uleb128 0x13
 834 00a4 00       		.byte	0
 835 00a5 00       		.byte	0
 836 00a6 0D       		.uleb128 0xd
 837 00a7 05       		.uleb128 0x5
 838 00a8 00       		.byte	0
 839 00a9 03       		.uleb128 0x3
 840 00aa 0E       		.uleb128 0xe
 841 00ab 3A       		.uleb128 0x3a
 842 00ac 0B       		.uleb128 0xb
 843 00ad 3B       		.uleb128 0x3b
 844 00ae 0B       		.uleb128 0xb
 845 00af 49       		.uleb128 0x49
 846 00b0 13       		.uleb128 0x13
 847 00b1 00       		.byte	0
 848 00b2 00       		.byte	0
 849 00b3 0E       		.uleb128 0xe
 850 00b4 05       		.uleb128 0x5
 851 00b5 00       		.byte	0
 852 00b6 03       		.uleb128 0x3
ARM GAS  /tmp/cc8NVqzP.s 			page 16


 853 00b7 08       		.uleb128 0x8
 854 00b8 3A       		.uleb128 0x3a
 855 00b9 0B       		.uleb128 0xb
 856 00ba 3B       		.uleb128 0x3b
 857 00bb 0B       		.uleb128 0xb
 858 00bc 49       		.uleb128 0x49
 859 00bd 13       		.uleb128 0x13
 860 00be 00       		.byte	0
 861 00bf 00       		.byte	0
 862 00c0 0F       		.uleb128 0xf
 863 00c1 34       		.uleb128 0x34
 864 00c2 00       		.byte	0
 865 00c3 03       		.uleb128 0x3
 866 00c4 08       		.uleb128 0x8
 867 00c5 3A       		.uleb128 0x3a
 868 00c6 0B       		.uleb128 0xb
 869 00c7 3B       		.uleb128 0x3b
 870 00c8 0B       		.uleb128 0xb
 871 00c9 49       		.uleb128 0x49
 872 00ca 13       		.uleb128 0x13
 873 00cb 00       		.byte	0
 874 00cc 00       		.byte	0
 875 00cd 10       		.uleb128 0x10
 876 00ce 2E       		.uleb128 0x2e
 877 00cf 01       		.byte	0x1
 878 00d0 3F       		.uleb128 0x3f
 879 00d1 19       		.uleb128 0x19
 880 00d2 03       		.uleb128 0x3
 881 00d3 0E       		.uleb128 0xe
 882 00d4 3A       		.uleb128 0x3a
 883 00d5 0B       		.uleb128 0xb
 884 00d6 3B       		.uleb128 0x3b
 885 00d7 0B       		.uleb128 0xb
 886 00d8 27       		.uleb128 0x27
 887 00d9 19       		.uleb128 0x19
 888 00da 11       		.uleb128 0x11
 889 00db 01       		.uleb128 0x1
 890 00dc 12       		.uleb128 0x12
 891 00dd 06       		.uleb128 0x6
 892 00de 40       		.uleb128 0x40
 893 00df 18       		.uleb128 0x18
 894 00e0 9742     		.uleb128 0x2117
 895 00e2 19       		.uleb128 0x19
 896 00e3 01       		.uleb128 0x1
 897 00e4 13       		.uleb128 0x13
 898 00e5 00       		.byte	0
 899 00e6 00       		.byte	0
 900 00e7 11       		.uleb128 0x11
 901 00e8 898201   		.uleb128 0x4109
 902 00eb 00       		.byte	0
 903 00ec 11       		.uleb128 0x11
 904 00ed 01       		.uleb128 0x1
 905 00ee 31       		.uleb128 0x31
 906 00ef 13       		.uleb128 0x13
 907 00f0 00       		.byte	0
 908 00f1 00       		.byte	0
 909 00f2 12       		.uleb128 0x12
ARM GAS  /tmp/cc8NVqzP.s 			page 17


 910 00f3 898201   		.uleb128 0x4109
 911 00f6 00       		.byte	0
 912 00f7 11       		.uleb128 0x11
 913 00f8 01       		.uleb128 0x1
 914 00f9 9542     		.uleb128 0x2115
 915 00fb 19       		.uleb128 0x19
 916 00fc 31       		.uleb128 0x31
 917 00fd 13       		.uleb128 0x13
 918 00fe 00       		.byte	0
 919 00ff 00       		.byte	0
 920 0100 13       		.uleb128 0x13
 921 0101 2E       		.uleb128 0x2e
 922 0102 01       		.byte	0x1
 923 0103 31       		.uleb128 0x31
 924 0104 13       		.uleb128 0x13
 925 0105 11       		.uleb128 0x11
 926 0106 01       		.uleb128 0x1
 927 0107 12       		.uleb128 0x12
 928 0108 06       		.uleb128 0x6
 929 0109 40       		.uleb128 0x40
 930 010a 18       		.uleb128 0x18
 931 010b 9742     		.uleb128 0x2117
 932 010d 19       		.uleb128 0x19
 933 010e 01       		.uleb128 0x1
 934 010f 13       		.uleb128 0x13
 935 0110 00       		.byte	0
 936 0111 00       		.byte	0
 937 0112 14       		.uleb128 0x14
 938 0113 05       		.uleb128 0x5
 939 0114 00       		.byte	0
 940 0115 31       		.uleb128 0x31
 941 0116 13       		.uleb128 0x13
 942 0117 02       		.uleb128 0x2
 943 0118 17       		.uleb128 0x17
 944 0119 00       		.byte	0
 945 011a 00       		.byte	0
 946 011b 15       		.uleb128 0x15
 947 011c 05       		.uleb128 0x5
 948 011d 00       		.byte	0
 949 011e 31       		.uleb128 0x31
 950 011f 13       		.uleb128 0x13
 951 0120 02       		.uleb128 0x2
 952 0121 18       		.uleb128 0x18
 953 0122 00       		.byte	0
 954 0123 00       		.byte	0
 955 0124 16       		.uleb128 0x16
 956 0125 34       		.uleb128 0x34
 957 0126 00       		.byte	0
 958 0127 31       		.uleb128 0x31
 959 0128 13       		.uleb128 0x13
 960 0129 02       		.uleb128 0x2
 961 012a 18       		.uleb128 0x18
 962 012b 00       		.byte	0
 963 012c 00       		.byte	0
 964 012d 17       		.uleb128 0x17
 965 012e 05       		.uleb128 0x5
 966 012f 00       		.byte	0
ARM GAS  /tmp/cc8NVqzP.s 			page 18


 967 0130 03       		.uleb128 0x3
 968 0131 0E       		.uleb128 0xe
 969 0132 3A       		.uleb128 0x3a
 970 0133 0B       		.uleb128 0xb
 971 0134 3B       		.uleb128 0x3b
 972 0135 0B       		.uleb128 0xb
 973 0136 49       		.uleb128 0x49
 974 0137 13       		.uleb128 0x13
 975 0138 02       		.uleb128 0x2
 976 0139 17       		.uleb128 0x17
 977 013a 00       		.byte	0
 978 013b 00       		.byte	0
 979 013c 18       		.uleb128 0x18
 980 013d 34       		.uleb128 0x34
 981 013e 00       		.byte	0
 982 013f 03       		.uleb128 0x3
 983 0140 0E       		.uleb128 0xe
 984 0141 3A       		.uleb128 0x3a
 985 0142 0B       		.uleb128 0xb
 986 0143 3B       		.uleb128 0x3b
 987 0144 0B       		.uleb128 0xb
 988 0145 49       		.uleb128 0x49
 989 0146 13       		.uleb128 0x13
 990 0147 02       		.uleb128 0x2
 991 0148 18       		.uleb128 0x18
 992 0149 00       		.byte	0
 993 014a 00       		.byte	0
 994 014b 19       		.uleb128 0x19
 995 014c 1D       		.uleb128 0x1d
 996 014d 01       		.byte	0x1
 997 014e 31       		.uleb128 0x31
 998 014f 13       		.uleb128 0x13
 999 0150 52       		.uleb128 0x52
 1000 0151 01       		.uleb128 0x1
 1001 0152 55       		.uleb128 0x55
 1002 0153 17       		.uleb128 0x17
 1003 0154 58       		.uleb128 0x58
 1004 0155 0B       		.uleb128 0xb
 1005 0156 59       		.uleb128 0x59
 1006 0157 0B       		.uleb128 0xb
 1007 0158 00       		.byte	0
 1008 0159 00       		.byte	0
 1009 015a 1A       		.uleb128 0x1a
 1010 015b 0B       		.uleb128 0xb
 1011 015c 01       		.byte	0x1
 1012 015d 55       		.uleb128 0x55
 1013 015e 17       		.uleb128 0x17
 1014 015f 00       		.byte	0
 1015 0160 00       		.byte	0
 1016 0161 1B       		.uleb128 0x1b
 1017 0162 34       		.uleb128 0x34
 1018 0163 00       		.byte	0
 1019 0164 31       		.uleb128 0x31
 1020 0165 13       		.uleb128 0x13
 1021 0166 02       		.uleb128 0x2
 1022 0167 17       		.uleb128 0x17
 1023 0168 00       		.byte	0
ARM GAS  /tmp/cc8NVqzP.s 			page 19


 1024 0169 00       		.byte	0
 1025 016a 1C       		.uleb128 0x1c
 1026 016b 34       		.uleb128 0x34
 1027 016c 00       		.byte	0
 1028 016d 03       		.uleb128 0x3
 1029 016e 0E       		.uleb128 0xe
 1030 016f 3A       		.uleb128 0x3a
 1031 0170 0B       		.uleb128 0xb
 1032 0171 3B       		.uleb128 0x3b
 1033 0172 05       		.uleb128 0x5
 1034 0173 49       		.uleb128 0x49
 1035 0174 13       		.uleb128 0x13
 1036 0175 3F       		.uleb128 0x3f
 1037 0176 19       		.uleb128 0x19
 1038 0177 3C       		.uleb128 0x3c
 1039 0178 19       		.uleb128 0x19
 1040 0179 00       		.byte	0
 1041 017a 00       		.byte	0
 1042 017b 1D       		.uleb128 0x1d
 1043 017c 26       		.uleb128 0x26
 1044 017d 00       		.byte	0
 1045 017e 49       		.uleb128 0x49
 1046 017f 13       		.uleb128 0x13
 1047 0180 00       		.byte	0
 1048 0181 00       		.byte	0
 1049 0182 1E       		.uleb128 0x1e
 1050 0183 2E       		.uleb128 0x2e
 1051 0184 00       		.byte	0
 1052 0185 3F       		.uleb128 0x3f
 1053 0186 19       		.uleb128 0x19
 1054 0187 03       		.uleb128 0x3
 1055 0188 0E       		.uleb128 0xe
 1056 0189 3A       		.uleb128 0x3a
 1057 018a 0B       		.uleb128 0xb
 1058 018b 3B       		.uleb128 0x3b
 1059 018c 05       		.uleb128 0x5
 1060 018d 27       		.uleb128 0x27
 1061 018e 19       		.uleb128 0x19
 1062 018f 3C       		.uleb128 0x3c
 1063 0190 19       		.uleb128 0x19
 1064 0191 00       		.byte	0
 1065 0192 00       		.byte	0
 1066 0193 1F       		.uleb128 0x1f
 1067 0194 2E       		.uleb128 0x2e
 1068 0195 01       		.byte	0x1
 1069 0196 3F       		.uleb128 0x3f
 1070 0197 19       		.uleb128 0x19
 1071 0198 03       		.uleb128 0x3
 1072 0199 0E       		.uleb128 0xe
 1073 019a 3A       		.uleb128 0x3a
 1074 019b 0B       		.uleb128 0xb
 1075 019c 3B       		.uleb128 0x3b
 1076 019d 05       		.uleb128 0x5
 1077 019e 27       		.uleb128 0x27
 1078 019f 19       		.uleb128 0x19
 1079 01a0 3C       		.uleb128 0x3c
 1080 01a1 19       		.uleb128 0x19
ARM GAS  /tmp/cc8NVqzP.s 			page 20


 1081 01a2 01       		.uleb128 0x1
 1082 01a3 13       		.uleb128 0x13
 1083 01a4 00       		.byte	0
 1084 01a5 00       		.byte	0
 1085 01a6 20       		.uleb128 0x20
 1086 01a7 05       		.uleb128 0x5
 1087 01a8 00       		.byte	0
 1088 01a9 49       		.uleb128 0x49
 1089 01aa 13       		.uleb128 0x13
 1090 01ab 00       		.byte	0
 1091 01ac 00       		.byte	0
 1092 01ad 21       		.uleb128 0x21
 1093 01ae 0F       		.uleb128 0xf
 1094 01af 00       		.byte	0
 1095 01b0 0B       		.uleb128 0xb
 1096 01b1 0B       		.uleb128 0xb
 1097 01b2 49       		.uleb128 0x49
 1098 01b3 13       		.uleb128 0x13
 1099 01b4 00       		.byte	0
 1100 01b5 00       		.byte	0
 1101 01b6 22       		.uleb128 0x22
 1102 01b7 2E       		.uleb128 0x2e
 1103 01b8 00       		.byte	0
 1104 01b9 3F       		.uleb128 0x3f
 1105 01ba 19       		.uleb128 0x19
 1106 01bb 03       		.uleb128 0x3
 1107 01bc 0E       		.uleb128 0xe
 1108 01bd 3A       		.uleb128 0x3a
 1109 01be 0B       		.uleb128 0xb
 1110 01bf 3B       		.uleb128 0x3b
 1111 01c0 0B       		.uleb128 0xb
 1112 01c1 27       		.uleb128 0x27
 1113 01c2 19       		.uleb128 0x19
 1114 01c3 3C       		.uleb128 0x3c
 1115 01c4 19       		.uleb128 0x19
 1116 01c5 00       		.byte	0
 1117 01c6 00       		.byte	0
 1118 01c7 00       		.byte	0
 1119              		.section	.debug_loc,"",%progbits
 1120              	.Ldebug_loc0:
 1121              	.LLST0:
 1122 0000 00000000 		.4byte	.LVL7
 1123 0004 12000000 		.4byte	.LVL9
 1124 0008 0100     		.2byte	0x1
 1125 000a 50       		.byte	0x50
 1126 000b 12000000 		.4byte	.LVL9
 1127 000f 16000000 		.4byte	.LVL10
 1128 0013 0400     		.2byte	0x4
 1129 0015 F3       		.byte	0xf3
 1130 0016 01       		.uleb128 0x1
 1131 0017 50       		.byte	0x50
 1132 0018 9F       		.byte	0x9f
 1133 0019 16000000 		.4byte	.LVL10
 1134 001d 1C000000 		.4byte	.LVL11
 1135 0021 0100     		.2byte	0x1
 1136 0023 50       		.byte	0x50
 1137 0024 1C000000 		.4byte	.LVL11
ARM GAS  /tmp/cc8NVqzP.s 			page 21


 1138 0028 1E000000 		.4byte	.LVL12
 1139 002c 0400     		.2byte	0x4
 1140 002e F3       		.byte	0xf3
 1141 002f 01       		.uleb128 0x1
 1142 0030 50       		.byte	0x50
 1143 0031 9F       		.byte	0x9f
 1144 0032 1E000000 		.4byte	.LVL12
 1145 0036 20000000 		.4byte	.LVL13
 1146 003a 0100     		.2byte	0x1
 1147 003c 50       		.byte	0x50
 1148 003d 20000000 		.4byte	.LVL13
 1149 0041 28000000 		.4byte	.LFE119
 1150 0045 0400     		.2byte	0x4
 1151 0047 F3       		.byte	0xf3
 1152 0048 01       		.uleb128 0x1
 1153 0049 50       		.byte	0x50
 1154 004a 9F       		.byte	0x9f
 1155 004b 00000000 		.4byte	0
 1156 004f 00000000 		.4byte	0
 1157              	.LLST1:
 1158 0053 00000000 		.4byte	.LVL14
 1159 0057 06000000 		.4byte	.LVL16
 1160 005b 0100     		.2byte	0x1
 1161 005d 50       		.byte	0x50
 1162 005e 06000000 		.4byte	.LVL16
 1163 0062 38000000 		.4byte	.LFE120
 1164 0066 0400     		.2byte	0x4
 1165 0068 F3       		.byte	0xf3
 1166 0069 01       		.uleb128 0x1
 1167 006a 50       		.byte	0x50
 1168 006b 9F       		.byte	0x9f
 1169 006c 00000000 		.4byte	0
 1170 0070 00000000 		.4byte	0
 1171              	.LLST2:
 1172 0074 0A000000 		.4byte	.LVL17
 1173 0078 12000000 		.4byte	.LVL18
 1174 007c 0100     		.2byte	0x1
 1175 007e 53       		.byte	0x53
 1176 007f 18000000 		.4byte	.LVL19
 1177 0083 1E000000 		.4byte	.LVL20
 1178 0087 0100     		.2byte	0x1
 1179 0089 53       		.byte	0x53
 1180 008a 26000000 		.4byte	.LVL21
 1181 008e 2C000000 		.4byte	.LVL22
 1182 0092 0100     		.2byte	0x1
 1183 0094 53       		.byte	0x53
 1184 0095 00000000 		.4byte	0
 1185 0099 00000000 		.4byte	0
 1186              		.section	.debug_aranges,"",%progbits
 1187 0000 2C000000 		.4byte	0x2c
 1188 0004 0200     		.2byte	0x2
 1189 0006 00000000 		.4byte	.Ldebug_info0
 1190 000a 04       		.byte	0x4
 1191 000b 00       		.byte	0
 1192 000c 0000     		.2byte	0
 1193 000e 0000     		.2byte	0
 1194 0010 00000000 		.4byte	.LFB118
ARM GAS  /tmp/cc8NVqzP.s 			page 22


 1195 0014 28000000 		.4byte	.LFE118-.LFB118
 1196 0018 00000000 		.4byte	.LFB119
 1197 001c 28000000 		.4byte	.LFE119-.LFB119
 1198 0020 00000000 		.4byte	.LFB120
 1199 0024 38000000 		.4byte	.LFE120-.LFB120
 1200 0028 00000000 		.4byte	0
 1201 002c 00000000 		.4byte	0
 1202              		.section	.debug_ranges,"",%progbits
 1203              	.Ldebug_ranges0:
 1204 0000 06000000 		.4byte	.LBB4
 1205 0004 12000000 		.4byte	.LBE4
 1206 0008 26000000 		.4byte	.LBB7
 1207 000c 2C000000 		.4byte	.LBE7
 1208 0010 00000000 		.4byte	0
 1209 0014 00000000 		.4byte	0
 1210 0018 00000000 		.4byte	.LFB118
 1211 001c 28000000 		.4byte	.LFE118
 1212 0020 00000000 		.4byte	.LFB119
 1213 0024 28000000 		.4byte	.LFE119
 1214 0028 00000000 		.4byte	.LFB120
 1215 002c 38000000 		.4byte	.LFE120
 1216 0030 00000000 		.4byte	0
 1217 0034 00000000 		.4byte	0
 1218              		.section	.debug_line,"",%progbits
 1219              	.Ldebug_line0:
 1220 0000 52020000 		.section	.debug_str,"MS",%progbits,1
 1220      0200E201 
 1220      00000201 
 1220      FB0E0D00 
 1220      01010101 
 1221              	.LASF61:
 1222 0000 7469636B 		.ascii	"ticks\000"
 1222      7300
 1223              	.LASF62:
 1224 0006 5F70616C 		.ascii	"_pal_lld_init\000"
 1224      5F6C6C64 
 1224      5F696E69 
 1224      7400
 1225              	.LASF50:
 1226 0014 70616C5F 		.ascii	"pal_default_config\000"
 1226      64656661 
 1226      756C745F 
 1226      636F6E66 
 1226      696700
 1227              	.LASF3:
 1228 0027 73686F72 		.ascii	"short int\000"
 1228      7420696E 
 1228      7400
 1229              	.LASF57:
 1230 0031 474E5520 		.ascii	"GNU C 4.8.4 20140526 (release) [ARM/embedded-4_8-br"
 1230      4320342E 
 1230      382E3420 
 1230      32303134 
 1230      30353236 
 1231 0064 616E6368 		.ascii	"anch revision 211358] -mcpu=cortex-m4 -mno-thumb-in"
 1231      20726576 
 1231      6973696F 
ARM GAS  /tmp/cc8NVqzP.s 			page 23


 1231      6E203231 
 1231      31333538 
 1232 0097 74657277 		.ascii	"terwork -mthumb -ggdb -O2 -fomit-frame-pointer -fal"
 1232      6F726B20 
 1232      2D6D7468 
 1232      756D6220 
 1232      2D676764 
 1233 00ca 69676E2D 		.ascii	"ign-functions=16 -ffunction-sections -fdata-section"
 1233      66756E63 
 1233      74696F6E 
 1233      733D3136 
 1233      202D6666 
 1234 00fd 73202D66 		.ascii	"s -fno-common\000"
 1234      6E6F2D63 
 1234      6F6D6D6F 
 1234      6E00
 1235              	.LASF16:
 1236 010b 73697A65 		.ascii	"sizetype\000"
 1236      74797065 
 1236      00
 1237              	.LASF24:
 1238 0114 50435352 		.ascii	"PCSR\000"
 1238      00
 1239              	.LASF40:
 1240 0119 50464461 		.ascii	"PFData\000"
 1240      746100
 1241              	.LASF43:
 1242 0120 50494461 		.ascii	"PIData\000"
 1242      746100
 1243              	.LASF23:
 1244 0127 464F4C44 		.ascii	"FOLDCNT\000"
 1244      434E5400 
 1245              	.LASF55:
 1246 012f 73706949 		.ascii	"spiInit\000"
 1246      6E697400 
 1247              	.LASF7:
 1248 0137 5F5F7569 		.ascii	"__uint32_t\000"
 1248      6E743332 
 1248      5F7400
 1249              	.LASF54:
 1250 0142 7364496E 		.ascii	"sdInit\000"
 1250      697400
 1251              	.LASF15:
 1252 0149 494F5245 		.ascii	"IOREG32\000"
 1252      47333200 
 1253              	.LASF35:
 1254 0151 50414461 		.ascii	"PAData\000"
 1254      746100
 1255              	.LASF9:
 1256 0158 6C6F6E67 		.ascii	"long long int\000"
 1256      206C6F6E 
 1256      6720696E 
 1256      7400
 1257              	.LASF46:
 1258 0166 68616C49 		.ascii	"halInit\000"
 1258      6E697400 
 1259              	.LASF18:
ARM GAS  /tmp/cc8NVqzP.s 			page 24


 1260 016e 43594343 		.ascii	"CYCCNT\000"
 1260      4E5400
 1261              	.LASF6:
 1262 0175 5F5F696E 		.ascii	"__int32_t\000"
 1262      7433325F 
 1262      7400
 1263              	.LASF30:
 1264 017f 6F737065 		.ascii	"ospeedr\000"
 1264      65647200 
 1265              	.LASF5:
 1266 0187 6C6F6E67 		.ascii	"long int\000"
 1266      20696E74 
 1266      00
 1267              	.LASF53:
 1268 0190 70776D49 		.ascii	"pwmInit\000"
 1268      6E697400 
 1269              	.LASF38:
 1270 0198 50444461 		.ascii	"PDData\000"
 1270      746100
 1271              	.LASF47:
 1272 019f 68616C50 		.ascii	"halPolledDelay\000"
 1272      6F6C6C65 
 1272      6444656C 
 1272      617900
 1273              	.LASF58:
 1274 01ae 2E2E2F2E 		.ascii	"../../os/hal/src/hal.c\000"
 1274      2E2F6F73 
 1274      2F68616C 
 1274      2F737263 
 1274      2F68616C 
 1275              	.LASF56:
 1276 01c5 626F6172 		.ascii	"boardInit\000"
 1276      64496E69 
 1276      7400
 1277              	.LASF41:
 1278 01cf 50474461 		.ascii	"PGData\000"
 1278      746100
 1279              	.LASF37:
 1280 01d6 50434461 		.ascii	"PCData\000"
 1280      746100
 1281              	.LASF2:
 1282 01dd 756E7369 		.ascii	"unsigned char\000"
 1282      676E6564 
 1282      20636861 
 1282      7200
 1283              	.LASF17:
 1284 01eb 4354524C 		.ascii	"CTRL\000"
 1284      00
 1285              	.LASF1:
 1286 01f0 7369676E 		.ascii	"signed char\000"
 1286      65642063 
 1286      68617200 
 1287              	.LASF10:
 1288 01fc 6C6F6E67 		.ascii	"long long unsigned int\000"
 1288      206C6F6E 
 1288      6720756E 
 1288      7369676E 
ARM GAS  /tmp/cc8NVqzP.s 			page 25


 1288      65642069 
 1289              	.LASF12:
 1290 0213 75696E74 		.ascii	"uint32_t\000"
 1290      33325F74 
 1290      00
 1291              	.LASF29:
 1292 021c 6F747970 		.ascii	"otyper\000"
 1292      657200
 1293              	.LASF34:
 1294 0223 73746D33 		.ascii	"stm32_gpio_setup_t\000"
 1294      325F6770 
 1294      696F5F73 
 1294      65747570 
 1294      5F7400
 1295              	.LASF51:
 1296 0236 68616C5F 		.ascii	"hal_lld_init\000"
 1296      6C6C645F 
 1296      696E6974 
 1296      00
 1297              	.LASF45:
 1298 0243 73746172 		.ascii	"start\000"
 1298      7400
 1299              	.LASF4:
 1300 0249 73686F72 		.ascii	"short unsigned int\000"
 1300      7420756E 
 1300      7369676E 
 1300      65642069 
 1300      6E7400
 1301              	.LASF26:
 1302 025c 63686172 		.ascii	"char\000"
 1302      00
 1303              	.LASF11:
 1304 0261 696E7433 		.ascii	"int32_t\000"
 1304      325F7400 
 1305              	.LASF13:
 1306 0269 626F6F6C 		.ascii	"bool_t\000"
 1306      5F7400
 1307              	.LASF44:
 1308 0270 50414C43 		.ascii	"PALConfig\000"
 1308      6F6E6669 
 1308      6700
 1309              	.LASF36:
 1310 027a 50424461 		.ascii	"PBData\000"
 1310      746100
 1311              	.LASF14:
 1312 0281 5F426F6F 		.ascii	"_Bool\000"
 1312      6C00
 1313              	.LASF25:
 1314 0287 434D785F 		.ascii	"CMx_DWT\000"
 1314      44575400 
 1315              	.LASF39:
 1316 028f 50454461 		.ascii	"PEData\000"
 1316      746100
 1317              	.LASF59:
 1318 0296 2F686F6D 		.ascii	"/home/makkmarci/devel/ChibiOS_2.6.5/projects/STM32F"
 1318      652F6D61 
 1318      6B6B6D61 
ARM GAS  /tmp/cc8NVqzP.s 			page 26


 1318      7263692F 
 1318      64657665 
 1319 02c9 345F4368 		.ascii	"4_ChibiOS_uGFX/\000"
 1319      6962694F 
 1319      535F7547 
 1319      46582F00 
 1320              	.LASF19:
 1321 02d9 43504943 		.ascii	"CPICNT\000"
 1321      4E5400
 1322              	.LASF8:
 1323 02e0 6C6F6E67 		.ascii	"long unsigned int\000"
 1323      20756E73 
 1323      69676E65 
 1323      6420696E 
 1323      7400
 1324              	.LASF42:
 1325 02f2 50484461 		.ascii	"PHData\000"
 1325      746100
 1326              	.LASF27:
 1327 02f9 68616C72 		.ascii	"halrtcnt_t\000"
 1327      74636E74 
 1327      5F7400
 1328              	.LASF21:
 1329 0304 534C4545 		.ascii	"SLEEPCNT\000"
 1329      50434E54 
 1329      00
 1330              	.LASF31:
 1331 030d 70757064 		.ascii	"pupdr\000"
 1331      7200
 1332              	.LASF22:
 1333 0313 4C535543 		.ascii	"LSUCNT\000"
 1333      4E5400
 1334              	.LASF33:
 1335 031a 61667268 		.ascii	"afrh\000"
 1335      00
 1336              	.LASF52:
 1337 031f 61646349 		.ascii	"adcInit\000"
 1337      6E697400 
 1338              	.LASF32:
 1339 0327 6166726C 		.ascii	"afrl\000"
 1339      00
 1340              	.LASF28:
 1341 032c 6D6F6465 		.ascii	"moder\000"
 1341      7200
 1342              	.LASF49:
 1343 0332 49544D5F 		.ascii	"ITM_RxBuffer\000"
 1343      52784275 
 1343      66666572 
 1343      00
 1344              	.LASF0:
 1345 033f 756E7369 		.ascii	"unsigned int\000"
 1345      676E6564 
 1345      20696E74 
 1345      00
 1346              	.LASF60:
 1347 034c 68616C49 		.ascii	"halIsCounterWithin\000"
 1347      73436F75 
ARM GAS  /tmp/cc8NVqzP.s 			page 27


 1347      6E746572 
 1347      57697468 
 1347      696E00
 1348              	.LASF20:
 1349 035f 45584343 		.ascii	"EXCCNT\000"
 1349      4E5400
 1350              	.LASF48:
 1351 0366 74696D65 		.ascii	"timeout\000"
 1351      6F757400 
 1352              		.ident	"GCC: (GNU Tools for ARM Embedded Processors) 4.8.4 20140526 (release) [ARM/embedded-4_8-br
ARM GAS  /tmp/cc8NVqzP.s 			page 28


DEFINED SYMBOLS
                            *ABS*:00000000 hal.c
     /tmp/cc8NVqzP.s:19     .text.halInit:00000000 $t
     /tmp/cc8NVqzP.s:25     .text.halInit:00000000 halInit
     /tmp/cc8NVqzP.s:63     .text.halInit:00000024 $d
     /tmp/cc8NVqzP.s:68     .text.halIsCounterWithin:00000000 $t
     /tmp/cc8NVqzP.s:74     .text.halIsCounterWithin:00000000 halIsCounterWithin
     /tmp/cc8NVqzP.s:118    .text.halIsCounterWithin:00000024 $d
     /tmp/cc8NVqzP.s:123    .text.halPolledDelay:00000000 $t
     /tmp/cc8NVqzP.s:129    .text.halPolledDelay:00000000 halPolledDelay
     /tmp/cc8NVqzP.s:196    .text.halPolledDelay:00000034 $d
                     .debug_frame:00000010 $d
     /tmp/cc8NVqzP.s:67     .text.halInit:00000028 $t
     /tmp/cc8NVqzP.s:122    .text.halIsCounterWithin:00000028 $t
     /tmp/cc8NVqzP.s:200    .text.halPolledDelay:00000038 $t

UNDEFINED SYMBOLS
hal_lld_init
_pal_lld_init
adcInit
pwmInit
sdInit
spiInit
boardInit
pal_default_config
