<<<<<<< HEAD
ARM GAS  /tmp/ccLt3Jbl.s 			page 1
=======
ARM GAS  /tmp/cc4I2MvV.s 			page 1
>>>>>>> 679f4fcaa8fcfa8858edaa85dc6fc99552e35e43


   1              		.syntax unified
   2              		.cpu cortex-m4
   3              		.fpu softvfp
   4              		.eabi_attribute 20, 1
   5              		.eabi_attribute 21, 1
   6              		.eabi_attribute 23, 3
   7              		.eabi_attribute 24, 1
   8              		.eabi_attribute 25, 1
   9              		.eabi_attribute 26, 1
  10              		.eabi_attribute 30, 2
  11              		.eabi_attribute 34, 1
  12              		.eabi_attribute 18, 4
  13              		.thumb
  14              		.file	"hal_lld.c"
  15              		.text
  16              	.Ltext0:
  17              		.cfi_sections	.debug_frame
  18              		.section	.text.hal_lld_init,"ax",%progbits
  19              		.align	2
  20              		.p2align 4,,15
  21              		.global	hal_lld_init
  22              		.thumb
  23              		.thumb_func
  24              		.type	hal_lld_init, %function
  25              	hal_lld_init:
  26              	.LFB119:
  27              		.file 1 "../../os/hal/platforms/STM32F4xx/hal_lld.c"
  28              		.loc 1 111 0
  29              		.cfi_startproc
  30              		@ args = 0, pretend = 0, frame = 0
  31              		@ frame_needed = 0, uses_anonymous_args = 0
  32              		@ link register save eliminated.
  33              		.loc 1 115 0
  34 0000 214B     		ldr	r3, .L7
  35              		.loc 1 121 0
  36 0002 2249     		ldr	r1, .L7+4
  37              		.loc 1 115 0
  38 0004 1A69     		ldr	r2, [r3, #16]
  39              		.loc 1 121 0
  40 0006 DFF894C0 		ldr	ip, .L7+20
  41              		.loc 1 115 0
  42 000a 0022     		movs	r2, #0
  43 000c 4FF0FF30 		mov	r0, #-1
  44              		.loc 1 111 0
  45 0010 2DE9F001 		push	{r4, r5, r6, r7, r8}
  46              		.cfi_def_cfa_offset 20
  47              		.cfi_offset 4, -20
  48              		.cfi_offset 5, -16
  49              		.cfi_offset 6, -12
  50              		.cfi_offset 7, -8
  51              		.cfi_offset 8, -4
  52              		.loc 1 115 0
  53 0014 1861     		str	r0, [r3, #16]
  54 0016 1A61     		str	r2, [r3, #16]
  55              		.loc 1 116 0
  56 0018 5F69     		ldr	r7, [r3, #20]
  57 001a 5861     		str	r0, [r3, #20]
<<<<<<< HEAD
ARM GAS  /tmp/ccLt3Jbl.s 			page 2
=======
ARM GAS  /tmp/cc4I2MvV.s 			page 2
>>>>>>> 679f4fcaa8fcfa8858edaa85dc6fc99552e35e43


  58 001c 5A61     		str	r2, [r3, #20]
  59              		.loc 1 117 0
  60 001e 1F6A     		ldr	r7, [r3, #32]
  61              		.loc 1 128 0
  62 0020 1B4E     		ldr	r6, .L7+8
  63              		.loc 1 129 0
  64 0022 1C4D     		ldr	r5, .L7+12
  65              	.LBB4:
  66              	.LBB5:
  67              		.loc 1 54 0
  68 0024 1C4C     		ldr	r4, .L7+16
  69              	.LBE5:
  70              	.LBE4:
  71              		.loc 1 117 0
  72 0026 67F08057 		orn	r7, r7, #268435456
  73 002a 1F62     		str	r7, [r3, #32]
  74 002c 1A62     		str	r2, [r3, #32]
  75              		.loc 1 123 0
  76 002e 0727     		movs	r7, #7
  77              		.loc 1 118 0
  78 0030 D3F82480 		ldr	r8, [r3, #36]
  79 0034 5862     		str	r0, [r3, #36]
  80 0036 5A62     		str	r2, [r3, #36]
  81              		.loc 1 121 0
  82 0038 C1F804C0 		str	ip, [r1, #4]
  83              		.loc 1 122 0
  84 003c 8A60     		str	r2, [r1, #8]
  85              		.loc 1 123 0
  86 003e 0F60     		str	r7, [r1]
  87              		.loc 1 128 0
  88 0040 F168     		ldr	r1, [r6, #12]
  89 0042 41F08071 		orr	r1, r1, #16777216
  90 0046 F160     		str	r1, [r6, #12]
  91              		.loc 1 129 0
  92 0048 2968     		ldr	r1, [r5]
  93 004a 41F00101 		orr	r1, r1, #1
  94 004e 2960     		str	r1, [r5]
  95              		.loc 1 132 0
  96 0050 196C     		ldr	r1, [r3, #64]
  97 0052 41F08051 		orr	r1, r1, #268435456
  98 0056 1964     		str	r1, [r3, #64]
  99              	.LBB7:
 100              	.LBB6:
 101              		.loc 1 54 0
 102 0058 2168     		ldr	r1, [r4]
 103 005a 41F48071 		orr	r1, r1, #256
 104 005e 2160     		str	r1, [r4]
 105              		.loc 1 57 0
 106 0060 196F     		ldr	r1, [r3, #112]
 107 0062 01F44071 		and	r1, r1, #768
 108 0066 B1F5007F 		cmp	r1, #512
 109 006a 03D0     		beq	.L2
 110              		.loc 1 59 0
 111 006c 4FF48031 		mov	r1, #65536
 112 0070 1967     		str	r1, [r3, #112]
 113              		.loc 1 60 0
 114 0072 1A67     		str	r2, [r3, #112]
<<<<<<< HEAD
ARM GAS  /tmp/ccLt3Jbl.s 			page 3
=======
ARM GAS  /tmp/cc4I2MvV.s 			page 3
>>>>>>> 679f4fcaa8fcfa8858edaa85dc6fc99552e35e43


 115              	.L2:
 116              		.loc 1 94 0
 117 0074 084B     		ldr	r3, .L7+16
 118 0076 5A68     		ldr	r2, [r3, #4]
 119 0078 22F40072 		bic	r2, r2, #512
 120 007c 5A60     		str	r2, [r3, #4]
 121              	.LBE6:
 122              	.LBE7:
 123              		.loc 1 145 0
 124 007e BDE8F001 		pop	{r4, r5, r6, r7, r8}
 125              		.loc 1 138 0
 126 0082 FFF7FEBF 		b	dmaInit
 127              	.LVL0:
 128              	.L8:
 129 0086 00BF     		.align	2
 130              	.L7:
 131 0088 00380240 		.word	1073887232
 132 008c 10E000E0 		.word	-536813552
 133 0090 F0ED00E0 		.word	-536810000
 134 0094 001000E0 		.word	-536866816
 135 0098 00700040 		.word	1073770496
 136 009c 3F900200 		.word	167999
 137              		.cfi_endproc
 138              	.LFE119:
 139              		.size	hal_lld_init, .-hal_lld_init
 140              		.section	.text.stm32_clock_init,"ax",%progbits
 141              		.align	2
 142              		.p2align 4,,15
 143              		.global	stm32_clock_init
 144              		.thumb
 145              		.thumb_func
 146              		.type	stm32_clock_init, %function
 147              	stm32_clock_init:
 148              	.LFB120:
 149              		.loc 1 154 0
 150              		.cfi_startproc
 151              		@ args = 0, pretend = 0, frame = 0
 152              		@ frame_needed = 0, uses_anonymous_args = 0
 153              		@ link register save eliminated.
 154              		.loc 1 158 0
 155 0000 2B49     		ldr	r1, .L24
 156              		.loc 1 162 0
 157 0002 2C4B     		ldr	r3, .L24+4
 158              		.loc 1 158 0
 159 0004 4FF08050 		mov	r0, #268435456
 160              		.loc 1 162 0
 161 0008 4FF44042 		mov	r2, #49152
 162              		.loc 1 158 0
 163 000c 0864     		str	r0, [r1, #64]
 164              		.loc 1 162 0
 165 000e 1A60     		str	r2, [r3]
 166              		.loc 1 169 0
 167 0010 0B68     		ldr	r3, [r1]
 168 0012 43F00103 		orr	r3, r3, #1
 169 0016 0B60     		str	r3, [r1]
 170              	.L11:
 171              		.loc 1 170 0 discriminator 1
<<<<<<< HEAD
ARM GAS  /tmp/ccLt3Jbl.s 			page 4
=======
ARM GAS  /tmp/cc4I2MvV.s 			page 4
>>>>>>> 679f4fcaa8fcfa8858edaa85dc6fc99552e35e43


 172 0018 0B68     		ldr	r3, [r1]
 173 001a 254A     		ldr	r2, .L24
 174 001c 9807     		lsls	r0, r3, #30
 175 001e FBD5     		bpl	.L11
 176              		.loc 1 172 0
 177 0020 1168     		ldr	r1, [r2]
 178              		.loc 1 173 0
 179 0022 0023     		movs	r3, #0
 180              		.loc 1 172 0
 181 0024 01F0F901 		and	r1, r1, #249
 182 0028 1160     		str	r1, [r2]
 183              		.loc 1 174 0
 184 002a 1146     		mov	r1, r2
 185              		.loc 1 173 0
 186 002c 9360     		str	r3, [r2, #8]
 187              	.L13:
 188              		.loc 1 174 0 discriminator 1
 189 002e 8B68     		ldr	r3, [r1, #8]
 190 0030 1F4A     		ldr	r2, .L24
 191 0032 13F00C0F 		tst	r3, #12
 192 0036 FAD1     		bne	.L13
 193              		.loc 1 184 0
 194 0038 1368     		ldr	r3, [r2]
 195 003a 43F48033 		orr	r3, r3, #65536
 196 003e 1360     		str	r3, [r2]
 197              		.loc 1 186 0
 198 0040 1146     		mov	r1, r2
 199              	.L15:
 200              		.loc 1 186 0 is_stmt 0 discriminator 1
 201 0042 0B68     		ldr	r3, [r1]
 202 0044 1A4A     		ldr	r2, .L24
 203 0046 9B03     		lsls	r3, r3, #14
 204 0048 FBD5     		bpl	.L15
 205              		.loc 1 192 0 is_stmt 1
 206 004a 536F     		ldr	r3, [r2, #116]
 207 004c 43F00103 		orr	r3, r3, #1
 208 0050 5367     		str	r3, [r2, #116]
 209              		.loc 1 193 0
 210 0052 1146     		mov	r1, r2
 211              	.L17:
 212              		.loc 1 193 0 is_stmt 0 discriminator 1
 213 0054 4B6F     		ldr	r3, [r1, #116]
 214 0056 164A     		ldr	r2, .L24
 215 0058 9807     		lsls	r0, r3, #30
 216 005a FBD5     		bpl	.L17
 217              		.loc 1 199 0 is_stmt 1
 218 005c 164B     		ldr	r3, .L24+8
 219 005e 5360     		str	r3, [r2, #4]
 220              		.loc 1 201 0
 221 0060 1368     		ldr	r3, [r2]
 222              		.loc 1 205 0
 223 0062 1449     		ldr	r1, .L24+4
 224              		.loc 1 201 0
 225 0064 43F08073 		orr	r3, r3, #16777216
 226 0068 1360     		str	r3, [r2]
 227              	.L19:
 228              		.loc 1 205 0 discriminator 1
<<<<<<< HEAD
ARM GAS  /tmp/ccLt3Jbl.s 			page 5
=======
ARM GAS  /tmp/cc4I2MvV.s 			page 5
>>>>>>> 679f4fcaa8fcfa8858edaa85dc6fc99552e35e43


 229 006a 4B68     		ldr	r3, [r1, #4]
 230 006c 5A04     		lsls	r2, r3, #17
 231 006e FCD5     		bpl	.L19
 232              		.loc 1 221 0
 233 0070 0F49     		ldr	r1, .L24
 234              	.L21:
 235 0072 0B68     		ldr	r3, [r1]
 236 0074 0E4A     		ldr	r2, .L24
 237 0076 9B01     		lsls	r3, r3, #6
 238 0078 FBD5     		bpl	.L21
 239              		.loc 1 249 0
 240 007a 104B     		ldr	r3, .L24+12
 241              		.loc 1 236 0
 242 007c 1049     		ldr	r1, .L24+16
 243 007e 9160     		str	r1, [r2, #8]
 244              		.loc 1 249 0
 245 0080 40F20571 		movw	r1, #1797
 246 0084 1960     		str	r1, [r3]
 247              		.loc 1 255 0
 248 0086 9368     		ldr	r3, [r2, #8]
 249 0088 43F00203 		orr	r3, r3, #2
 250 008c 9360     		str	r3, [r2, #8]
 251              		.loc 1 256 0
 252 008e 1146     		mov	r1, r2
 253              	.L23:
 254              		.loc 1 256 0 is_stmt 0 discriminator 1
 255 0090 8B68     		ldr	r3, [r1, #8]
 256 0092 074A     		ldr	r2, .L24
 257 0094 03F00C03 		and	r3, r3, #12
 258 0098 082B     		cmp	r3, #8
 259 009a F9D1     		bne	.L23
 260              		.loc 1 263 0 is_stmt 1
 261 009c 536C     		ldr	r3, [r2, #68]
 262 009e 43F48043 		orr	r3, r3, #16384
 263 00a2 5364     		str	r3, [r2, #68]
 264 00a4 536E     		ldr	r3, [r2, #100]
 265 00a6 43F48043 		orr	r3, r3, #16384
 266 00aa 5366     		str	r3, [r2, #100]
 267 00ac 7047     		bx	lr
 268              	.L25:
 269 00ae 00BF     		.align	2
 270              	.L24:
 271 00b0 00380240 		.word	1073887232
 272 00b4 00700040 		.word	1073770496
 273 00b8 08544007 		.word	121656328
 274 00bc 003C0240 		.word	1073888256
 275 00c0 00940838 		.word	940086272
 276              		.cfi_endproc
 277              	.LFE120:
 278              		.size	stm32_clock_init, .-stm32_clock_init
 279 00c4 AFF30080 		.text
 279      AFF30080 
 279      AFF30080 
 280              	.Letext0:
 281              		.file 2 "/opt/ARM/arm-none-eabi/include/machine/_default_types.h"
 282              		.file 3 "/opt/ARM/arm-none-eabi/include/stdint.h"
 283              		.file 4 "../../os/ports/common/ARMCMx/nvic.h"
<<<<<<< HEAD
ARM GAS  /tmp/ccLt3Jbl.s 			page 6
=======
ARM GAS  /tmp/cc4I2MvV.s 			page 6
>>>>>>> 679f4fcaa8fcfa8858edaa85dc6fc99552e35e43


 284              		.file 5 "../../os/ports/common/ARMCMx/CMSIS/include/core_cm4.h"
 285              		.file 6 "../../os/hal/platforms/STM32F4xx/stm32f4xx.h"
 286              		.file 7 "../../os/hal/platforms/STM32F4xx/stm32_dma.h"
 287              		.section	.debug_info,"",%progbits
 288              	.Ldebug_info0:
 289 0000 8D040000 		.4byte	0x48d
 290 0004 0400     		.2byte	0x4
 291 0006 00000000 		.4byte	.Ldebug_abbrev0
 292 000a 04       		.byte	0x4
 293 000b 01       		.uleb128 0x1
 294 000c 2B000000 		.4byte	.LASF70
 295 0010 01       		.byte	0x1
<<<<<<< HEAD
 296 0011 89030000 		.4byte	.LASF71
 297 0015 37010000 		.4byte	.LASF72
=======
 296 0011 8E030000 		.4byte	.LASF71
 297 0015 10030000 		.4byte	.LASF72
>>>>>>> 679f4fcaa8fcfa8858edaa85dc6fc99552e35e43
 298 0019 18000000 		.4byte	.Ldebug_ranges0+0x18
 299 001d 00000000 		.4byte	0
 300 0021 00000000 		.4byte	.Ldebug_line0
 301 0025 02       		.uleb128 0x2
 302 0026 04       		.byte	0x4
 303 0027 05       		.byte	0x5
 304 0028 696E7400 		.ascii	"int\000"
 305 002c 03       		.uleb128 0x3
 306 002d 04       		.byte	0x4
 307 002e 07       		.byte	0x7
<<<<<<< HEAD
 308 002f A6020000 		.4byte	.LASF0
 309 0033 03       		.uleb128 0x3
 310 0034 01       		.byte	0x1
 311 0035 06       		.byte	0x6
 312 0036 7A020000 		.4byte	.LASF1
 313 003a 03       		.uleb128 0x3
 314 003b 01       		.byte	0x1
 315 003c 08       		.byte	0x8
 316 003d 64020000 		.4byte	.LASF2
=======
 308 002f 6B020000 		.4byte	.LASF0
 309 0033 03       		.uleb128 0x3
 310 0034 01       		.byte	0x1
 311 0035 06       		.byte	0x6
 312 0036 3F020000 		.4byte	.LASF1
 313 003a 03       		.uleb128 0x3
 314 003b 01       		.byte	0x1
 315 003c 08       		.byte	0x8
 316 003d 29020000 		.4byte	.LASF2
>>>>>>> 679f4fcaa8fcfa8858edaa85dc6fc99552e35e43
 317 0041 03       		.uleb128 0x3
 318 0042 02       		.byte	0x2
 319 0043 05       		.byte	0x5
 320 0044 21000000 		.4byte	.LASF3
 321 0048 03       		.uleb128 0x3
 322 0049 02       		.byte	0x2
 323 004a 07       		.byte	0x7
<<<<<<< HEAD
 324 004b F0020000 		.4byte	.LASF4
 325 004f 04       		.uleb128 0x4
 326 0050 B4030000 		.4byte	.LASF6
=======
 324 004b B5020000 		.4byte	.LASF4
 325 004f 04       		.uleb128 0x4
 326 0050 B9030000 		.4byte	.LASF6
>>>>>>> 679f4fcaa8fcfa8858edaa85dc6fc99552e35e43
 327 0054 02       		.byte	0x2
 328 0055 37       		.byte	0x37
 329 0056 5A000000 		.4byte	0x5a
 330 005a 03       		.uleb128 0x3
 331 005b 04       		.byte	0x4
 332 005c 05       		.byte	0x5
<<<<<<< HEAD
 333 005d 1A020000 		.4byte	.LASF5
=======
 333 005d DF010000 		.4byte	.LASF5
>>>>>>> 679f4fcaa8fcfa8858edaa85dc6fc99552e35e43
 334 0061 04       		.uleb128 0x4
 335 0062 75010000 		.4byte	.LASF7
 336 0066 02       		.byte	0x2
 337 0067 38       		.byte	0x38
 338 0068 6C000000 		.4byte	0x6c
 339 006c 03       		.uleb128 0x3
 340 006d 04       		.byte	0x4
<<<<<<< HEAD
ARM GAS  /tmp/ccLt3Jbl.s 			page 7


 341 006e 07       		.byte	0x7
 342 006f BC020000 		.4byte	.LASF8
 343 0073 03       		.uleb128 0x3
 344 0074 08       		.byte	0x8
 345 0075 05       		.byte	0x5
 346 0076 F9010000 		.4byte	.LASF9
 347 007a 03       		.uleb128 0x3
 348 007b 08       		.byte	0x8
 349 007c 07       		.byte	0x7
 350 007d 86020000 		.4byte	.LASF10
 351 0081 04       		.uleb128 0x4
 352 0082 1A030000 		.4byte	.LASF11
=======
ARM GAS  /tmp/cc4I2MvV.s 			page 7


 341 006e 07       		.byte	0x7
 342 006f 81020000 		.4byte	.LASF8
 343 0073 03       		.uleb128 0x3
 344 0074 08       		.byte	0x8
 345 0075 05       		.byte	0x5
 346 0076 BE010000 		.4byte	.LASF9
 347 007a 03       		.uleb128 0x3
 348 007b 08       		.byte	0x8
 349 007c 07       		.byte	0x7
 350 007d 4B020000 		.4byte	.LASF10
 351 0081 04       		.uleb128 0x4
 352 0082 DF020000 		.4byte	.LASF11
>>>>>>> 679f4fcaa8fcfa8858edaa85dc6fc99552e35e43
 353 0086 03       		.byte	0x3
 354 0087 41       		.byte	0x41
 355 0088 4F000000 		.4byte	0x4f
 356 008c 04       		.uleb128 0x4
<<<<<<< HEAD
 357 008d 9D020000 		.4byte	.LASF12
=======
 357 008d 62020000 		.4byte	.LASF12
>>>>>>> 679f4fcaa8fcfa8858edaa85dc6fc99552e35e43
 358 0091 03       		.byte	0x3
 359 0092 42       		.byte	0x42
 360 0093 61000000 		.4byte	0x61
 361 0097 03       		.uleb128 0x3
 362 0098 01       		.byte	0x1
 363 0099 02       		.byte	0x2
<<<<<<< HEAD
 364 009a 22030000 		.4byte	.LASF13
 365 009e 04       		.uleb128 0x4
 366 009f E9010000 		.4byte	.LASF14
=======
 364 009a E7020000 		.4byte	.LASF13
 365 009e 04       		.uleb128 0x4
 366 009f AE010000 		.4byte	.LASF14
>>>>>>> 679f4fcaa8fcfa8858edaa85dc6fc99552e35e43
 367 00a3 04       		.byte	0x4
 368 00a4 3A       		.byte	0x3a
 369 00a5 A9000000 		.4byte	0xa9
 370 00a9 05       		.uleb128 0x5
 371 00aa 8C000000 		.4byte	0x8c
 372 00ae 03       		.uleb128 0x3
 373 00af 04       		.byte	0x4
 374 00b0 07       		.byte	0x7
 375 00b1 05010000 		.4byte	.LASF15
 376 00b5 06       		.uleb128 0x6
 377 00b6 10       		.byte	0x10
 378 00b7 04       		.byte	0x4
 379 00b8 F1       		.byte	0xf1
 380 00b9 EE000000 		.4byte	0xee
 381 00bd 07       		.uleb128 0x7
<<<<<<< HEAD
 382 00be 14020000 		.4byte	.LASF16
=======
 382 00be D9010000 		.4byte	.LASF16
>>>>>>> 679f4fcaa8fcfa8858edaa85dc6fc99552e35e43
 383 00c2 04       		.byte	0x4
 384 00c3 F2       		.byte	0xf2
 385 00c4 9E000000 		.4byte	0x9e
 386 00c8 00       		.byte	0
 387 00c9 07       		.uleb128 0x7
<<<<<<< HEAD
 388 00ca BA010000 		.4byte	.LASF17
=======
 388 00ca 7F010000 		.4byte	.LASF17
>>>>>>> 679f4fcaa8fcfa8858edaa85dc6fc99552e35e43
 389 00ce 04       		.byte	0x4
 390 00cf F3       		.byte	0xf3
 391 00d0 9E000000 		.4byte	0x9e
 392 00d4 04       		.byte	0x4
 393 00d5 07       		.uleb128 0x7
<<<<<<< HEAD
 394 00d6 DB010000 		.4byte	.LASF18
 395 00da 04       		.byte	0x4
 396 00db F4       		.byte	0xf4
 397 00dc 9E000000 		.4byte	0x9e
ARM GAS  /tmp/ccLt3Jbl.s 			page 8
=======
 394 00d6 A0010000 		.4byte	.LASF18
 395 00da 04       		.byte	0x4
 396 00db F4       		.byte	0xf4
 397 00dc 9E000000 		.4byte	0x9e
ARM GAS  /tmp/cc4I2MvV.s 			page 8
>>>>>>> 679f4fcaa8fcfa8858edaa85dc6fc99552e35e43


 398 00e0 08       		.byte	0x8
 399 00e1 07       		.uleb128 0x7
 400 00e2 1B000000 		.4byte	.LASF19
 401 00e6 04       		.byte	0x4
 402 00e7 F5       		.byte	0xf5
 403 00e8 9E000000 		.4byte	0x9e
 404 00ec 0C       		.byte	0xc
 405 00ed 00       		.byte	0
 406 00ee 04       		.uleb128 0x4
<<<<<<< HEAD
 407 00ef 12030000 		.4byte	.LASF20
=======
 407 00ef D7020000 		.4byte	.LASF20
>>>>>>> 679f4fcaa8fcfa8858edaa85dc6fc99552e35e43
 408 00f3 04       		.byte	0x4
 409 00f4 F6       		.byte	0xf6
 410 00f5 B5000000 		.4byte	0xb5
 411 00f9 08       		.uleb128 0x8
 412 00fa 20       		.byte	0x20
 413 00fb 04       		.byte	0x4
 414 00fc 0601     		.2byte	0x106
 415 00fe 6B010000 		.4byte	0x16b
 416 0102 09       		.uleb128 0x9
 417 0103 8E010000 		.4byte	.LASF21
 418 0107 04       		.byte	0x4
 419 0108 0701     		.2byte	0x107
 420 010a 9E000000 		.4byte	0x9e
 421 010e 00       		.byte	0
 422 010f 09       		.uleb128 0x9
<<<<<<< HEAD
 423 0110 07020000 		.4byte	.LASF22
=======
 423 0110 CC010000 		.4byte	.LASF22
>>>>>>> 679f4fcaa8fcfa8858edaa85dc6fc99552e35e43
 424 0114 04       		.byte	0x4
 425 0115 0801     		.2byte	0x108
 426 0117 9E000000 		.4byte	0x9e
 427 011b 04       		.byte	0x4
 428 011c 09       		.uleb128 0x9
<<<<<<< HEAD
 429 011d A1010000 		.4byte	.LASF23
=======
 429 011d ED020000 		.4byte	.LASF23
>>>>>>> 679f4fcaa8fcfa8858edaa85dc6fc99552e35e43
 430 0121 04       		.byte	0x4
 431 0122 0901     		.2byte	0x109
 432 0124 9E000000 		.4byte	0x9e
 433 0128 08       		.byte	0x8
 434 0129 09       		.uleb128 0x9
<<<<<<< HEAD
 435 012a 5D020000 		.4byte	.LASF24
=======
 435 012a 22020000 		.4byte	.LASF24
>>>>>>> 679f4fcaa8fcfa8858edaa85dc6fc99552e35e43
 436 012e 04       		.byte	0x4
 437 012f 0A01     		.2byte	0x10a
 438 0131 9E000000 		.4byte	0x9e
 439 0135 0C       		.byte	0xc
 440 0136 09       		.uleb128 0x9
<<<<<<< HEAD
 441 0137 80030000 		.4byte	.LASF25
=======
 441 0137 85030000 		.4byte	.LASF25
>>>>>>> 679f4fcaa8fcfa8858edaa85dc6fc99552e35e43
 442 013b 04       		.byte	0x4
 443 013c 0B01     		.2byte	0x10b
 444 013e 9E000000 		.4byte	0x9e
 445 0142 10       		.byte	0x10
 446 0143 09       		.uleb128 0x9
<<<<<<< HEAD
 447 0144 BE030000 		.4byte	.LASF26
=======
 447 0144 C3030000 		.4byte	.LASF26
>>>>>>> 679f4fcaa8fcfa8858edaa85dc6fc99552e35e43
 448 0148 04       		.byte	0x4
 449 0149 0C01     		.2byte	0x10c
 450 014b 9E000000 		.4byte	0x9e
 451 014f 14       		.byte	0x14
 452 0150 09       		.uleb128 0x9
 453 0151 18010000 		.4byte	.LASF27
 454 0155 04       		.byte	0x4
<<<<<<< HEAD
ARM GAS  /tmp/ccLt3Jbl.s 			page 9
=======
ARM GAS  /tmp/cc4I2MvV.s 			page 9
>>>>>>> 679f4fcaa8fcfa8858edaa85dc6fc99552e35e43


 455 0156 0D01     		.2byte	0x10d
 456 0158 9E000000 		.4byte	0x9e
 457 015c 18       		.byte	0x18
 458 015d 09       		.uleb128 0x9
 459 015e 13010000 		.4byte	.LASF28
 460 0162 04       		.byte	0x4
 461 0163 0E01     		.2byte	0x10e
 462 0165 9E000000 		.4byte	0x9e
 463 0169 1C       		.byte	0x1c
 464 016a 00       		.byte	0
 465 016b 0A       		.uleb128 0xa
 466 016c 80010000 		.4byte	.LASF29
 467 0170 04       		.byte	0x4
 468 0171 0F01     		.2byte	0x10f
 469 0173 F9000000 		.4byte	0xf9
 470 0177 03       		.uleb128 0x3
 471 0178 01       		.byte	0x1
 472 0179 08       		.byte	0x8
<<<<<<< HEAD
 473 017a 0D030000 		.4byte	.LASF30
=======
 473 017a D2020000 		.4byte	.LASF30
>>>>>>> 679f4fcaa8fcfa8858edaa85dc6fc99552e35e43
 474 017e 0B       		.uleb128 0xb
 475 017f A9000000 		.4byte	0xa9
 476 0183 0C       		.uleb128 0xc
 477 0184 8C000000 		.4byte	0x8c
 478 0188 93010000 		.4byte	0x193
 479 018c 0D       		.uleb128 0xd
 480 018d AE000000 		.4byte	0xae
 481 0191 01       		.byte	0x1
 482 0192 00       		.byte	0
 483 0193 08       		.uleb128 0x8
 484 0194 10       		.byte	0x10
 485 0195 05       		.byte	0x5
 486 0196 6002     		.2byte	0x260
 487 0198 D1010000 		.4byte	0x1d1
 488 019c 09       		.uleb128 0x9
 489 019d 8E010000 		.4byte	.LASF21
 490 01a1 05       		.byte	0x5
 491 01a2 6202     		.2byte	0x262
 492 01a4 A9000000 		.4byte	0xa9
 493 01a8 00       		.byte	0
 494 01a9 09       		.uleb128 0x9
<<<<<<< HEAD
 495 01aa C5030000 		.4byte	.LASF31
=======
 495 01aa CA030000 		.4byte	.LASF31
>>>>>>> 679f4fcaa8fcfa8858edaa85dc6fc99552e35e43
 496 01ae 05       		.byte	0x5
 497 01af 6302     		.2byte	0x263
 498 01b1 A9000000 		.4byte	0xa9
 499 01b5 04       		.byte	0x4
 500 01b6 0E       		.uleb128 0xe
 501 01b7 56414C00 		.ascii	"VAL\000"
 502 01bb 05       		.byte	0x5
 503 01bc 6402     		.2byte	0x264
 504 01be A9000000 		.4byte	0xa9
 505 01c2 08       		.byte	0x8
 506 01c3 09       		.uleb128 0x9
<<<<<<< HEAD
 507 01c4 0E020000 		.4byte	.LASF32
=======
 507 01c4 D3010000 		.4byte	.LASF32
>>>>>>> 679f4fcaa8fcfa8858edaa85dc6fc99552e35e43
 508 01c8 05       		.byte	0x5
 509 01c9 6502     		.2byte	0x265
 510 01cb 7E010000 		.4byte	0x17e
 511 01cf 0C       		.byte	0xc
<<<<<<< HEAD
ARM GAS  /tmp/ccLt3Jbl.s 			page 10
=======
ARM GAS  /tmp/cc4I2MvV.s 			page 10
>>>>>>> 679f4fcaa8fcfa8858edaa85dc6fc99552e35e43


 512 01d0 00       		.byte	0
 513 01d1 0A       		.uleb128 0xa
<<<<<<< HEAD
 514 01d2 E3020000 		.4byte	.LASF33
=======
 514 01d2 A8020000 		.4byte	.LASF33
>>>>>>> 679f4fcaa8fcfa8858edaa85dc6fc99552e35e43
 515 01d6 05       		.byte	0x5
 516 01d7 6602     		.2byte	0x266
 517 01d9 93010000 		.4byte	0x193
 518 01dd 05       		.uleb128 0x5
 519 01de 81000000 		.4byte	0x81
 520 01e2 08       		.uleb128 0x8
 521 01e3 1C       		.byte	0x1c
 522 01e4 06       		.byte	0x6
 523 01e5 3E03     		.2byte	0x33e
 524 01e7 45020000 		.4byte	0x245
 525 01eb 0E       		.uleb128 0xe
 526 01ec 41435200 		.ascii	"ACR\000"
 527 01f0 06       		.byte	0x6
 528 01f1 4003     		.2byte	0x340
 529 01f3 A9000000 		.4byte	0xa9
 530 01f7 00       		.byte	0
 531 01f8 09       		.uleb128 0x9
<<<<<<< HEAD
 532 01f9 58020000 		.4byte	.LASF34
=======
 532 01f9 1D020000 		.4byte	.LASF34
>>>>>>> 679f4fcaa8fcfa8858edaa85dc6fc99552e35e43
 533 01fd 06       		.byte	0x6
 534 01fe 4103     		.2byte	0x341
 535 0200 A9000000 		.4byte	0xa9
 536 0204 04       		.byte	0x4
 537 0205 09       		.uleb128 0x9
<<<<<<< HEAD
 538 0206 F1010000 		.4byte	.LASF35
=======
 538 0206 B6010000 		.4byte	.LASF35
>>>>>>> 679f4fcaa8fcfa8858edaa85dc6fc99552e35e43
 539 020a 06       		.byte	0x6
 540 020b 4203     		.2byte	0x342
 541 020d A9000000 		.4byte	0xa9
 542 0211 08       		.byte	0x8
 543 0212 0E       		.uleb128 0xe
 544 0213 535200   		.ascii	"SR\000"
 545 0216 06       		.byte	0x6
 546 0217 4303     		.2byte	0x343
 547 0219 A9000000 		.4byte	0xa9
 548 021d 0C       		.byte	0xc
 549 021e 0E       		.uleb128 0xe
 550 021f 435200   		.ascii	"CR\000"
 551 0222 06       		.byte	0x6
 552 0223 4403     		.2byte	0x344
 553 0225 A9000000 		.4byte	0xa9
 554 0229 10       		.byte	0x10
 555 022a 09       		.uleb128 0x9
<<<<<<< HEAD
 556 022b 0B040000 		.4byte	.LASF36
=======
 556 022b 10040000 		.4byte	.LASF36
>>>>>>> 679f4fcaa8fcfa8858edaa85dc6fc99552e35e43
 557 022f 06       		.byte	0x6
 558 0230 4503     		.2byte	0x345
 559 0232 A9000000 		.4byte	0xa9
 560 0236 14       		.byte	0x14
 561 0237 09       		.uleb128 0x9
<<<<<<< HEAD
 562 0238 49020000 		.4byte	.LASF37
=======
 562 0238 0E020000 		.4byte	.LASF37
>>>>>>> 679f4fcaa8fcfa8858edaa85dc6fc99552e35e43
 563 023c 06       		.byte	0x6
 564 023d 4603     		.2byte	0x346
 565 023f A9000000 		.4byte	0xa9
 566 0243 18       		.byte	0x18
 567 0244 00       		.byte	0
 568 0245 0A       		.uleb128 0xa
<<<<<<< HEAD
ARM GAS  /tmp/ccLt3Jbl.s 			page 11


 569 0246 DB030000 		.4byte	.LASF38
=======
ARM GAS  /tmp/cc4I2MvV.s 			page 11


 569 0246 E0030000 		.4byte	.LASF38
>>>>>>> 679f4fcaa8fcfa8858edaa85dc6fc99552e35e43
 570 024a 06       		.byte	0x6
 571 024b 4703     		.2byte	0x347
 572 024d E2010000 		.4byte	0x1e2
 573 0251 08       		.uleb128 0x8
 574 0252 08       		.byte	0x8
 575 0253 06       		.byte	0x6
 576 0254 4E04     		.2byte	0x44e
 577 0256 74020000 		.4byte	0x274
 578 025a 0E       		.uleb128 0xe
 579 025b 435200   		.ascii	"CR\000"
 580 025e 06       		.byte	0x6
 581 025f 5004     		.2byte	0x450
 582 0261 A9000000 		.4byte	0xa9
 583 0265 00       		.byte	0
 584 0266 0E       		.uleb128 0xe
 585 0267 43535200 		.ascii	"CSR\000"
 586 026b 06       		.byte	0x6
 587 026c 5104     		.2byte	0x451
 588 026e A9000000 		.4byte	0xa9
 589 0272 04       		.byte	0x4
 590 0273 00       		.byte	0
 591 0274 0A       		.uleb128 0xa
 592 0275 2B010000 		.4byte	.LASF39
 593 0279 06       		.byte	0x6
 594 027a 5204     		.2byte	0x452
 595 027c 51020000 		.4byte	0x251
 596 0280 08       		.uleb128 0x8
 597 0281 90       		.byte	0x90
 598 0282 06       		.byte	0x6
 599 0283 5804     		.2byte	0x458
 600 0285 29040000 		.4byte	0x429
 601 0289 0E       		.uleb128 0xe
 602 028a 435200   		.ascii	"CR\000"
 603 028d 06       		.byte	0x6
 604 028e 5A04     		.2byte	0x45a
 605 0290 A9000000 		.4byte	0xa9
 606 0294 00       		.byte	0
 607 0295 09       		.uleb128 0x9
<<<<<<< HEAD
 608 0296 DB020000 		.4byte	.LASF40
=======
 608 0296 A0020000 		.4byte	.LASF40
>>>>>>> 679f4fcaa8fcfa8858edaa85dc6fc99552e35e43
 609 029a 06       		.byte	0x6
 610 029b 5B04     		.2byte	0x45b
 611 029d A9000000 		.4byte	0xa9
 612 02a1 04       		.byte	0x4
 613 02a2 09       		.uleb128 0x9
 614 02a3 9C010000 		.4byte	.LASF41
 615 02a7 06       		.byte	0x6
 616 02a8 5C04     		.2byte	0x45c
 617 02aa A9000000 		.4byte	0xa9
 618 02ae 08       		.byte	0x8
 619 02af 0E       		.uleb128 0xe
 620 02b0 43495200 		.ascii	"CIR\000"
 621 02b4 06       		.byte	0x6
 622 02b5 5D04     		.2byte	0x45d
 623 02b7 A9000000 		.4byte	0xa9
 624 02bb 0C       		.byte	0xc
 625 02bc 09       		.uleb128 0x9
<<<<<<< HEAD
ARM GAS  /tmp/ccLt3Jbl.s 			page 12
=======
ARM GAS  /tmp/cc4I2MvV.s 			page 12
>>>>>>> 679f4fcaa8fcfa8858edaa85dc6fc99552e35e43


 626 02bd 93010000 		.4byte	.LASF42
 627 02c1 06       		.byte	0x6
 628 02c2 5E04     		.2byte	0x45e
 629 02c4 A9000000 		.4byte	0xa9
 630 02c8 10       		.byte	0x10
 631 02c9 09       		.uleb128 0x9
<<<<<<< HEAD
 632 02ca B3020000 		.4byte	.LASF43
=======
 632 02ca 78020000 		.4byte	.LASF43
>>>>>>> 679f4fcaa8fcfa8858edaa85dc6fc99552e35e43
 633 02ce 06       		.byte	0x6
 634 02cf 5F04     		.2byte	0x45f
 635 02d1 A9000000 		.4byte	0xa9
 636 02d5 14       		.byte	0x14
 637 02d6 09       		.uleb128 0x9
<<<<<<< HEAD
 638 02d7 D2030000 		.4byte	.LASF44
=======
 638 02d7 D7030000 		.4byte	.LASF44
>>>>>>> 679f4fcaa8fcfa8858edaa85dc6fc99552e35e43
 639 02db 06       		.byte	0x6
 640 02dc 6004     		.2byte	0x460
 641 02de A9000000 		.4byte	0xa9
 642 02e2 18       		.byte	0x18
 643 02e3 09       		.uleb128 0x9
<<<<<<< HEAD
 644 02e4 3A030000 		.4byte	.LASF45
=======
 644 02e4 06030000 		.4byte	.LASF45
>>>>>>> 679f4fcaa8fcfa8858edaa85dc6fc99552e35e43
 645 02e8 06       		.byte	0x6
 646 02e9 6104     		.2byte	0x461
 647 02eb 8C000000 		.4byte	0x8c
 648 02ef 1C       		.byte	0x1c
 649 02f0 09       		.uleb128 0x9
 650 02f1 0A000000 		.4byte	.LASF46
 651 02f5 06       		.byte	0x6
 652 02f6 6204     		.2byte	0x462
 653 02f8 A9000000 		.4byte	0xa9
 654 02fc 20       		.byte	0x20
 655 02fd 09       		.uleb128 0x9
<<<<<<< HEAD
 656 02fe 2F020000 		.4byte	.LASF47
=======
 656 02fe F4010000 		.4byte	.LASF47
>>>>>>> 679f4fcaa8fcfa8858edaa85dc6fc99552e35e43
 657 0302 06       		.byte	0x6
 658 0303 6304     		.2byte	0x463
 659 0305 A9000000 		.4byte	0xa9
 660 0309 24       		.byte	0x24
 661 030a 09       		.uleb128 0x9
<<<<<<< HEAD
 662 030b 44030000 		.4byte	.LASF48
=======
 662 030b 63010000 		.4byte	.LASF48
>>>>>>> 679f4fcaa8fcfa8858edaa85dc6fc99552e35e43
 663 030f 06       		.byte	0x6
 664 0310 6404     		.2byte	0x464
 665 0312 83010000 		.4byte	0x183
 666 0316 28       		.byte	0x28
 667 0317 09       		.uleb128 0x9
<<<<<<< HEAD
 668 0318 CA030000 		.4byte	.LASF49
=======
 668 0318 CF030000 		.4byte	.LASF49
>>>>>>> 679f4fcaa8fcfa8858edaa85dc6fc99552e35e43
 669 031c 06       		.byte	0x6
 670 031d 6504     		.2byte	0x465
 671 031f A9000000 		.4byte	0xa9
 672 0323 30       		.byte	0x30
 673 0324 09       		.uleb128 0x9
 674 0325 13000000 		.4byte	.LASF50
 675 0329 06       		.byte	0x6
 676 032a 6604     		.2byte	0x466
 677 032c A9000000 		.4byte	0xa9
 678 0330 34       		.byte	0x34
 679 0331 09       		.uleb128 0x9
<<<<<<< HEAD
 680 0332 50020000 		.4byte	.LASF51
 681 0336 06       		.byte	0x6
 682 0337 6704     		.2byte	0x467
ARM GAS  /tmp/ccLt3Jbl.s 			page 13
=======
 680 0332 15020000 		.4byte	.LASF51
 681 0336 06       		.byte	0x6
 682 0337 6704     		.2byte	0x467
ARM GAS  /tmp/cc4I2MvV.s 			page 13
>>>>>>> 679f4fcaa8fcfa8858edaa85dc6fc99552e35e43


 683 0339 A9000000 		.4byte	0xa9
 684 033d 38       		.byte	0x38
 685 033e 09       		.uleb128 0x9
<<<<<<< HEAD
 686 033f 4E030000 		.4byte	.LASF52
=======
 686 033f 53030000 		.4byte	.LASF52
>>>>>>> 679f4fcaa8fcfa8858edaa85dc6fc99552e35e43
 687 0343 06       		.byte	0x6
 688 0344 6804     		.2byte	0x468
 689 0346 8C000000 		.4byte	0x8c
 690 034a 3C       		.byte	0x3c
 691 034b 09       		.uleb128 0x9
<<<<<<< HEAD
 692 034c B2010000 		.4byte	.LASF53
=======
 692 034c 77010000 		.4byte	.LASF53
>>>>>>> 679f4fcaa8fcfa8858edaa85dc6fc99552e35e43
 693 0350 06       		.byte	0x6
 694 0351 6904     		.2byte	0x469
 695 0353 A9000000 		.4byte	0xa9
 696 0357 40       		.byte	0x40
 697 0358 09       		.uleb128 0x9
<<<<<<< HEAD
 698 0359 72020000 		.4byte	.LASF54
=======
 698 0359 37020000 		.4byte	.LASF54
>>>>>>> 679f4fcaa8fcfa8858edaa85dc6fc99552e35e43
 699 035d 06       		.byte	0x6
 700 035e 6A04     		.2byte	0x46a
 701 0360 A9000000 		.4byte	0xa9
 702 0364 44       		.byte	0x44
 703 0365 09       		.uleb128 0x9
<<<<<<< HEAD
 704 0366 58030000 		.4byte	.LASF55
=======
 704 0366 5D030000 		.4byte	.LASF55
>>>>>>> 679f4fcaa8fcfa8858edaa85dc6fc99552e35e43
 705 036a 06       		.byte	0x6
 706 036b 6B04     		.2byte	0x46b
 707 036d 83010000 		.4byte	0x183
 708 0371 48       		.byte	0x48
 709 0372 09       		.uleb128 0x9
 710 0373 00000000 		.4byte	.LASF56
 711 0377 06       		.byte	0x6
 712 0378 6C04     		.2byte	0x46c
 713 037a A9000000 		.4byte	0xa9
 714 037e 50       		.byte	0x50
 715 037f 09       		.uleb128 0x9
<<<<<<< HEAD
 716 0380 28030000 		.4byte	.LASF57
=======
 716 0380 F4020000 		.4byte	.LASF57
>>>>>>> 679f4fcaa8fcfa8858edaa85dc6fc99552e35e43
 717 0384 06       		.byte	0x6
 718 0385 6D04     		.2byte	0x46d
 719 0387 A9000000 		.4byte	0xa9
 720 038b 54       		.byte	0x54
 721 038c 09       		.uleb128 0x9
<<<<<<< HEAD
 722 038d A8010000 		.4byte	.LASF58
=======
 722 038d 6D010000 		.4byte	.LASF58
>>>>>>> 679f4fcaa8fcfa8858edaa85dc6fc99552e35e43
 723 0391 06       		.byte	0x6
 724 0392 6E04     		.2byte	0x46e
 725 0394 A9000000 		.4byte	0xa9
 726 0398 58       		.byte	0x58
 727 0399 09       		.uleb128 0x9
<<<<<<< HEAD
 728 039a 62030000 		.4byte	.LASF59
=======
 728 039a 67030000 		.4byte	.LASF59
>>>>>>> 679f4fcaa8fcfa8858edaa85dc6fc99552e35e43
 729 039e 06       		.byte	0x6
 730 039f 6F04     		.2byte	0x46f
 731 03a1 8C000000 		.4byte	0x8c
 732 03a5 5C       		.byte	0x5c
 733 03a6 09       		.uleb128 0x9
<<<<<<< HEAD
 734 03a7 03030000 		.4byte	.LASF60
=======
 734 03a7 C8020000 		.4byte	.LASF60
>>>>>>> 679f4fcaa8fcfa8858edaa85dc6fc99552e35e43
 735 03ab 06       		.byte	0x6
 736 03ac 7004     		.2byte	0x470
 737 03ae A9000000 		.4byte	0xa9
 738 03b2 60       		.byte	0x60
 739 03b3 09       		.uleb128 0x9
<<<<<<< HEAD
ARM GAS  /tmp/ccLt3Jbl.s 			page 14


 740 03b4 01040000 		.4byte	.LASF61
=======
ARM GAS  /tmp/cc4I2MvV.s 			page 14


 740 03b4 06040000 		.4byte	.LASF61
>>>>>>> 679f4fcaa8fcfa8858edaa85dc6fc99552e35e43
 741 03b8 06       		.byte	0x6
 742 03b9 7104     		.2byte	0x471
 743 03bb A9000000 		.4byte	0xa9
 744 03bf 64       		.byte	0x64
 745 03c0 09       		.uleb128 0x9
<<<<<<< HEAD
 746 03c1 6C030000 		.4byte	.LASF62
=======
 746 03c1 71030000 		.4byte	.LASF62
>>>>>>> 679f4fcaa8fcfa8858edaa85dc6fc99552e35e43
 747 03c5 06       		.byte	0x6
 748 03c6 7204     		.2byte	0x472
 749 03c8 83010000 		.4byte	0x183
 750 03cc 68       		.byte	0x68
 751 03cd 09       		.uleb128 0x9
 752 03ce 0E010000 		.4byte	.LASF63
 753 03d2 06       		.byte	0x6
 754 03d3 7304     		.2byte	0x473
 755 03d5 A9000000 		.4byte	0xa9
 756 03d9 70       		.byte	0x70
 757 03da 0E       		.uleb128 0xe
 758 03db 43535200 		.ascii	"CSR\000"
 759 03df 06       		.byte	0x6
 760 03e0 7404     		.2byte	0x474
 761 03e2 A9000000 		.4byte	0xa9
 762 03e6 74       		.byte	0x74
 763 03e7 09       		.uleb128 0x9
<<<<<<< HEAD
 764 03e8 76030000 		.4byte	.LASF64
=======
 764 03e8 7B030000 		.4byte	.LASF64
>>>>>>> 679f4fcaa8fcfa8858edaa85dc6fc99552e35e43
 765 03ec 06       		.byte	0x6
 766 03ed 7504     		.2byte	0x475
 767 03ef 83010000 		.4byte	0x183
 768 03f3 78       		.byte	0x78
 769 03f4 09       		.uleb128 0x9
 770 03f5 88010000 		.4byte	.LASF65
 771 03f9 06       		.byte	0x6
 772 03fa 7604     		.2byte	0x476
 773 03fc A9000000 		.4byte	0xa9
 774 0400 80       		.byte	0x80
 775 0401 09       		.uleb128 0x9
 776 0402 20010000 		.4byte	.LASF66
 777 0406 06       		.byte	0x6
 778 0407 7704     		.2byte	0x477
 779 0409 A9000000 		.4byte	0xa9
 780 040d 84       		.byte	0x84
 781 040e 09       		.uleb128 0x9
<<<<<<< HEAD
 782 040f F6030000 		.4byte	.LASF67
=======
 782 040f FB030000 		.4byte	.LASF67
>>>>>>> 679f4fcaa8fcfa8858edaa85dc6fc99552e35e43
 783 0413 06       		.byte	0x6
 784 0414 7804     		.2byte	0x478
 785 0416 A9000000 		.4byte	0xa9
 786 041a 88       		.byte	0x88
 787 041b 09       		.uleb128 0x9
<<<<<<< HEAD
 788 041c E1010000 		.4byte	.LASF68
=======
 788 041c A6010000 		.4byte	.LASF68
>>>>>>> 679f4fcaa8fcfa8858edaa85dc6fc99552e35e43
 789 0420 06       		.byte	0x6
 790 0421 7904     		.2byte	0x479
 791 0423 A9000000 		.4byte	0xa9
 792 0427 8C       		.byte	0x8c
 793 0428 00       		.byte	0
 794 0429 0A       		.uleb128 0xa
<<<<<<< HEAD
 795 042a 23020000 		.4byte	.LASF69
 796 042e 06       		.byte	0x6
ARM GAS  /tmp/ccLt3Jbl.s 			page 15
=======
 795 042a E8010000 		.4byte	.LASF69
 796 042e 06       		.byte	0x6
ARM GAS  /tmp/cc4I2MvV.s 			page 15
>>>>>>> 679f4fcaa8fcfa8858edaa85dc6fc99552e35e43


 797 042f 7B04     		.2byte	0x47b
 798 0431 80020000 		.4byte	0x280
 799 0435 0F       		.uleb128 0xf
<<<<<<< HEAD
 800 0436 C0010000 		.4byte	.LASF73
=======
 800 0436 85010000 		.4byte	.LASF73
>>>>>>> 679f4fcaa8fcfa8858edaa85dc6fc99552e35e43
 801 043a 01       		.byte	0x1
 802 043b 33       		.byte	0x33
 803 043c 01       		.byte	0x1
 804 043d 10       		.uleb128 0x10
<<<<<<< HEAD
 805 043e CE020000 		.4byte	.LASF74
=======
 805 043e 93020000 		.4byte	.LASF74
>>>>>>> 679f4fcaa8fcfa8858edaa85dc6fc99552e35e43
 806 0442 01       		.byte	0x1
 807 0443 6F       		.byte	0x6f
 808 0444 00000000 		.4byte	.LFB119
 809 0448 A0000000 		.4byte	.LFE119-.LFB119
 810 044c 01       		.uleb128 0x1
 811 044d 9C       		.byte	0x9c
 812 044e 6B040000 		.4byte	0x46b
 813 0452 11       		.uleb128 0x11
 814 0453 35040000 		.4byte	0x435
 815 0457 24000000 		.4byte	.LBB4
 816 045b 00000000 		.4byte	.Ldebug_ranges0+0
 817 045f 01       		.byte	0x1
 818 0460 87       		.byte	0x87
 819 0461 12       		.uleb128 0x12
 820 0462 86000000 		.4byte	.LVL0
 821 0466 88040000 		.4byte	0x488
 822 046a 00       		.byte	0
 823 046b 13       		.uleb128 0x13
<<<<<<< HEAD
 824 046c 38020000 		.4byte	.LASF75
=======
 824 046c FD010000 		.4byte	.LASF75
>>>>>>> 679f4fcaa8fcfa8858edaa85dc6fc99552e35e43
 825 0470 01       		.byte	0x1
 826 0471 9A       		.byte	0x9a
 827 0472 00000000 		.4byte	.LFB120
 828 0476 C4000000 		.4byte	.LFE120-.LFB120
 829 047a 01       		.uleb128 0x1
 830 047b 9C       		.byte	0x9c
 831 047c 14       		.uleb128 0x14
<<<<<<< HEAD
 832 047d E9030000 		.4byte	.LASF76
=======
 832 047d EE030000 		.4byte	.LASF76
>>>>>>> 679f4fcaa8fcfa8858edaa85dc6fc99552e35e43
 833 0481 05       		.byte	0x5
 834 0482 9806     		.2byte	0x698
 835 0484 DD010000 		.4byte	0x1dd
 836 0488 15       		.uleb128 0x15
<<<<<<< HEAD
 837 0489 32030000 		.4byte	.LASF77
=======
 837 0489 FE020000 		.4byte	.LASF77
>>>>>>> 679f4fcaa8fcfa8858edaa85dc6fc99552e35e43
 838 048d 07       		.byte	0x7
 839 048e C101     		.2byte	0x1c1
 840 0490 00       		.byte	0
 841              		.section	.debug_abbrev,"",%progbits
 842              	.Ldebug_abbrev0:
 843 0000 01       		.uleb128 0x1
 844 0001 11       		.uleb128 0x11
 845 0002 01       		.byte	0x1
 846 0003 25       		.uleb128 0x25
 847 0004 0E       		.uleb128 0xe
 848 0005 13       		.uleb128 0x13
 849 0006 0B       		.uleb128 0xb
 850 0007 03       		.uleb128 0x3
 851 0008 0E       		.uleb128 0xe
 852 0009 1B       		.uleb128 0x1b
 853 000a 0E       		.uleb128 0xe
<<<<<<< HEAD
ARM GAS  /tmp/ccLt3Jbl.s 			page 16
=======
ARM GAS  /tmp/cc4I2MvV.s 			page 16
>>>>>>> 679f4fcaa8fcfa8858edaa85dc6fc99552e35e43


 854 000b 55       		.uleb128 0x55
 855 000c 17       		.uleb128 0x17
 856 000d 11       		.uleb128 0x11
 857 000e 01       		.uleb128 0x1
 858 000f 10       		.uleb128 0x10
 859 0010 17       		.uleb128 0x17
 860 0011 00       		.byte	0
 861 0012 00       		.byte	0
 862 0013 02       		.uleb128 0x2
 863 0014 24       		.uleb128 0x24
 864 0015 00       		.byte	0
 865 0016 0B       		.uleb128 0xb
 866 0017 0B       		.uleb128 0xb
 867 0018 3E       		.uleb128 0x3e
 868 0019 0B       		.uleb128 0xb
 869 001a 03       		.uleb128 0x3
 870 001b 08       		.uleb128 0x8
 871 001c 00       		.byte	0
 872 001d 00       		.byte	0
 873 001e 03       		.uleb128 0x3
 874 001f 24       		.uleb128 0x24
 875 0020 00       		.byte	0
 876 0021 0B       		.uleb128 0xb
 877 0022 0B       		.uleb128 0xb
 878 0023 3E       		.uleb128 0x3e
 879 0024 0B       		.uleb128 0xb
 880 0025 03       		.uleb128 0x3
 881 0026 0E       		.uleb128 0xe
 882 0027 00       		.byte	0
 883 0028 00       		.byte	0
 884 0029 04       		.uleb128 0x4
 885 002a 16       		.uleb128 0x16
 886 002b 00       		.byte	0
 887 002c 03       		.uleb128 0x3
 888 002d 0E       		.uleb128 0xe
 889 002e 3A       		.uleb128 0x3a
 890 002f 0B       		.uleb128 0xb
 891 0030 3B       		.uleb128 0x3b
 892 0031 0B       		.uleb128 0xb
 893 0032 49       		.uleb128 0x49
 894 0033 13       		.uleb128 0x13
 895 0034 00       		.byte	0
 896 0035 00       		.byte	0
 897 0036 05       		.uleb128 0x5
 898 0037 35       		.uleb128 0x35
 899 0038 00       		.byte	0
 900 0039 49       		.uleb128 0x49
 901 003a 13       		.uleb128 0x13
 902 003b 00       		.byte	0
 903 003c 00       		.byte	0
 904 003d 06       		.uleb128 0x6
 905 003e 13       		.uleb128 0x13
 906 003f 01       		.byte	0x1
 907 0040 0B       		.uleb128 0xb
 908 0041 0B       		.uleb128 0xb
 909 0042 3A       		.uleb128 0x3a
 910 0043 0B       		.uleb128 0xb
<<<<<<< HEAD
ARM GAS  /tmp/ccLt3Jbl.s 			page 17
=======
ARM GAS  /tmp/cc4I2MvV.s 			page 17
>>>>>>> 679f4fcaa8fcfa8858edaa85dc6fc99552e35e43


 911 0044 3B       		.uleb128 0x3b
 912 0045 0B       		.uleb128 0xb
 913 0046 01       		.uleb128 0x1
 914 0047 13       		.uleb128 0x13
 915 0048 00       		.byte	0
 916 0049 00       		.byte	0
 917 004a 07       		.uleb128 0x7
 918 004b 0D       		.uleb128 0xd
 919 004c 00       		.byte	0
 920 004d 03       		.uleb128 0x3
 921 004e 0E       		.uleb128 0xe
 922 004f 3A       		.uleb128 0x3a
 923 0050 0B       		.uleb128 0xb
 924 0051 3B       		.uleb128 0x3b
 925 0052 0B       		.uleb128 0xb
 926 0053 49       		.uleb128 0x49
 927 0054 13       		.uleb128 0x13
 928 0055 38       		.uleb128 0x38
 929 0056 0B       		.uleb128 0xb
 930 0057 00       		.byte	0
 931 0058 00       		.byte	0
 932 0059 08       		.uleb128 0x8
 933 005a 13       		.uleb128 0x13
 934 005b 01       		.byte	0x1
 935 005c 0B       		.uleb128 0xb
 936 005d 0B       		.uleb128 0xb
 937 005e 3A       		.uleb128 0x3a
 938 005f 0B       		.uleb128 0xb
 939 0060 3B       		.uleb128 0x3b
 940 0061 05       		.uleb128 0x5
 941 0062 01       		.uleb128 0x1
 942 0063 13       		.uleb128 0x13
 943 0064 00       		.byte	0
 944 0065 00       		.byte	0
 945 0066 09       		.uleb128 0x9
 946 0067 0D       		.uleb128 0xd
 947 0068 00       		.byte	0
 948 0069 03       		.uleb128 0x3
 949 006a 0E       		.uleb128 0xe
 950 006b 3A       		.uleb128 0x3a
 951 006c 0B       		.uleb128 0xb
 952 006d 3B       		.uleb128 0x3b
 953 006e 05       		.uleb128 0x5
 954 006f 49       		.uleb128 0x49
 955 0070 13       		.uleb128 0x13
 956 0071 38       		.uleb128 0x38
 957 0072 0B       		.uleb128 0xb
 958 0073 00       		.byte	0
 959 0074 00       		.byte	0
 960 0075 0A       		.uleb128 0xa
 961 0076 16       		.uleb128 0x16
 962 0077 00       		.byte	0
 963 0078 03       		.uleb128 0x3
 964 0079 0E       		.uleb128 0xe
 965 007a 3A       		.uleb128 0x3a
 966 007b 0B       		.uleb128 0xb
 967 007c 3B       		.uleb128 0x3b
<<<<<<< HEAD
ARM GAS  /tmp/ccLt3Jbl.s 			page 18
=======
ARM GAS  /tmp/cc4I2MvV.s 			page 18
>>>>>>> 679f4fcaa8fcfa8858edaa85dc6fc99552e35e43


 968 007d 05       		.uleb128 0x5
 969 007e 49       		.uleb128 0x49
 970 007f 13       		.uleb128 0x13
 971 0080 00       		.byte	0
 972 0081 00       		.byte	0
 973 0082 0B       		.uleb128 0xb
 974 0083 26       		.uleb128 0x26
 975 0084 00       		.byte	0
 976 0085 49       		.uleb128 0x49
 977 0086 13       		.uleb128 0x13
 978 0087 00       		.byte	0
 979 0088 00       		.byte	0
 980 0089 0C       		.uleb128 0xc
 981 008a 01       		.uleb128 0x1
 982 008b 01       		.byte	0x1
 983 008c 49       		.uleb128 0x49
 984 008d 13       		.uleb128 0x13
 985 008e 01       		.uleb128 0x1
 986 008f 13       		.uleb128 0x13
 987 0090 00       		.byte	0
 988 0091 00       		.byte	0
 989 0092 0D       		.uleb128 0xd
 990 0093 21       		.uleb128 0x21
 991 0094 00       		.byte	0
 992 0095 49       		.uleb128 0x49
 993 0096 13       		.uleb128 0x13
 994 0097 2F       		.uleb128 0x2f
 995 0098 0B       		.uleb128 0xb
 996 0099 00       		.byte	0
 997 009a 00       		.byte	0
 998 009b 0E       		.uleb128 0xe
 999 009c 0D       		.uleb128 0xd
 1000 009d 00       		.byte	0
 1001 009e 03       		.uleb128 0x3
 1002 009f 08       		.uleb128 0x8
 1003 00a0 3A       		.uleb128 0x3a
 1004 00a1 0B       		.uleb128 0xb
 1005 00a2 3B       		.uleb128 0x3b
 1006 00a3 05       		.uleb128 0x5
 1007 00a4 49       		.uleb128 0x49
 1008 00a5 13       		.uleb128 0x13
 1009 00a6 38       		.uleb128 0x38
 1010 00a7 0B       		.uleb128 0xb
 1011 00a8 00       		.byte	0
 1012 00a9 00       		.byte	0
 1013 00aa 0F       		.uleb128 0xf
 1014 00ab 2E       		.uleb128 0x2e
 1015 00ac 00       		.byte	0
 1016 00ad 03       		.uleb128 0x3
 1017 00ae 0E       		.uleb128 0xe
 1018 00af 3A       		.uleb128 0x3a
 1019 00b0 0B       		.uleb128 0xb
 1020 00b1 3B       		.uleb128 0x3b
 1021 00b2 0B       		.uleb128 0xb
 1022 00b3 27       		.uleb128 0x27
 1023 00b4 19       		.uleb128 0x19
 1024 00b5 20       		.uleb128 0x20
<<<<<<< HEAD
ARM GAS  /tmp/ccLt3Jbl.s 			page 19
=======
ARM GAS  /tmp/cc4I2MvV.s 			page 19
>>>>>>> 679f4fcaa8fcfa8858edaa85dc6fc99552e35e43


 1025 00b6 0B       		.uleb128 0xb
 1026 00b7 00       		.byte	0
 1027 00b8 00       		.byte	0
 1028 00b9 10       		.uleb128 0x10
 1029 00ba 2E       		.uleb128 0x2e
 1030 00bb 01       		.byte	0x1
 1031 00bc 3F       		.uleb128 0x3f
 1032 00bd 19       		.uleb128 0x19
 1033 00be 03       		.uleb128 0x3
 1034 00bf 0E       		.uleb128 0xe
 1035 00c0 3A       		.uleb128 0x3a
 1036 00c1 0B       		.uleb128 0xb
 1037 00c2 3B       		.uleb128 0x3b
 1038 00c3 0B       		.uleb128 0xb
 1039 00c4 27       		.uleb128 0x27
 1040 00c5 19       		.uleb128 0x19
 1041 00c6 11       		.uleb128 0x11
 1042 00c7 01       		.uleb128 0x1
 1043 00c8 12       		.uleb128 0x12
 1044 00c9 06       		.uleb128 0x6
 1045 00ca 40       		.uleb128 0x40
 1046 00cb 18       		.uleb128 0x18
 1047 00cc 9742     		.uleb128 0x2117
 1048 00ce 19       		.uleb128 0x19
 1049 00cf 01       		.uleb128 0x1
 1050 00d0 13       		.uleb128 0x13
 1051 00d1 00       		.byte	0
 1052 00d2 00       		.byte	0
 1053 00d3 11       		.uleb128 0x11
 1054 00d4 1D       		.uleb128 0x1d
 1055 00d5 00       		.byte	0
 1056 00d6 31       		.uleb128 0x31
 1057 00d7 13       		.uleb128 0x13
 1058 00d8 52       		.uleb128 0x52
 1059 00d9 01       		.uleb128 0x1
 1060 00da 55       		.uleb128 0x55
 1061 00db 17       		.uleb128 0x17
 1062 00dc 58       		.uleb128 0x58
 1063 00dd 0B       		.uleb128 0xb
 1064 00de 59       		.uleb128 0x59
 1065 00df 0B       		.uleb128 0xb
 1066 00e0 00       		.byte	0
 1067 00e1 00       		.byte	0
 1068 00e2 12       		.uleb128 0x12
 1069 00e3 898201   		.uleb128 0x4109
 1070 00e6 00       		.byte	0
 1071 00e7 11       		.uleb128 0x11
 1072 00e8 01       		.uleb128 0x1
 1073 00e9 9542     		.uleb128 0x2115
 1074 00eb 19       		.uleb128 0x19
 1075 00ec 31       		.uleb128 0x31
 1076 00ed 13       		.uleb128 0x13
 1077 00ee 00       		.byte	0
 1078 00ef 00       		.byte	0
 1079 00f0 13       		.uleb128 0x13
 1080 00f1 2E       		.uleb128 0x2e
 1081 00f2 00       		.byte	0
<<<<<<< HEAD
ARM GAS  /tmp/ccLt3Jbl.s 			page 20
=======
ARM GAS  /tmp/cc4I2MvV.s 			page 20
>>>>>>> 679f4fcaa8fcfa8858edaa85dc6fc99552e35e43


 1082 00f3 3F       		.uleb128 0x3f
 1083 00f4 19       		.uleb128 0x19
 1084 00f5 03       		.uleb128 0x3
 1085 00f6 0E       		.uleb128 0xe
 1086 00f7 3A       		.uleb128 0x3a
 1087 00f8 0B       		.uleb128 0xb
 1088 00f9 3B       		.uleb128 0x3b
 1089 00fa 0B       		.uleb128 0xb
 1090 00fb 27       		.uleb128 0x27
 1091 00fc 19       		.uleb128 0x19
 1092 00fd 11       		.uleb128 0x11
 1093 00fe 01       		.uleb128 0x1
 1094 00ff 12       		.uleb128 0x12
 1095 0100 06       		.uleb128 0x6
 1096 0101 40       		.uleb128 0x40
 1097 0102 18       		.uleb128 0x18
 1098 0103 9742     		.uleb128 0x2117
 1099 0105 19       		.uleb128 0x19
 1100 0106 00       		.byte	0
 1101 0107 00       		.byte	0
 1102 0108 14       		.uleb128 0x14
 1103 0109 34       		.uleb128 0x34
 1104 010a 00       		.byte	0
 1105 010b 03       		.uleb128 0x3
 1106 010c 0E       		.uleb128 0xe
 1107 010d 3A       		.uleb128 0x3a
 1108 010e 0B       		.uleb128 0xb
 1109 010f 3B       		.uleb128 0x3b
 1110 0110 05       		.uleb128 0x5
 1111 0111 49       		.uleb128 0x49
 1112 0112 13       		.uleb128 0x13
 1113 0113 3F       		.uleb128 0x3f
 1114 0114 19       		.uleb128 0x19
 1115 0115 3C       		.uleb128 0x3c
 1116 0116 19       		.uleb128 0x19
 1117 0117 00       		.byte	0
 1118 0118 00       		.byte	0
 1119 0119 15       		.uleb128 0x15
 1120 011a 2E       		.uleb128 0x2e
 1121 011b 00       		.byte	0
 1122 011c 3F       		.uleb128 0x3f
 1123 011d 19       		.uleb128 0x19
 1124 011e 03       		.uleb128 0x3
 1125 011f 0E       		.uleb128 0xe
 1126 0120 3A       		.uleb128 0x3a
 1127 0121 0B       		.uleb128 0xb
 1128 0122 3B       		.uleb128 0x3b
 1129 0123 05       		.uleb128 0x5
 1130 0124 27       		.uleb128 0x27
 1131 0125 19       		.uleb128 0x19
 1132 0126 3C       		.uleb128 0x3c
 1133 0127 19       		.uleb128 0x19
 1134 0128 00       		.byte	0
 1135 0129 00       		.byte	0
 1136 012a 00       		.byte	0
 1137              		.section	.debug_aranges,"",%progbits
 1138 0000 24000000 		.4byte	0x24
<<<<<<< HEAD
ARM GAS  /tmp/ccLt3Jbl.s 			page 21
=======
ARM GAS  /tmp/cc4I2MvV.s 			page 21
>>>>>>> 679f4fcaa8fcfa8858edaa85dc6fc99552e35e43


 1139 0004 0200     		.2byte	0x2
 1140 0006 00000000 		.4byte	.Ldebug_info0
 1141 000a 04       		.byte	0x4
 1142 000b 00       		.byte	0
 1143 000c 0000     		.2byte	0
 1144 000e 0000     		.2byte	0
 1145 0010 00000000 		.4byte	.LFB119
 1146 0014 A0000000 		.4byte	.LFE119-.LFB119
 1147 0018 00000000 		.4byte	.LFB120
 1148 001c C4000000 		.4byte	.LFE120-.LFB120
 1149 0020 00000000 		.4byte	0
 1150 0024 00000000 		.4byte	0
 1151              		.section	.debug_ranges,"",%progbits
 1152              	.Ldebug_ranges0:
 1153 0000 24000000 		.4byte	.LBB4
 1154 0004 26000000 		.4byte	.LBE4
 1155 0008 58000000 		.4byte	.LBB7
 1156 000c 7E000000 		.4byte	.LBE7
 1157 0010 00000000 		.4byte	0
 1158 0014 00000000 		.4byte	0
 1159 0018 00000000 		.4byte	.LFB119
 1160 001c A0000000 		.4byte	.LFE119
 1161 0020 00000000 		.4byte	.LFB120
 1162 0024 C4000000 		.4byte	.LFE120
 1163 0028 00000000 		.4byte	0
 1164 002c 00000000 		.4byte	0
 1165              		.section	.debug_line,"",%progbits
 1166              	.Ldebug_line0:
 1167 0000 C4010000 		.section	.debug_str,"MS",%progbits,1
 1167      02002501 
 1167      00000201 
 1167      FB0E0D00 
 1167      01010101 
 1168              	.LASF56:
 1169 0000 41484231 		.ascii	"AHB1LPENR\000"
 1169      4C50454E 
 1169      5200
 1170              	.LASF46:
 1171 000a 41504231 		.ascii	"APB1RSTR\000"
 1171      52535452 
 1171      00
 1172              	.LASF50:
 1173 0013 41484232 		.ascii	"AHB2ENR\000"
 1173      454E5200 
 1174              	.LASF19:
 1175 001b 44454D43 		.ascii	"DEMCR\000"
 1175      5200
 1176              	.LASF3:
 1177 0021 73686F72 		.ascii	"short int\000"
 1177      7420696E 
 1177      7400
 1178              	.LASF70:
 1179 002b 474E5520 		.ascii	"GNU C 4.8.4 20140526 (release) [ARM/embedded-4_8-br"
 1179      4320342E 
 1179      382E3420 
 1179      32303134 
 1179      30353236 
<<<<<<< HEAD
ARM GAS  /tmp/ccLt3Jbl.s 			page 22
=======
ARM GAS  /tmp/cc4I2MvV.s 			page 22
>>>>>>> 679f4fcaa8fcfa8858edaa85dc6fc99552e35e43


 1180 005e 616E6368 		.ascii	"anch revision 211358] -mcpu=cortex-m4 -mno-thumb-in"
 1180      20726576 
 1180      6973696F 
 1180      6E203231 
 1180      31333538 
 1181 0091 74657277 		.ascii	"terwork -mthumb -ggdb -O2 -fomit-frame-pointer -fal"
 1181      6F726B20 
 1181      2D6D7468 
 1181      756D6220 
 1181      2D676764 
 1182 00c4 69676E2D 		.ascii	"ign-functions=16 -ffunction-sections -fdata-section"
 1182      66756E63 
 1182      74696F6E 
 1182      733D3136 
 1182      202D6666 
 1183 00f7 73202D66 		.ascii	"s -fno-common\000"
 1183      6E6F2D63 
 1183      6F6D6D6F 
 1183      6E00
 1184              	.LASF15:
 1185 0105 73697A65 		.ascii	"sizetype\000"
 1185      74797065 
 1185      00
 1186              	.LASF63:
 1187 010e 42444352 		.ascii	"BDCR\000"
 1187      00
 1188              	.LASF28:
 1189 0113 50435352 		.ascii	"PCSR\000"
 1189      00
 1190              	.LASF27:
 1191 0118 464F4C44 		.ascii	"FOLDCNT\000"
 1191      434E5400 
 1192              	.LASF66:
 1193 0120 504C4C49 		.ascii	"PLLI2SCFGR\000"
 1193      32534346 
 1193      475200
 1194              	.LASF39:
 1195 012b 5057525F 		.ascii	"PWR_TypeDef\000"
 1195      54797065 
 1195      44656600 
<<<<<<< HEAD
 1196              	.LASF72:
 1197 0137 2F686F6D 		.ascii	"/home/makkmarci/devel/ChibiOS_2.6.5/projects/STM32F"
 1197      652F6D61 
 1197      6B6B6D61 
 1197      7263692F 
 1197      64657665 
 1198 016a 345F4368 		.ascii	"4_ChibiOS/\000"
 1198      6962694F 
 1198      532F00
 1199              	.LASF7:
 1200 0175 5F5F7569 		.ascii	"__uint32_t\000"
 1200      6E743332 
 1200      5F7400
 1201              	.LASF29:
 1202 0180 434D785F 		.ascii	"CMx_DWT\000"
 1202      44575400 
 1203              	.LASF65:
ARM GAS  /tmp/ccLt3Jbl.s 			page 23


 1204 0188 53534347 		.ascii	"SSCGR\000"
 1204      5200
 1205              	.LASF21:
 1206 018e 4354524C 		.ascii	"CTRL\000"
 1206      00
 1207              	.LASF42:
 1208 0193 41484231 		.ascii	"AHB1RSTR\000"
 1208      52535452 
 1208      00
 1209              	.LASF41:
 1210 019c 43464752 		.ascii	"CFGR\000"
 1210      00
 1211              	.LASF23:
 1212 01a1 43504943 		.ascii	"CPICNT\000"
 1212      4E5400
 1213              	.LASF58:
 1214 01a8 41484233 		.ascii	"AHB3LPENR\000"
 1214      4C50454E 
 1214      5200
 1215              	.LASF53:
 1216 01b2 41504231 		.ascii	"APB1ENR\000"
 1216      454E5200 
 1217              	.LASF17:
 1218 01ba 44435253 		.ascii	"DCRSR\000"
 1218      5200
 1219              	.LASF73:
 1220 01c0 68616C5F 		.ascii	"hal_lld_backup_domain_init\000"
 1220      6C6C645F 
 1220      6261636B 
 1220      75705F64 
 1220      6F6D6169 
 1221              	.LASF18:
 1222 01db 44435244 		.ascii	"DCRDR\000"
 1222      5200
 1223              	.LASF68:
 1224 01e1 44434B43 		.ascii	"DCKCFGR\000"
 1224      46475200 
 1225              	.LASF14:
 1226 01e9 494F5245 		.ascii	"IOREG32\000"
 1226      47333200 
 1227              	.LASF35:
 1228 01f1 4F50544B 		.ascii	"OPTKEYR\000"
 1228      45595200 
 1229              	.LASF9:
 1230 01f9 6C6F6E67 		.ascii	"long long int\000"
 1230      206C6F6E 
 1230      6720696E 
 1230      7400
 1231              	.LASF22:
 1232 0207 43594343 		.ascii	"CYCCNT\000"
 1232      4E5400
 1233              	.LASF32:
 1234 020e 43414C49 		.ascii	"CALIB\000"
 1234      4200
 1235              	.LASF16:
 1236 0214 44484353 		.ascii	"DHCSR\000"
 1236      5200
ARM GAS  /tmp/ccLt3Jbl.s 			page 24


 1237              	.LASF5:
 1238 021a 6C6F6E67 		.ascii	"long int\000"
 1238      20696E74 
 1238      00
 1239              	.LASF69:
 1240 0223 5243435F 		.ascii	"RCC_TypeDef\000"
 1240      54797065 
 1240      44656600 
 1241              	.LASF47:
 1242 022f 41504232 		.ascii	"APB2RSTR\000"
 1242      52535452 
 1242      00
 1243              	.LASF75:
 1244 0238 73746D33 		.ascii	"stm32_clock_init\000"
 1244      325F636C 
 1244      6F636B5F 
 1244      696E6974 
 1244      00
 1245              	.LASF37:
 1246 0249 4F505443 		.ascii	"OPTCR1\000"
 1246      523100
 1247              	.LASF51:
 1248 0250 41484233 		.ascii	"AHB3ENR\000"
 1248      454E5200 
 1249              	.LASF34:
 1250 0258 4B455952 		.ascii	"KEYR\000"
 1250      00
 1251              	.LASF24:
 1252 025d 45584343 		.ascii	"EXCCNT\000"
 1252      4E5400
 1253              	.LASF2:
 1254 0264 756E7369 		.ascii	"unsigned char\000"
 1254      676E6564 
 1254      20636861 
 1254      7200
 1255              	.LASF54:
 1256 0272 41504232 		.ascii	"APB2ENR\000"
 1256      454E5200 
 1257              	.LASF1:
 1258 027a 7369676E 		.ascii	"signed char\000"
 1258      65642063 
 1258      68617200 
 1259              	.LASF10:
 1260 0286 6C6F6E67 		.ascii	"long long unsigned int\000"
 1260      206C6F6E 
 1260      6720756E 
 1260      7369676E 
 1260      65642069 
 1261              	.LASF12:
 1262 029d 75696E74 		.ascii	"uint32_t\000"
 1262      33325F74 
 1262      00
 1263              	.LASF0:
 1264 02a6 756E7369 		.ascii	"unsigned int\000"
 1264      676E6564 
 1264      20696E74 
 1264      00
ARM GAS  /tmp/ccLt3Jbl.s 			page 25


 1265              	.LASF43:
 1266 02b3 41484232 		.ascii	"AHB2RSTR\000"
 1266      52535452 
 1266      00
 1267              	.LASF8:
 1268 02bc 6C6F6E67 		.ascii	"long unsigned int\000"
 1268      20756E73 
 1268      69676E65 
 1268      6420696E 
 1268      7400
 1269              	.LASF74:
 1270 02ce 68616C5F 		.ascii	"hal_lld_init\000"
 1270      6C6C645F 
 1270      696E6974 
 1270      00
 1271              	.LASF40:
 1272 02db 504C4C43 		.ascii	"PLLCFGR\000"
 1272      46475200 
 1273              	.LASF33:
 1274 02e3 53797354 		.ascii	"SysTick_Type\000"
 1274      69636B5F 
 1274      54797065 
 1274      00
 1275              	.LASF4:
 1276 02f0 73686F72 		.ascii	"short unsigned int\000"
 1276      7420756E 
 1276      7369676E 
 1276      65642069 
 1276      6E7400
 1277              	.LASF60:
 1278 0303 41504231 		.ascii	"APB1LPENR\000"
 1278      4C50454E 
 1278      5200
 1279              	.LASF30:
 1280 030d 63686172 		.ascii	"char\000"
 1280      00
 1281              	.LASF20:
 1282 0312 434D785F 		.ascii	"CMx_SCS\000"
 1282      53435300 
 1283              	.LASF11:
 1284 031a 696E7433 		.ascii	"int32_t\000"
 1284      325F7400 
 1285              	.LASF13:
 1286 0322 5F426F6F 		.ascii	"_Bool\000"
 1286      6C00
 1287              	.LASF57:
 1288 0328 41484232 		.ascii	"AHB2LPENR\000"
 1288      4C50454E 
 1288      5200
 1289              	.LASF77:
 1290 0332 646D6149 		.ascii	"dmaInit\000"
 1290      6E697400 
 1291              	.LASF45:
 1292 033a 52455345 		.ascii	"RESERVED0\000"
 1292      52564544 
 1292      3000
 1293              	.LASF48:
ARM GAS  /tmp/ccLt3Jbl.s 			page 26


 1294 0344 52455345 		.ascii	"RESERVED1\000"
 1294      52564544 
 1294      3100
 1295              	.LASF52:
 1296 034e 52455345 		.ascii	"RESERVED2\000"
 1296      52564544 
 1296      3200
 1297              	.LASF55:
 1298 0358 52455345 		.ascii	"RESERVED3\000"
 1298      52564544 
 1298      3300
 1299              	.LASF59:
 1300 0362 52455345 		.ascii	"RESERVED4\000"
 1300      52564544 
 1300      3400
 1301              	.LASF62:
 1302 036c 52455345 		.ascii	"RESERVED5\000"
 1302      52564544 
 1302      3500
 1303              	.LASF64:
 1304 0376 52455345 		.ascii	"RESERVED6\000"
 1304      52564544 
 1304      3600
 1305              	.LASF25:
 1306 0380 534C4545 		.ascii	"SLEEPCNT\000"
 1306      50434E54 
 1306      00
 1307              	.LASF71:
 1308 0389 2E2E2F2E 		.ascii	"../../os/hal/platforms/STM32F4xx/hal_lld.c\000"
=======
 1196              	.LASF7:
 1197 0137 5F5F7569 		.ascii	"__uint32_t\000"
 1197      6E743332 
 1197      5F7400
 1198              	.LASF29:
 1199 0142 434D785F 		.ascii	"CMx_DWT\000"
 1199      44575400 
 1200              	.LASF65:
 1201 014a 53534347 		.ascii	"SSCGR\000"
 1201      5200
 1202              	.LASF21:
 1203 0150 4354524C 		.ascii	"CTRL\000"
 1203      00
 1204              	.LASF42:
 1205 0155 41484231 		.ascii	"AHB1RSTR\000"
 1205      52535452 
 1205      00
ARM GAS  /tmp/cc4I2MvV.s 			page 23


 1206              	.LASF41:
 1207 015e 43464752 		.ascii	"CFGR\000"
 1207      00
 1208              	.LASF48:
 1209 0163 52455345 		.ascii	"RESERVED1\000"
 1209      52564544 
 1209      3100
 1210              	.LASF58:
 1211 016d 41484233 		.ascii	"AHB3LPENR\000"
 1211      4C50454E 
 1211      5200
 1212              	.LASF53:
 1213 0177 41504231 		.ascii	"APB1ENR\000"
 1213      454E5200 
 1214              	.LASF17:
 1215 017f 44435253 		.ascii	"DCRSR\000"
 1215      5200
 1216              	.LASF73:
 1217 0185 68616C5F 		.ascii	"hal_lld_backup_domain_init\000"
 1217      6C6C645F 
 1217      6261636B 
 1217      75705F64 
 1217      6F6D6169 
 1218              	.LASF18:
 1219 01a0 44435244 		.ascii	"DCRDR\000"
 1219      5200
 1220              	.LASF68:
 1221 01a6 44434B43 		.ascii	"DCKCFGR\000"
 1221      46475200 
 1222              	.LASF14:
 1223 01ae 494F5245 		.ascii	"IOREG32\000"
 1223      47333200 
 1224              	.LASF35:
 1225 01b6 4F50544B 		.ascii	"OPTKEYR\000"
 1225      45595200 
 1226              	.LASF9:
 1227 01be 6C6F6E67 		.ascii	"long long int\000"
 1227      206C6F6E 
 1227      6720696E 
 1227      7400
 1228              	.LASF22:
 1229 01cc 43594343 		.ascii	"CYCCNT\000"
 1229      4E5400
 1230              	.LASF32:
 1231 01d3 43414C49 		.ascii	"CALIB\000"
 1231      4200
 1232              	.LASF16:
 1233 01d9 44484353 		.ascii	"DHCSR\000"
 1233      5200
 1234              	.LASF5:
 1235 01df 6C6F6E67 		.ascii	"long int\000"
 1235      20696E74 
 1235      00
 1236              	.LASF69:
 1237 01e8 5243435F 		.ascii	"RCC_TypeDef\000"
 1237      54797065 
 1237      44656600 
ARM GAS  /tmp/cc4I2MvV.s 			page 24


 1238              	.LASF47:
 1239 01f4 41504232 		.ascii	"APB2RSTR\000"
 1239      52535452 
 1239      00
 1240              	.LASF75:
 1241 01fd 73746D33 		.ascii	"stm32_clock_init\000"
 1241      325F636C 
 1241      6F636B5F 
 1241      696E6974 
 1241      00
 1242              	.LASF37:
 1243 020e 4F505443 		.ascii	"OPTCR1\000"
 1243      523100
 1244              	.LASF51:
 1245 0215 41484233 		.ascii	"AHB3ENR\000"
 1245      454E5200 
 1246              	.LASF34:
 1247 021d 4B455952 		.ascii	"KEYR\000"
 1247      00
 1248              	.LASF24:
 1249 0222 45584343 		.ascii	"EXCCNT\000"
 1249      4E5400
 1250              	.LASF2:
 1251 0229 756E7369 		.ascii	"unsigned char\000"
 1251      676E6564 
 1251      20636861 
 1251      7200
 1252              	.LASF54:
 1253 0237 41504232 		.ascii	"APB2ENR\000"
 1253      454E5200 
 1254              	.LASF1:
 1255 023f 7369676E 		.ascii	"signed char\000"
 1255      65642063 
 1255      68617200 
 1256              	.LASF10:
 1257 024b 6C6F6E67 		.ascii	"long long unsigned int\000"
 1257      206C6F6E 
 1257      6720756E 
 1257      7369676E 
 1257      65642069 
 1258              	.LASF12:
 1259 0262 75696E74 		.ascii	"uint32_t\000"
 1259      33325F74 
 1259      00
 1260              	.LASF0:
 1261 026b 756E7369 		.ascii	"unsigned int\000"
 1261      676E6564 
 1261      20696E74 
 1261      00
 1262              	.LASF43:
 1263 0278 41484232 		.ascii	"AHB2RSTR\000"
 1263      52535452 
 1263      00
 1264              	.LASF8:
 1265 0281 6C6F6E67 		.ascii	"long unsigned int\000"
 1265      20756E73 
 1265      69676E65 
ARM GAS  /tmp/cc4I2MvV.s 			page 25


 1265      6420696E 
 1265      7400
 1266              	.LASF74:
 1267 0293 68616C5F 		.ascii	"hal_lld_init\000"
 1267      6C6C645F 
 1267      696E6974 
 1267      00
 1268              	.LASF40:
 1269 02a0 504C4C43 		.ascii	"PLLCFGR\000"
 1269      46475200 
 1270              	.LASF33:
 1271 02a8 53797354 		.ascii	"SysTick_Type\000"
 1271      69636B5F 
 1271      54797065 
 1271      00
 1272              	.LASF4:
 1273 02b5 73686F72 		.ascii	"short unsigned int\000"
 1273      7420756E 
 1273      7369676E 
 1273      65642069 
 1273      6E7400
 1274              	.LASF60:
 1275 02c8 41504231 		.ascii	"APB1LPENR\000"
 1275      4C50454E 
 1275      5200
 1276              	.LASF30:
 1277 02d2 63686172 		.ascii	"char\000"
 1277      00
 1278              	.LASF20:
 1279 02d7 434D785F 		.ascii	"CMx_SCS\000"
 1279      53435300 
 1280              	.LASF11:
 1281 02df 696E7433 		.ascii	"int32_t\000"
 1281      325F7400 
 1282              	.LASF13:
 1283 02e7 5F426F6F 		.ascii	"_Bool\000"
 1283      6C00
 1284              	.LASF23:
 1285 02ed 43504943 		.ascii	"CPICNT\000"
 1285      4E5400
 1286              	.LASF57:
 1287 02f4 41484232 		.ascii	"AHB2LPENR\000"
 1287      4C50454E 
 1287      5200
 1288              	.LASF77:
 1289 02fe 646D6149 		.ascii	"dmaInit\000"
 1289      6E697400 
 1290              	.LASF45:
 1291 0306 52455345 		.ascii	"RESERVED0\000"
 1291      52564544 
 1291      3000
 1292              	.LASF72:
 1293 0310 2F686F6D 		.ascii	"/home/makkmarci/devel/ChibiOS_2.6.5/projects/STM32F"
 1293      652F6D61 
 1293      6B6B6D61 
 1293      7263692F 
 1293      64657665 
ARM GAS  /tmp/cc4I2MvV.s 			page 26


 1294 0343 345F4368 		.ascii	"4_ChibiOS_uGFX/\000"
 1294      6962694F 
 1294      535F7547 
 1294      46582F00 
 1295              	.LASF52:
 1296 0353 52455345 		.ascii	"RESERVED2\000"
 1296      52564544 
 1296      3200
 1297              	.LASF55:
 1298 035d 52455345 		.ascii	"RESERVED3\000"
 1298      52564544 
 1298      3300
 1299              	.LASF59:
 1300 0367 52455345 		.ascii	"RESERVED4\000"
 1300      52564544 
 1300      3400
 1301              	.LASF62:
 1302 0371 52455345 		.ascii	"RESERVED5\000"
 1302      52564544 
 1302      3500
 1303              	.LASF64:
 1304 037b 52455345 		.ascii	"RESERVED6\000"
 1304      52564544 
 1304      3600
 1305              	.LASF25:
 1306 0385 534C4545 		.ascii	"SLEEPCNT\000"
 1306      50434E54 
 1306      00
 1307              	.LASF71:
 1308 038e 2E2E2F2E 		.ascii	"../../os/hal/platforms/STM32F4xx/hal_lld.c\000"
>>>>>>> 679f4fcaa8fcfa8858edaa85dc6fc99552e35e43
 1308      2E2F6F73 
 1308      2F68616C 
 1308      2F706C61 
 1308      74666F72 
 1309              	.LASF6:
<<<<<<< HEAD
 1310 03b4 5F5F696E 		.ascii	"__int32_t\000"
 1310      7433325F 
 1310      7400
 1311              	.LASF26:
 1312 03be 4C535543 		.ascii	"LSUCNT\000"
 1312      4E5400
 1313              	.LASF31:
 1314 03c5 4C4F4144 		.ascii	"LOAD\000"
 1314      00
 1315              	.LASF49:
 1316 03ca 41484231 		.ascii	"AHB1ENR\000"
 1316      454E5200 
 1317              	.LASF44:
 1318 03d2 41484233 		.ascii	"AHB3RSTR\000"
 1318      52535452 
 1318      00
 1319              	.LASF38:
 1320 03db 464C4153 		.ascii	"FLASH_TypeDef\000"
=======
 1310 03b9 5F5F696E 		.ascii	"__int32_t\000"
 1310      7433325F 
 1310      7400
 1311              	.LASF26:
 1312 03c3 4C535543 		.ascii	"LSUCNT\000"
 1312      4E5400
 1313              	.LASF31:
 1314 03ca 4C4F4144 		.ascii	"LOAD\000"
 1314      00
 1315              	.LASF49:
 1316 03cf 41484231 		.ascii	"AHB1ENR\000"
 1316      454E5200 
 1317              	.LASF44:
 1318 03d7 41484233 		.ascii	"AHB3RSTR\000"
 1318      52535452 
 1318      00
 1319              	.LASF38:
 1320 03e0 464C4153 		.ascii	"FLASH_TypeDef\000"
>>>>>>> 679f4fcaa8fcfa8858edaa85dc6fc99552e35e43
 1320      485F5479 
 1320      70654465 
 1320      6600
 1321              	.LASF76:
<<<<<<< HEAD
 1322 03e9 49544D5F 		.ascii	"ITM_RxBuffer\000"
ARM GAS  /tmp/ccLt3Jbl.s 			page 27


=======
ARM GAS  /tmp/cc4I2MvV.s 			page 27


 1322 03ee 49544D5F 		.ascii	"ITM_RxBuffer\000"
>>>>>>> 679f4fcaa8fcfa8858edaa85dc6fc99552e35e43
 1322      52784275 
 1322      66666572 
 1322      00
 1323              	.LASF67:
<<<<<<< HEAD
 1324 03f6 504C4C53 		.ascii	"PLLSAICFGR\000"
 1324      41494346 
 1324      475200
 1325              	.LASF61:
 1326 0401 41504232 		.ascii	"APB2LPENR\000"
 1326      4C50454E 
 1326      5200
 1327              	.LASF36:
 1328 040b 4F505443 		.ascii	"OPTCR\000"
 1328      5200
 1329              		.ident	"GCC: (GNU Tools for ARM Embedded Processors) 4.8.4 20140526 (release) [ARM/embedded-4_8-br
ARM GAS  /tmp/ccLt3Jbl.s 			page 28
=======
 1324 03fb 504C4C53 		.ascii	"PLLSAICFGR\000"
 1324      41494346 
 1324      475200
 1325              	.LASF61:
 1326 0406 41504232 		.ascii	"APB2LPENR\000"
 1326      4C50454E 
 1326      5200
 1327              	.LASF36:
 1328 0410 4F505443 		.ascii	"OPTCR\000"
 1328      5200
 1329              		.ident	"GCC: (GNU Tools for ARM Embedded Processors) 4.8.4 20140526 (release) [ARM/embedded-4_8-br
ARM GAS  /tmp/cc4I2MvV.s 			page 28
>>>>>>> 679f4fcaa8fcfa8858edaa85dc6fc99552e35e43


DEFINED SYMBOLS
                            *ABS*:00000000 hal_lld.c
<<<<<<< HEAD
     /tmp/ccLt3Jbl.s:19     .text.hal_lld_init:00000000 $t
     /tmp/ccLt3Jbl.s:25     .text.hal_lld_init:00000000 hal_lld_init
     /tmp/ccLt3Jbl.s:131    .text.hal_lld_init:00000088 $d
     /tmp/ccLt3Jbl.s:141    .text.stm32_clock_init:00000000 $t
     /tmp/ccLt3Jbl.s:147    .text.stm32_clock_init:00000000 stm32_clock_init
     /tmp/ccLt3Jbl.s:271    .text.stm32_clock_init:000000b0 $d
                     .debug_frame:00000010 $d
     /tmp/ccLt3Jbl.s:279    .text.stm32_clock_init:000000c4 $t
=======
     /tmp/cc4I2MvV.s:19     .text.hal_lld_init:00000000 $t
     /tmp/cc4I2MvV.s:25     .text.hal_lld_init:00000000 hal_lld_init
     /tmp/cc4I2MvV.s:131    .text.hal_lld_init:00000088 $d
     /tmp/cc4I2MvV.s:141    .text.stm32_clock_init:00000000 $t
     /tmp/cc4I2MvV.s:147    .text.stm32_clock_init:00000000 stm32_clock_init
     /tmp/cc4I2MvV.s:271    .text.stm32_clock_init:000000b0 $d
                     .debug_frame:00000010 $d
     /tmp/cc4I2MvV.s:279    .text.stm32_clock_init:000000c4 $t
>>>>>>> 679f4fcaa8fcfa8858edaa85dc6fc99552e35e43

UNDEFINED SYMBOLS
dmaInit
